Assuming unrestricted shared filesystem usage.
None
host: compute-0-6.local
Building DAG of jobs...
Need to rerun job all because job process_top_kmers has to be rerun.
: False 1
/home/toriowo/SNAKEMAKE/SexDetermination_snakemake/haplome_one_results/kmer_gwas/RhinePhoxinus/top001/assoc_kmers_presab.txt /home/toriowo/SNAKEMAKE/SexDetermination_snakemake/haplome_one_results/kmer_gwas/RhinePhoxinus/top001/plink_abyss_input.txt /home/toriowo/SNAKEMAKE/SexDetermination_snakemake/haplome_one_results/kmer_gwas/RhinePhoxinus/top001/plink_abyss_output.txt /home/toriowo/SNAKEMAKE/SexDetermination_snakemake/haplome_one_results/kmer_gwas/RhinePhoxinus/top001/blast/kmers_blast.out /home/toriowo/SNAKEMAKE/SexDetermination_snakemake/haplome_one_results/kmer_gwas/RhinePhoxinus/top001/blast/mean_contig_len: True 0
shared_storage_local_copies: True
remote_exec: False
Submitting maximum 100 job(s) over 1.0 second(s).
Using shell: /bin/bash
Provided cores: 20
Rules claiming more threads will be scaled down.
Conda environments: ignored
Job stats:
job                  count
-----------------  -------
all                      1
process_top_kmers        1
total                    2

Resources before job selection: {'_cores': 20, '_nodes': 9223372036854775807, '_job_count': 9223372036854775807}
Ready jobs: 1
Select jobs to execute...
Selecting jobs to run using greedy solver.
Selected jobs: 1
Resources after job selection: {'_cores': 4, '_nodes': 9223372036854775806, '_job_count': 100}
Execute 1 jobs...
[Sun Jul 20 23:04:14 2025]
localrule process_top_kmers:
    input: /home/toriowo/SNAKEMAKE/SexDetermination_snakemake/haplome_one_results/kmer_gwas/RhinePhoxinus/top001/top0.01perc_assoc.tab, /home/toriowo/SNAKEMAKE/SexDetermination_snakemake/haplome_one_results/kmer_gwas/RhinePhoxinus/top001/most_assoc_kmers.list
    output: /home/toriowo/SNAKEMAKE/SexDetermination_snakemake/haplome_one_results/kmer_gwas/RhinePhoxinus/top001/assoc_kmers_presab.txt, /home/toriowo/SNAKEMAKE/SexDetermination_snakemake/haplome_one_results/kmer_gwas/RhinePhoxinus/top001/plink_abyss_input.txt, /home/toriowo/SNAKEMAKE/SexDetermination_snakemake/haplome_one_results/kmer_gwas/RhinePhoxinus/top001/plink_abyss_output.txt, /home/toriowo/SNAKEMAKE/SexDetermination_snakemake/haplome_one_results/kmer_gwas/RhinePhoxinus/top001/blast/kmers_blast.out, /home/toriowo/SNAKEMAKE/SexDetermination_snakemake/haplome_one_results/kmer_gwas/RhinePhoxinus/top001/blast/mean_contig_len
    jobid: 1
    reason: Missing output files: /home/toriowo/SNAKEMAKE/SexDetermination_snakemake/haplome_one_results/kmer_gwas/RhinePhoxinus/top001/blast/kmers_blast.out; Code has changed since last execution
    threads: 16
    resources: tmpdir=/tmp/1974863.1.large.q
Shell command: 
        cd /home/toriowo/SNAKEMAKE/SexDetermination_snakemake/haplome_one_results/kmer_gwas/RhinePhoxinus

        /share/pool/CompGenomVert/Applications/kmersGWAS/bin/filter_kmers -t /home/toriowo/SNAKEMAKE/SexDetermination_snakemake/haplome_one_results/kmer_gwas/RhinePhoxinus/kmers_table -k /home/toriowo/SNAKEMAKE/SexDetermination_snakemake/haplome_one_results/kmer_gwas/RhinePhoxinus/top001/most_assoc_kmers.list -o /home/toriowo/SNAKEMAKE/SexDetermination_snakemake/haplome_one_results/kmer_gwas/RhinePhoxinus/top001/assoc_kmers_presab.txt

        python /share/pool/CompGenomVert/sexchromcichlids_popdata/scripts/SexFindR/plink_to_abyss_kmers.py             /home/toriowo/SNAKEMAKE/SexDetermination_snakemake/haplome_one_results/kmer_gwas/RhinePhoxinus/top001/top0.01perc_assoc.tab /home/toriowo/SNAKEMAKE/SexDetermination_snakemake/haplome_one_results/kmer_gwas/RhinePhoxinus/top001/plink_abyss_input.txt

        ABYSS -k25 -c0 -e0 /home/toriowo/SNAKEMAKE/SexDetermination_snakemake/haplome_one_results/kmer_gwas/RhinePhoxinus/top001/plink_abyss_input.txt -o /home/toriowo/SNAKEMAKE/SexDetermination_snakemake/haplome_one_results/kmer_gwas/RhinePhoxinus/top001/plink_abyss_output.txt

        makeblastdb -in /home/toriowo/Projects/Phoxy_popgen/Final_Phoxy_1_rearranged.fasta -dbtype nucl

        blastn -query /home/toriowo/SNAKEMAKE/SexDetermination_snakemake/haplome_one_results/kmer_gwas/RhinePhoxinus/top001/plink_abyss_output.txt -db /home/toriowo/Projects/Phoxy_popgen/Final_Phoxy_1_rearranged.fasta -outfmt 6 -out /home/toriowo/SNAKEMAKE/SexDetermination_snakemake/haplome_one_results/kmer_gwas/RhinePhoxinus/top001/blast/kmers_blast.out

        cat /home/toriowo/SNAKEMAKE/SexDetermination_snakemake/haplome_one_results/kmer_gwas/RhinePhoxinus/top001/plink_abyss_output.txt | grep ">*" | cut -f 2 -d " " -s > /home/toriowo/SNAKEMAKE/SexDetermination_snakemake/haplome_one_results/kmer_gwas/RhinePhoxinus/top001/blast/mean_contig_len
        
Waiting for running jobs to complete.
[Sun Jul 20 23:10:47 2025]
Finished jobid: 1 (Rule: process_top_kmers)
1 of 2 steps (50%) done
: True 0
Resources before job selection: {'_cores': 20, '_nodes': 9223372036854775807, '_job_count': 100}
Ready jobs: 1
Select jobs to execute...
Selecting jobs to run using greedy solver.
Selected jobs: 1
Resources after job selection: {'_cores': 19, '_nodes': 9223372036854775806, '_job_count': 100}
Execute 1 jobs...
[Sun Jul 20 23:10:47 2025]
localrule all:
    input: /home/toriowo/SNAKEMAKE/SexDetermination_snakemake/haplome_one_results/kmer_gwas/RhinePhoxinus/top001/top0.01perc_assoc.tab, /home/toriowo/SNAKEMAKE/SexDetermination_snakemake/haplome_one_results/kmer_gwas/RhinePhoxinus/top001/most_assoc_kmers.list, /home/toriowo/SNAKEMAKE/SexDetermination_snakemake/haplome_one_results/kmer_gwas/RhinePhoxinus/top001/blast/kmers_blast.out
    jobid: 0
    reason: Input files updated by another job: /home/toriowo/SNAKEMAKE/SexDetermination_snakemake/haplome_one_results/kmer_gwas/RhinePhoxinus/top001/blast/kmers_blast.out
    resources: tmpdir=/tmp/1974863.1.large.q
Shell command: None
Waiting for running jobs to complete.
[Sun Jul 20 23:10:47 2025]
Finished jobid: 0 (Rule: all)
2 of 2 steps (100%) done
Complete log(s): /home/toriowo/Snakemake_projects/sexfindr-snakemake/k-mer-based-analyses/.snakemake/log/2025-07-20T230414.457796.snakemake.log
unlocking
removing lock
removing lock
removed all locks
