Assuming unrestricted shared filesystem usage.
None
host: compute-0-3.local
Building DAG of jobs...
Need to rerun job all because job kmc has to be rerun.
Need to rerun job all because job kmc has to be rerun.
Need to rerun job kmc because of missing output required by all.
Need to rerun job kmc because of missing output required by all.
Need to rerun job kmc because of missing output required by all.
Need to rerun job kmc because of missing output required by all.
Need to rerun job kmc because of missing output required by all.
Need to rerun job kmc because of missing output required by all.
Need to rerun job kmc because of missing output required by all.
Need to rerun job kmc because of missing output required by all.
Need to rerun job kmc because of missing output required by all.
Need to rerun job kmc because of missing output required by all.
Need to rerun job kmc because of missing output required by all.
Need to rerun job kmc because of missing output required by all.
Need to rerun job kmc because of missing output required by all.
Need to rerun job kmc because of missing output required by all.
Need to rerun job kmc because of missing output required by all.
Need to rerun job kmc because of missing output required by all.
Need to rerun job kmc because of missing output required by all.
Need to rerun job kmc because of missing output required by all.
Need to rerun job kmc because of missing output required by all.
Need to rerun job kmc because of missing output required by all.
Need to rerun job kmc because of missing output required by all.
Need to rerun job kmc because of missing output required by all.
Need to rerun job kmc because of missing output required by all.
Need to rerun job kmc because of missing output required by all.
Need to rerun job all because job kmc has to be rerun.
Need to rerun job all because job kmc has to be rerun.
Need to rerun job all because job kmc has to be rerun.
Need to rerun job all because job kmc has to be rerun.
Need to rerun job all because job kmc has to be rerun.
Need to rerun job all because job kmc has to be rerun.
Need to rerun job all because job kmc has to be rerun.
Need to rerun job all because job kmc has to be rerun.
Need to rerun job all because job kmc has to be rerun.
Need to rerun job all because job kmc has to be rerun.
Need to rerun job all because job kmc has to be rerun.
Need to rerun job all because job kmc has to be rerun.
Need to rerun job all because job kmc has to be rerun.
Need to rerun job all because job kmc has to be rerun.
Need to rerun job all because job kmc has to be rerun.
Need to rerun job all because job kmc has to be rerun.
Need to rerun job all because job kmc has to be rerun.
Need to rerun job all because job kmc has to be rerun.
Need to rerun job all because job kmc has to be rerun.
Need to rerun job all because job kmc has to be rerun.
Need to rerun job all because job kmc has to be rerun.
Need to rerun job all because job kmc has to be rerun.
Need to rerun job all because job kmc has to be rerun.
Need to rerun job all because job kmc has to be rerun.
/share/pool/toriowo/Resources/Sex_Determination/kmerGwas/results/RhinePhoxinus/ZFMK-TIS-80142/output_kmc_canon.kmc_pre /share/pool/toriowo/Resources/Sex_Determination/kmerGwas/results/RhinePhoxinus/ZFMK-TIS-80142/output_kmc_canon.kmc_suf /share/pool/toriowo/Resources/Sex_Determination/kmerGwas/results/RhinePhoxinus/ZFMK-TIS-80142/output_kmc_all.kmc_pre /share/pool/toriowo/Resources/Sex_Determination/kmerGwas/results/RhinePhoxinus/ZFMK-TIS-80142/output_kmc_all.kmc_suf: True 0
/share/pool/toriowo/Resources/Sex_Determination/kmerGwas/results/RhinePhoxinus/ZFMK-TIS-66363/output_kmc_canon.kmc_pre /share/pool/toriowo/Resources/Sex_Determination/kmerGwas/results/RhinePhoxinus/ZFMK-TIS-66363/output_kmc_canon.kmc_suf /share/pool/toriowo/Resources/Sex_Determination/kmerGwas/results/RhinePhoxinus/ZFMK-TIS-66363/output_kmc_all.kmc_pre /share/pool/toriowo/Resources/Sex_Determination/kmerGwas/results/RhinePhoxinus/ZFMK-TIS-66363/output_kmc_all.kmc_suf: True 0
/share/pool/toriowo/Resources/Sex_Determination/kmerGwas/results/RhinePhoxinus/ZFMK-TIS-65468/output_kmc_canon.kmc_pre /share/pool/toriowo/Resources/Sex_Determination/kmerGwas/results/RhinePhoxinus/ZFMK-TIS-65468/output_kmc_canon.kmc_suf /share/pool/toriowo/Resources/Sex_Determination/kmerGwas/results/RhinePhoxinus/ZFMK-TIS-65468/output_kmc_all.kmc_pre /share/pool/toriowo/Resources/Sex_Determination/kmerGwas/results/RhinePhoxinus/ZFMK-TIS-65468/output_kmc_all.kmc_suf: True 0
/share/pool/toriowo/Resources/Sex_Determination/kmerGwas/results/RhinePhoxinus/ZFMK-TIS-65414/output_kmc_canon.kmc_pre /share/pool/toriowo/Resources/Sex_Determination/kmerGwas/results/RhinePhoxinus/ZFMK-TIS-65414/output_kmc_canon.kmc_suf /share/pool/toriowo/Resources/Sex_Determination/kmerGwas/results/RhinePhoxinus/ZFMK-TIS-65414/output_kmc_all.kmc_pre /share/pool/toriowo/Resources/Sex_Determination/kmerGwas/results/RhinePhoxinus/ZFMK-TIS-65414/output_kmc_all.kmc_suf: True 0
/share/pool/toriowo/Resources/Sex_Determination/kmerGwas/results/RhinePhoxinus/ZFMK-TIS-66100/output_kmc_canon.kmc_pre /share/pool/toriowo/Resources/Sex_Determination/kmerGwas/results/RhinePhoxinus/ZFMK-TIS-66100/output_kmc_canon.kmc_suf /share/pool/toriowo/Resources/Sex_Determination/kmerGwas/results/RhinePhoxinus/ZFMK-TIS-66100/output_kmc_all.kmc_pre /share/pool/toriowo/Resources/Sex_Determination/kmerGwas/results/RhinePhoxinus/ZFMK-TIS-66100/output_kmc_all.kmc_suf: True 0
/share/pool/toriowo/Resources/Sex_Determination/kmerGwas/results/RhinePhoxinus/ZFMK-TIS-66047/output_kmc_canon.kmc_pre /share/pool/toriowo/Resources/Sex_Determination/kmerGwas/results/RhinePhoxinus/ZFMK-TIS-66047/output_kmc_canon.kmc_suf /share/pool/toriowo/Resources/Sex_Determination/kmerGwas/results/RhinePhoxinus/ZFMK-TIS-66047/output_kmc_all.kmc_pre /share/pool/toriowo/Resources/Sex_Determination/kmerGwas/results/RhinePhoxinus/ZFMK-TIS-66047/output_kmc_all.kmc_suf: True 0
/share/pool/toriowo/Resources/Sex_Determination/kmerGwas/results/RhinePhoxinus/ZFMK-TIS-66086/output_kmc_canon.kmc_pre /share/pool/toriowo/Resources/Sex_Determination/kmerGwas/results/RhinePhoxinus/ZFMK-TIS-66086/output_kmc_canon.kmc_suf /share/pool/toriowo/Resources/Sex_Determination/kmerGwas/results/RhinePhoxinus/ZFMK-TIS-66086/output_kmc_all.kmc_pre /share/pool/toriowo/Resources/Sex_Determination/kmerGwas/results/RhinePhoxinus/ZFMK-TIS-66086/output_kmc_all.kmc_suf: True 0
/share/pool/toriowo/Resources/Sex_Determination/kmerGwas/results/RhinePhoxinus/ZFMK-TIS-66114/output_kmc_canon.kmc_pre /share/pool/toriowo/Resources/Sex_Determination/kmerGwas/results/RhinePhoxinus/ZFMK-TIS-66114/output_kmc_canon.kmc_suf /share/pool/toriowo/Resources/Sex_Determination/kmerGwas/results/RhinePhoxinus/ZFMK-TIS-66114/output_kmc_all.kmc_pre /share/pool/toriowo/Resources/Sex_Determination/kmerGwas/results/RhinePhoxinus/ZFMK-TIS-66114/output_kmc_all.kmc_suf: True 0
/share/pool/toriowo/Resources/Sex_Determination/kmerGwas/results/RhinePhoxinus/ZFMK-TIS-65486/output_kmc_canon.kmc_pre /share/pool/toriowo/Resources/Sex_Determination/kmerGwas/results/RhinePhoxinus/ZFMK-TIS-65486/output_kmc_canon.kmc_suf /share/pool/toriowo/Resources/Sex_Determination/kmerGwas/results/RhinePhoxinus/ZFMK-TIS-65486/output_kmc_all.kmc_pre /share/pool/toriowo/Resources/Sex_Determination/kmerGwas/results/RhinePhoxinus/ZFMK-TIS-65486/output_kmc_all.kmc_suf: True 0
/share/pool/toriowo/Resources/Sex_Determination/kmerGwas/results/RhinePhoxinus/ZFMK-TIS-66357/output_kmc_canon.kmc_pre /share/pool/toriowo/Resources/Sex_Determination/kmerGwas/results/RhinePhoxinus/ZFMK-TIS-66357/output_kmc_canon.kmc_suf /share/pool/toriowo/Resources/Sex_Determination/kmerGwas/results/RhinePhoxinus/ZFMK-TIS-66357/output_kmc_all.kmc_pre /share/pool/toriowo/Resources/Sex_Determination/kmerGwas/results/RhinePhoxinus/ZFMK-TIS-66357/output_kmc_all.kmc_suf: True 0
/share/pool/toriowo/Resources/Sex_Determination/kmerGwas/results/RhinePhoxinus/ZFMK-TIS-65487/output_kmc_canon.kmc_pre /share/pool/toriowo/Resources/Sex_Determination/kmerGwas/results/RhinePhoxinus/ZFMK-TIS-65487/output_kmc_canon.kmc_suf /share/pool/toriowo/Resources/Sex_Determination/kmerGwas/results/RhinePhoxinus/ZFMK-TIS-65487/output_kmc_all.kmc_pre /share/pool/toriowo/Resources/Sex_Determination/kmerGwas/results/RhinePhoxinus/ZFMK-TIS-65487/output_kmc_all.kmc_suf: True 0
/share/pool/toriowo/Resources/Sex_Determination/kmerGwas/results/RhinePhoxinus/ZFMK-TIS-66094/output_kmc_canon.kmc_pre /share/pool/toriowo/Resources/Sex_Determination/kmerGwas/results/RhinePhoxinus/ZFMK-TIS-66094/output_kmc_canon.kmc_suf /share/pool/toriowo/Resources/Sex_Determination/kmerGwas/results/RhinePhoxinus/ZFMK-TIS-66094/output_kmc_all.kmc_pre /share/pool/toriowo/Resources/Sex_Determination/kmerGwas/results/RhinePhoxinus/ZFMK-TIS-66094/output_kmc_all.kmc_suf: True 0
/share/pool/toriowo/Resources/Sex_Determination/kmerGwas/results/RhinePhoxinus/ZFMK-TIS-66336/output_kmc_canon.kmc_pre /share/pool/toriowo/Resources/Sex_Determination/kmerGwas/results/RhinePhoxinus/ZFMK-TIS-66336/output_kmc_canon.kmc_suf /share/pool/toriowo/Resources/Sex_Determination/kmerGwas/results/RhinePhoxinus/ZFMK-TIS-66336/output_kmc_all.kmc_pre /share/pool/toriowo/Resources/Sex_Determination/kmerGwas/results/RhinePhoxinus/ZFMK-TIS-66336/output_kmc_all.kmc_suf: True 0
/share/pool/toriowo/Resources/Sex_Determination/kmerGwas/results/RhinePhoxinus/ZFMK-TIS-66031/output_kmc_canon.kmc_pre /share/pool/toriowo/Resources/Sex_Determination/kmerGwas/results/RhinePhoxinus/ZFMK-TIS-66031/output_kmc_canon.kmc_suf /share/pool/toriowo/Resources/Sex_Determination/kmerGwas/results/RhinePhoxinus/ZFMK-TIS-66031/output_kmc_all.kmc_pre /share/pool/toriowo/Resources/Sex_Determination/kmerGwas/results/RhinePhoxinus/ZFMK-TIS-66031/output_kmc_all.kmc_suf: True 0
/share/pool/toriowo/Resources/Sex_Determination/kmerGwas/results/RhinePhoxinus/ZFMK-TIS-80141/output_kmc_canon.kmc_pre /share/pool/toriowo/Resources/Sex_Determination/kmerGwas/results/RhinePhoxinus/ZFMK-TIS-80141/output_kmc_canon.kmc_suf /share/pool/toriowo/Resources/Sex_Determination/kmerGwas/results/RhinePhoxinus/ZFMK-TIS-80141/output_kmc_all.kmc_pre /share/pool/toriowo/Resources/Sex_Determination/kmerGwas/results/RhinePhoxinus/ZFMK-TIS-80141/output_kmc_all.kmc_suf: True 0
/share/pool/toriowo/Resources/Sex_Determination/kmerGwas/results/RhinePhoxinus/ZFMK-TIS-66168/output_kmc_canon.kmc_pre /share/pool/toriowo/Resources/Sex_Determination/kmerGwas/results/RhinePhoxinus/ZFMK-TIS-66168/output_kmc_canon.kmc_suf /share/pool/toriowo/Resources/Sex_Determination/kmerGwas/results/RhinePhoxinus/ZFMK-TIS-66168/output_kmc_all.kmc_pre /share/pool/toriowo/Resources/Sex_Determination/kmerGwas/results/RhinePhoxinus/ZFMK-TIS-66168/output_kmc_all.kmc_suf: True 0
/share/pool/toriowo/Resources/Sex_Determination/kmerGwas/results/RhinePhoxinus/ZFMK-TIS-80150/output_kmc_canon.kmc_pre /share/pool/toriowo/Resources/Sex_Determination/kmerGwas/results/RhinePhoxinus/ZFMK-TIS-80150/output_kmc_canon.kmc_suf /share/pool/toriowo/Resources/Sex_Determination/kmerGwas/results/RhinePhoxinus/ZFMK-TIS-80150/output_kmc_all.kmc_pre /share/pool/toriowo/Resources/Sex_Determination/kmerGwas/results/RhinePhoxinus/ZFMK-TIS-80150/output_kmc_all.kmc_suf: True 0
/share/pool/toriowo/Resources/Sex_Determination/kmerGwas/results/RhinePhoxinus/ZFMK-TIS-80124/output_kmc_canon.kmc_pre /share/pool/toriowo/Resources/Sex_Determination/kmerGwas/results/RhinePhoxinus/ZFMK-TIS-80124/output_kmc_canon.kmc_suf /share/pool/toriowo/Resources/Sex_Determination/kmerGwas/results/RhinePhoxinus/ZFMK-TIS-80124/output_kmc_all.kmc_pre /share/pool/toriowo/Resources/Sex_Determination/kmerGwas/results/RhinePhoxinus/ZFMK-TIS-80124/output_kmc_all.kmc_suf: True 0
/share/pool/toriowo/Resources/Sex_Determination/kmerGwas/results/RhinePhoxinus/ZFMK-TIS-65499/output_kmc_canon.kmc_pre /share/pool/toriowo/Resources/Sex_Determination/kmerGwas/results/RhinePhoxinus/ZFMK-TIS-65499/output_kmc_canon.kmc_suf /share/pool/toriowo/Resources/Sex_Determination/kmerGwas/results/RhinePhoxinus/ZFMK-TIS-65499/output_kmc_all.kmc_pre /share/pool/toriowo/Resources/Sex_Determination/kmerGwas/results/RhinePhoxinus/ZFMK-TIS-65499/output_kmc_all.kmc_suf: True 0
/share/pool/toriowo/Resources/Sex_Determination/kmerGwas/results/RhinePhoxinus/ZFMK-TIS-80148/output_kmc_canon.kmc_pre /share/pool/toriowo/Resources/Sex_Determination/kmerGwas/results/RhinePhoxinus/ZFMK-TIS-80148/output_kmc_canon.kmc_suf /share/pool/toriowo/Resources/Sex_Determination/kmerGwas/results/RhinePhoxinus/ZFMK-TIS-80148/output_kmc_all.kmc_pre /share/pool/toriowo/Resources/Sex_Determination/kmerGwas/results/RhinePhoxinus/ZFMK-TIS-80148/output_kmc_all.kmc_suf: True 0
/share/pool/toriowo/Resources/Sex_Determination/kmerGwas/results/RhinePhoxinus/ZFMK-TIS-80125/output_kmc_canon.kmc_pre /share/pool/toriowo/Resources/Sex_Determination/kmerGwas/results/RhinePhoxinus/ZFMK-TIS-80125/output_kmc_canon.kmc_suf /share/pool/toriowo/Resources/Sex_Determination/kmerGwas/results/RhinePhoxinus/ZFMK-TIS-80125/output_kmc_all.kmc_pre /share/pool/toriowo/Resources/Sex_Determination/kmerGwas/results/RhinePhoxinus/ZFMK-TIS-80125/output_kmc_all.kmc_suf: True 0
/share/pool/toriowo/Resources/Sex_Determination/kmerGwas/results/RhinePhoxinus/ZFMK-TIS-66030/output_kmc_canon.kmc_pre /share/pool/toriowo/Resources/Sex_Determination/kmerGwas/results/RhinePhoxinus/ZFMK-TIS-66030/output_kmc_canon.kmc_suf /share/pool/toriowo/Resources/Sex_Determination/kmerGwas/results/RhinePhoxinus/ZFMK-TIS-66030/output_kmc_all.kmc_pre /share/pool/toriowo/Resources/Sex_Determination/kmerGwas/results/RhinePhoxinus/ZFMK-TIS-66030/output_kmc_all.kmc_suf: True 0
: False 26
/share/pool/toriowo/Resources/Sex_Determination/kmerGwas/results/RhinePhoxinus/ZFMK-TIS-66172/output_kmc_canon.kmc_pre /share/pool/toriowo/Resources/Sex_Determination/kmerGwas/results/RhinePhoxinus/ZFMK-TIS-66172/output_kmc_canon.kmc_suf /share/pool/toriowo/Resources/Sex_Determination/kmerGwas/results/RhinePhoxinus/ZFMK-TIS-66172/output_kmc_all.kmc_pre /share/pool/toriowo/Resources/Sex_Determination/kmerGwas/results/RhinePhoxinus/ZFMK-TIS-66172/output_kmc_all.kmc_suf: True 0
/share/pool/toriowo/Resources/Sex_Determination/kmerGwas/results/RhinePhoxinus/ZFMK-TIS-66058/output_kmc_canon.kmc_pre /share/pool/toriowo/Resources/Sex_Determination/kmerGwas/results/RhinePhoxinus/ZFMK-TIS-66058/output_kmc_canon.kmc_suf /share/pool/toriowo/Resources/Sex_Determination/kmerGwas/results/RhinePhoxinus/ZFMK-TIS-66058/output_kmc_all.kmc_pre /share/pool/toriowo/Resources/Sex_Determination/kmerGwas/results/RhinePhoxinus/ZFMK-TIS-66058/output_kmc_all.kmc_suf: True 0
/share/pool/toriowo/Resources/Sex_Determination/kmerGwas/results/RhinePhoxinus/ZFMK-TIS-66201/output_kmc_canon.kmc_pre /share/pool/toriowo/Resources/Sex_Determination/kmerGwas/results/RhinePhoxinus/ZFMK-TIS-66201/output_kmc_canon.kmc_suf /share/pool/toriowo/Resources/Sex_Determination/kmerGwas/results/RhinePhoxinus/ZFMK-TIS-66201/output_kmc_all.kmc_pre /share/pool/toriowo/Resources/Sex_Determination/kmerGwas/results/RhinePhoxinus/ZFMK-TIS-66201/output_kmc_all.kmc_suf: True 0
/share/pool/toriowo/Resources/Sex_Determination/kmerGwas/results/RhinePhoxinus/ZFMK-TIS-66046/output_kmc_canon.kmc_pre /share/pool/toriowo/Resources/Sex_Determination/kmerGwas/results/RhinePhoxinus/ZFMK-TIS-66046/output_kmc_canon.kmc_suf /share/pool/toriowo/Resources/Sex_Determination/kmerGwas/results/RhinePhoxinus/ZFMK-TIS-66046/output_kmc_all.kmc_pre /share/pool/toriowo/Resources/Sex_Determination/kmerGwas/results/RhinePhoxinus/ZFMK-TIS-66046/output_kmc_all.kmc_suf: True 0
shared_storage_local_copies: True
remote_exec: False
Submitting maximum 100 job(s) over 1.0 second(s).
Using shell: /bin/bash
Provided cores: 20
Rules claiming more threads will be scaled down.
Job stats:
job      count
-----  -------
all          1
kmc         26
total       27

Resources before job selection: {'_cores': 20, '_nodes': 9223372036854775807, '_job_count': 9223372036854775807}
Ready jobs: 26
Select jobs to execute...
Selected jobs: 2
Resources after job selection: {'_cores': 4, '_nodes': 9223372036854775805, '_job_count': 100}
Execute 2 jobs...
[Wed Jul 23 22:23:35 2025]
localrule kmc:
    input: /share/pool/toriowo/Resources/Sex_Determination/kmerGwas/results/RhinePhoxinus/ZFMK-TIS-66357/ZFMK-TIS-66357_1.fq.gz, /share/pool/toriowo/Resources/Sex_Determination/kmerGwas/results/RhinePhoxinus/ZFMK-TIS-66357/ZFMK-TIS-66357_2.fq.gz
    output: /share/pool/toriowo/Resources/Sex_Determination/kmerGwas/results/RhinePhoxinus/ZFMK-TIS-66357/output_kmc_canon.kmc_pre, /share/pool/toriowo/Resources/Sex_Determination/kmerGwas/results/RhinePhoxinus/ZFMK-TIS-66357/output_kmc_canon.kmc_suf, /share/pool/toriowo/Resources/Sex_Determination/kmerGwas/results/RhinePhoxinus/ZFMK-TIS-66357/output_kmc_all.kmc_pre, /share/pool/toriowo/Resources/Sex_Determination/kmerGwas/results/RhinePhoxinus/ZFMK-TIS-66357/output_kmc_all.kmc_suf
    log: /share/pool/toriowo/Resources/Sex_Determination/kmerGwas/results/RhinePhoxinus/ZFMK-TIS-66357/kmc.log
    jobid: 2
    reason: Missing output files: /share/pool/toriowo/Resources/Sex_Determination/kmerGwas/results/RhinePhoxinus/ZFMK-TIS-66357/output_kmc_all.kmc_pre, /share/pool/toriowo/Resources/Sex_Determination/kmerGwas/results/RhinePhoxinus/ZFMK-TIS-66357/output_kmc_canon.kmc_pre
    wildcards: sample=ZFMK-TIS-66357
    threads: 8
    resources: tmpdir=/tmp/1975359.1.medium.q
Shell command: 
        set -euo pipefail

        cd "/share/pool/toriowo/Resources/Sex_Determination/kmerGwas/results/RhinePhoxinus/ZFMK-TIS-66357"

        # Create a file listing input FASTQs
        printf "%s\n%s\n" "/share/pool/toriowo/Resources/Sex_Determination/kmerGwas/results/RhinePhoxinus/ZFMK-TIS-66357/ZFMK-TIS-66357_1.fq.gz" "/share/pool/toriowo/Resources/Sex_Determination/kmerGwas/results/RhinePhoxinus/ZFMK-TIS-66357/ZFMK-TIS-66357_2.fq.gz" > input_files.txt

        # Run KMC for canonical kmers
        kmc -t 8 -k 31 -ci2 @input_files.txt output_kmc_canon ./tmp &>> /share/pool/toriowo/Resources/Sex_Determination/kmerGwas/results/RhinePhoxinus/ZFMK-TIS-66357/kmc.log

        # Run KMC for all kmers (including non-canonical)
        kmc -t 8 -k 31 -ci0 -b @input_files.txt output_kmc_all ./tmp &>> /share/pool/toriowo/Resources/Sex_Determination/kmerGwas/results/RhinePhoxinus/ZFMK-TIS-66357/kmc.log
        
[Wed Jul 23 22:23:35 2025]
localrule kmc:
    input: /share/pool/toriowo/Resources/Sex_Determination/kmerGwas/results/RhinePhoxinus/ZFMK-TIS-80125/ZFMK-TIS-80125_1.fq.gz, /share/pool/toriowo/Resources/Sex_Determination/kmerGwas/results/RhinePhoxinus/ZFMK-TIS-80125/ZFMK-TIS-80125_2.fq.gz
    output: /share/pool/toriowo/Resources/Sex_Determination/kmerGwas/results/RhinePhoxinus/ZFMK-TIS-80125/output_kmc_canon.kmc_pre, /share/pool/toriowo/Resources/Sex_Determination/kmerGwas/results/RhinePhoxinus/ZFMK-TIS-80125/output_kmc_canon.kmc_suf, /share/pool/toriowo/Resources/Sex_Determination/kmerGwas/results/RhinePhoxinus/ZFMK-TIS-80125/output_kmc_all.kmc_pre, /share/pool/toriowo/Resources/Sex_Determination/kmerGwas/results/RhinePhoxinus/ZFMK-TIS-80125/output_kmc_all.kmc_suf
    log: /share/pool/toriowo/Resources/Sex_Determination/kmerGwas/results/RhinePhoxinus/ZFMK-TIS-80125/kmc.log
    jobid: 12
    reason: Missing output files: /share/pool/toriowo/Resources/Sex_Determination/kmerGwas/results/RhinePhoxinus/ZFMK-TIS-80125/output_kmc_canon.kmc_pre, /share/pool/toriowo/Resources/Sex_Determination/kmerGwas/results/RhinePhoxinus/ZFMK-TIS-80125/output_kmc_all.kmc_pre
    wildcards: sample=ZFMK-TIS-80125
    threads: 8
    resources: tmpdir=/tmp/1975359.1.medium.q
Shell command: 
        set -euo pipefail

        cd "/share/pool/toriowo/Resources/Sex_Determination/kmerGwas/results/RhinePhoxinus/ZFMK-TIS-80125"

        # Create a file listing input FASTQs
        printf "%s\n%s\n" "/share/pool/toriowo/Resources/Sex_Determination/kmerGwas/results/RhinePhoxinus/ZFMK-TIS-80125/ZFMK-TIS-80125_1.fq.gz" "/share/pool/toriowo/Resources/Sex_Determination/kmerGwas/results/RhinePhoxinus/ZFMK-TIS-80125/ZFMK-TIS-80125_2.fq.gz" > input_files.txt

        # Run KMC for canonical kmers
        kmc -t 8 -k 31 -ci2 @input_files.txt output_kmc_canon ./tmp &>> /share/pool/toriowo/Resources/Sex_Determination/kmerGwas/results/RhinePhoxinus/ZFMK-TIS-80125/kmc.log

        # Run KMC for all kmers (including non-canonical)
        kmc -t 8 -k 31 -ci0 -b @input_files.txt output_kmc_all ./tmp &>> /share/pool/toriowo/Resources/Sex_Determination/kmerGwas/results/RhinePhoxinus/ZFMK-TIS-80125/kmc.log
        
Waiting for running jobs to complete.
Full Traceback (most recent call last):
  File "/home/toriowo/.conda/envs/snakemake/lib/python3.12/site-packages/snakemake/executors/local.py", line 425, in run_wrapper
    run(
  File "/home/toriowo/Snakemake_projects/sexfindr-snakemake/k-mer-based-analyses/workflow/rules/02_kmc.smk", line 44, in __rule_kmc
  File "/home/toriowo/.conda/envs/snakemake/lib/python3.12/site-packages/snakemake/shell.py", line 358, in __new__
    raise sp.CalledProcessError(retcode, cmd)
subprocess.CalledProcessError: Command 'set -euo pipefail;  
        set -euo pipefail

        cd "/share/pool/toriowo/Resources/Sex_Determination/kmerGwas/results/RhinePhoxinus/ZFMK-TIS-66357"

        # Create a file listing input FASTQs
        printf "%s\n%s\n" "/share/pool/toriowo/Resources/Sex_Determination/kmerGwas/results/RhinePhoxinus/ZFMK-TIS-66357/ZFMK-TIS-66357_1.fq.gz" "/share/pool/toriowo/Resources/Sex_Determination/kmerGwas/results/RhinePhoxinus/ZFMK-TIS-66357/ZFMK-TIS-66357_2.fq.gz" > input_files.txt

        # Run KMC for canonical kmers
        kmc -t 8 -k 31 -ci2 @input_files.txt output_kmc_canon ./tmp &>> /share/pool/toriowo/Resources/Sex_Determination/kmerGwas/results/RhinePhoxinus/ZFMK-TIS-66357/kmc.log

        # Run KMC for all kmers (including non-canonical)
        kmc -t 8 -k 31 -ci0 -b @input_files.txt output_kmc_all ./tmp &>> /share/pool/toriowo/Resources/Sex_Determination/kmerGwas/results/RhinePhoxinus/ZFMK-TIS-66357/kmc.log' returned non-zero exit status 1.

Full Traceback (most recent call last):
  File "/home/toriowo/.conda/envs/snakemake/lib/python3.12/site-packages/snakemake/executors/local.py", line 425, in run_wrapper
    run(
  File "/home/toriowo/Snakemake_projects/sexfindr-snakemake/k-mer-based-analyses/workflow/rules/02_kmc.smk", line 44, in __rule_kmc
  File "/home/toriowo/.conda/envs/snakemake/lib/python3.12/site-packages/snakemake/shell.py", line 358, in __new__
    raise sp.CalledProcessError(retcode, cmd)
subprocess.CalledProcessError: Command 'set -euo pipefail;  
        set -euo pipefail

        cd "/share/pool/toriowo/Resources/Sex_Determination/kmerGwas/results/RhinePhoxinus/ZFMK-TIS-80125"

        # Create a file listing input FASTQs
        printf "%s\n%s\n" "/share/pool/toriowo/Resources/Sex_Determination/kmerGwas/results/RhinePhoxinus/ZFMK-TIS-80125/ZFMK-TIS-80125_1.fq.gz" "/share/pool/toriowo/Resources/Sex_Determination/kmerGwas/results/RhinePhoxinus/ZFMK-TIS-80125/ZFMK-TIS-80125_2.fq.gz" > input_files.txt

        # Run KMC for canonical kmers
        kmc -t 8 -k 31 -ci2 @input_files.txt output_kmc_canon ./tmp &>> /share/pool/toriowo/Resources/Sex_Determination/kmerGwas/results/RhinePhoxinus/ZFMK-TIS-80125/kmc.log

        # Run KMC for all kmers (including non-canonical)
        kmc -t 8 -k 31 -ci0 -b @input_files.txt output_kmc_all ./tmp &>> /share/pool/toriowo/Resources/Sex_Determination/kmerGwas/results/RhinePhoxinus/ZFMK-TIS-80125/kmc.log' returned non-zero exit status 1.

Full Traceback (most recent call last):
  File "/home/toriowo/.conda/envs/snakemake/lib/python3.12/site-packages/snakemake/executors/local.py", line 425, in run_wrapper
    run(
  File "/home/toriowo/Snakemake_projects/sexfindr-snakemake/k-mer-based-analyses/workflow/rules/02_kmc.smk", line 44, in __rule_kmc
  File "/home/toriowo/.conda/envs/snakemake/lib/python3.12/site-packages/snakemake/shell.py", line 358, in __new__
    raise sp.CalledProcessError(retcode, cmd)
subprocess.CalledProcessError: Command 'set -euo pipefail;  
        set -euo pipefail

        cd "/share/pool/toriowo/Resources/Sex_Determination/kmerGwas/results/RhinePhoxinus/ZFMK-TIS-66357"

        # Create a file listing input FASTQs
        printf "%s\n%s\n" "/share/pool/toriowo/Resources/Sex_Determination/kmerGwas/results/RhinePhoxinus/ZFMK-TIS-66357/ZFMK-TIS-66357_1.fq.gz" "/share/pool/toriowo/Resources/Sex_Determination/kmerGwas/results/RhinePhoxinus/ZFMK-TIS-66357/ZFMK-TIS-66357_2.fq.gz" > input_files.txt

        # Run KMC for canonical kmers
        kmc -t 8 -k 31 -ci2 @input_files.txt output_kmc_canon ./tmp &>> /share/pool/toriowo/Resources/Sex_Determination/kmerGwas/results/RhinePhoxinus/ZFMK-TIS-66357/kmc.log

        # Run KMC for all kmers (including non-canonical)
        kmc -t 8 -k 31 -ci0 -b @input_files.txt output_kmc_all ./tmp &>> /share/pool/toriowo/Resources/Sex_Determination/kmerGwas/results/RhinePhoxinus/ZFMK-TIS-66357/kmc.log' returned non-zero exit status 1.

During handling of the above exception, another exception occurred:

Traceback (most recent call last):
  File "/home/toriowo/.conda/envs/snakemake/lib/python3.12/concurrent/futures/thread.py", line 59, in run
    result = self.fn(*self.args, **self.kwargs)
             ^^^^^^^^^^^^^^^^^^^^^^^^^^^^^^^^^^
  File "/home/toriowo/.conda/envs/snakemake/lib/python3.12/site-packages/snakemake/executors/local.py", line 247, in cached_or_run
    run_func(*args)
  File "/home/toriowo/.conda/envs/snakemake/lib/python3.12/site-packages/snakemake/executors/local.py", line 461, in run_wrapper
    raise RuleException(
snakemake.exceptions.RuleException: CalledProcessError in file "/home/toriowo/Snakemake_projects/sexfindr-snakemake/k-mer-based-analyses/workflow/rules/02_kmc.smk", line 14:
Command 'set -euo pipefail;  
        set -euo pipefail

        cd "/share/pool/toriowo/Resources/Sex_Determination/kmerGwas/results/RhinePhoxinus/ZFMK-TIS-66357"

        # Create a file listing input FASTQs
        printf "%s\n%s\n" "/share/pool/toriowo/Resources/Sex_Determination/kmerGwas/results/RhinePhoxinus/ZFMK-TIS-66357/ZFMK-TIS-66357_1.fq.gz" "/share/pool/toriowo/Resources/Sex_Determination/kmerGwas/results/RhinePhoxinus/ZFMK-TIS-66357/ZFMK-TIS-66357_2.fq.gz" > input_files.txt

        # Run KMC for canonical kmers
        kmc -t 8 -k 31 -ci2 @input_files.txt output_kmc_canon ./tmp &>> /share/pool/toriowo/Resources/Sex_Determination/kmerGwas/results/RhinePhoxinus/ZFMK-TIS-66357/kmc.log

        # Run KMC for all kmers (including non-canonical)
        kmc -t 8 -k 31 -ci0 -b @input_files.txt output_kmc_all ./tmp &>> /share/pool/toriowo/Resources/Sex_Determination/kmerGwas/results/RhinePhoxinus/ZFMK-TIS-66357/kmc.log' returned non-zero exit status 1.

Full Traceback (most recent call last):
  File "/home/toriowo/.conda/envs/snakemake/lib/python3.12/site-packages/snakemake/executors/local.py", line 425, in run_wrapper
    run(
  File "/home/toriowo/Snakemake_projects/sexfindr-snakemake/k-mer-based-analyses/workflow/rules/02_kmc.smk", line 44, in __rule_kmc
  File "/home/toriowo/.conda/envs/snakemake/lib/python3.12/site-packages/snakemake/shell.py", line 358, in __new__
    raise sp.CalledProcessError(retcode, cmd)
subprocess.CalledProcessError: Command 'set -euo pipefail;  
        set -euo pipefail

        cd "/share/pool/toriowo/Resources/Sex_Determination/kmerGwas/results/RhinePhoxinus/ZFMK-TIS-80125"

        # Create a file listing input FASTQs
        printf "%s\n%s\n" "/share/pool/toriowo/Resources/Sex_Determination/kmerGwas/results/RhinePhoxinus/ZFMK-TIS-80125/ZFMK-TIS-80125_1.fq.gz" "/share/pool/toriowo/Resources/Sex_Determination/kmerGwas/results/RhinePhoxinus/ZFMK-TIS-80125/ZFMK-TIS-80125_2.fq.gz" > input_files.txt

        # Run KMC for canonical kmers
        kmc -t 8 -k 31 -ci2 @input_files.txt output_kmc_canon ./tmp &>> /share/pool/toriowo/Resources/Sex_Determination/kmerGwas/results/RhinePhoxinus/ZFMK-TIS-80125/kmc.log

        # Run KMC for all kmers (including non-canonical)
        kmc -t 8 -k 31 -ci0 -b @input_files.txt output_kmc_all ./tmp &>> /share/pool/toriowo/Resources/Sex_Determination/kmerGwas/results/RhinePhoxinus/ZFMK-TIS-80125/kmc.log' returned non-zero exit status 1.

During handling of the above exception, another exception occurred:

Traceback (most recent call last):
  File "/home/toriowo/.conda/envs/snakemake/lib/python3.12/concurrent/futures/thread.py", line 59, in run
    result = self.fn(*self.args, **self.kwargs)
             ^^^^^^^^^^^^^^^^^^^^^^^^^^^^^^^^^^
  File "/home/toriowo/.conda/envs/snakemake/lib/python3.12/site-packages/snakemake/executors/local.py", line 247, in cached_or_run
    run_func(*args)
  File "/home/toriowo/.conda/envs/snakemake/lib/python3.12/site-packages/snakemake/executors/local.py", line 461, in run_wrapper
    raise RuleException(
snakemake.exceptions.RuleException: CalledProcessError in file "/home/toriowo/Snakemake_projects/sexfindr-snakemake/k-mer-based-analyses/workflow/rules/02_kmc.smk", line 14:
Command 'set -euo pipefail;  
        set -euo pipefail

        cd "/share/pool/toriowo/Resources/Sex_Determination/kmerGwas/results/RhinePhoxinus/ZFMK-TIS-80125"

        # Create a file listing input FASTQs
        printf "%s\n%s\n" "/share/pool/toriowo/Resources/Sex_Determination/kmerGwas/results/RhinePhoxinus/ZFMK-TIS-80125/ZFMK-TIS-80125_1.fq.gz" "/share/pool/toriowo/Resources/Sex_Determination/kmerGwas/results/RhinePhoxinus/ZFMK-TIS-80125/ZFMK-TIS-80125_2.fq.gz" > input_files.txt

        # Run KMC for canonical kmers
        kmc -t 8 -k 31 -ci2 @input_files.txt output_kmc_canon ./tmp &>> /share/pool/toriowo/Resources/Sex_Determination/kmerGwas/results/RhinePhoxinus/ZFMK-TIS-80125/kmc.log

        # Run KMC for all kmers (including non-canonical)
        kmc -t 8 -k 31 -ci0 -b @input_files.txt output_kmc_all ./tmp &>> /share/pool/toriowo/Resources/Sex_Determination/kmerGwas/results/RhinePhoxinus/ZFMK-TIS-80125/kmc.log' returned non-zero exit status 1.

RuleException:
CalledProcessError in file "/home/toriowo/Snakemake_projects/sexfindr-snakemake/k-mer-based-analyses/workflow/rules/02_kmc.smk", line 14:
Command 'set -euo pipefail;  
        set -euo pipefail

        cd "/share/pool/toriowo/Resources/Sex_Determination/kmerGwas/results/RhinePhoxinus/ZFMK-TIS-66357"

        # Create a file listing input FASTQs
        printf "%s\n%s\n" "/share/pool/toriowo/Resources/Sex_Determination/kmerGwas/results/RhinePhoxinus/ZFMK-TIS-66357/ZFMK-TIS-66357_1.fq.gz" "/share/pool/toriowo/Resources/Sex_Determination/kmerGwas/results/RhinePhoxinus/ZFMK-TIS-66357/ZFMK-TIS-66357_2.fq.gz" > input_files.txt

        # Run KMC for canonical kmers
        kmc -t 8 -k 31 -ci2 @input_files.txt output_kmc_canon ./tmp &>> /share/pool/toriowo/Resources/Sex_Determination/kmerGwas/results/RhinePhoxinus/ZFMK-TIS-66357/kmc.log

        # Run KMC for all kmers (including non-canonical)
        kmc -t 8 -k 31 -ci0 -b @input_files.txt output_kmc_all ./tmp &>> /share/pool/toriowo/Resources/Sex_Determination/kmerGwas/results/RhinePhoxinus/ZFMK-TIS-66357/kmc.log' returned non-zero exit status 1.
[Wed Jul 23 22:23:35 2025]
Error in rule kmc:
    message: None
    jobid: 2
    input: /share/pool/toriowo/Resources/Sex_Determination/kmerGwas/results/RhinePhoxinus/ZFMK-TIS-66357/ZFMK-TIS-66357_1.fq.gz, /share/pool/toriowo/Resources/Sex_Determination/kmerGwas/results/RhinePhoxinus/ZFMK-TIS-66357/ZFMK-TIS-66357_2.fq.gz
    output: /share/pool/toriowo/Resources/Sex_Determination/kmerGwas/results/RhinePhoxinus/ZFMK-TIS-66357/output_kmc_canon.kmc_pre, /share/pool/toriowo/Resources/Sex_Determination/kmerGwas/results/RhinePhoxinus/ZFMK-TIS-66357/output_kmc_canon.kmc_suf, /share/pool/toriowo/Resources/Sex_Determination/kmerGwas/results/RhinePhoxinus/ZFMK-TIS-66357/output_kmc_all.kmc_pre, /share/pool/toriowo/Resources/Sex_Determination/kmerGwas/results/RhinePhoxinus/ZFMK-TIS-66357/output_kmc_all.kmc_suf
    log: /share/pool/toriowo/Resources/Sex_Determination/kmerGwas/results/RhinePhoxinus/ZFMK-TIS-66357/kmc.log (check log file(s) for error details)
    shell:
        
        set -euo pipefail

        cd "/share/pool/toriowo/Resources/Sex_Determination/kmerGwas/results/RhinePhoxinus/ZFMK-TIS-66357"

        # Create a file listing input FASTQs
        printf "%s\n%s\n" "/share/pool/toriowo/Resources/Sex_Determination/kmerGwas/results/RhinePhoxinus/ZFMK-TIS-66357/ZFMK-TIS-66357_1.fq.gz" "/share/pool/toriowo/Resources/Sex_Determination/kmerGwas/results/RhinePhoxinus/ZFMK-TIS-66357/ZFMK-TIS-66357_2.fq.gz" > input_files.txt

        # Run KMC for canonical kmers
        kmc -t 8 -k 31 -ci2 @input_files.txt output_kmc_canon ./tmp &>> /share/pool/toriowo/Resources/Sex_Determination/kmerGwas/results/RhinePhoxinus/ZFMK-TIS-66357/kmc.log

        # Run KMC for all kmers (including non-canonical)
        kmc -t 8 -k 31 -ci0 -b @input_files.txt output_kmc_all ./tmp &>> /share/pool/toriowo/Resources/Sex_Determination/kmerGwas/results/RhinePhoxinus/ZFMK-TIS-66357/kmc.log
        
        (command exited with non-zero exit code)
RuleException:
CalledProcessError in file "/home/toriowo/Snakemake_projects/sexfindr-snakemake/k-mer-based-analyses/workflow/rules/02_kmc.smk", line 14:
Command 'set -euo pipefail;  
        set -euo pipefail

        cd "/share/pool/toriowo/Resources/Sex_Determination/kmerGwas/results/RhinePhoxinus/ZFMK-TIS-80125"

        # Create a file listing input FASTQs
        printf "%s\n%s\n" "/share/pool/toriowo/Resources/Sex_Determination/kmerGwas/results/RhinePhoxinus/ZFMK-TIS-80125/ZFMK-TIS-80125_1.fq.gz" "/share/pool/toriowo/Resources/Sex_Determination/kmerGwas/results/RhinePhoxinus/ZFMK-TIS-80125/ZFMK-TIS-80125_2.fq.gz" > input_files.txt

        # Run KMC for canonical kmers
        kmc -t 8 -k 31 -ci2 @input_files.txt output_kmc_canon ./tmp &>> /share/pool/toriowo/Resources/Sex_Determination/kmerGwas/results/RhinePhoxinus/ZFMK-TIS-80125/kmc.log

        # Run KMC for all kmers (including non-canonical)
        kmc -t 8 -k 31 -ci0 -b @input_files.txt output_kmc_all ./tmp &>> /share/pool/toriowo/Resources/Sex_Determination/kmerGwas/results/RhinePhoxinus/ZFMK-TIS-80125/kmc.log' returned non-zero exit status 1.
[Wed Jul 23 22:23:35 2025]
Error in rule kmc:
    message: None
    jobid: 12
    input: /share/pool/toriowo/Resources/Sex_Determination/kmerGwas/results/RhinePhoxinus/ZFMK-TIS-80125/ZFMK-TIS-80125_1.fq.gz, /share/pool/toriowo/Resources/Sex_Determination/kmerGwas/results/RhinePhoxinus/ZFMK-TIS-80125/ZFMK-TIS-80125_2.fq.gz
    output: /share/pool/toriowo/Resources/Sex_Determination/kmerGwas/results/RhinePhoxinus/ZFMK-TIS-80125/output_kmc_canon.kmc_pre, /share/pool/toriowo/Resources/Sex_Determination/kmerGwas/results/RhinePhoxinus/ZFMK-TIS-80125/output_kmc_canon.kmc_suf, /share/pool/toriowo/Resources/Sex_Determination/kmerGwas/results/RhinePhoxinus/ZFMK-TIS-80125/output_kmc_all.kmc_pre, /share/pool/toriowo/Resources/Sex_Determination/kmerGwas/results/RhinePhoxinus/ZFMK-TIS-80125/output_kmc_all.kmc_suf
    log: /share/pool/toriowo/Resources/Sex_Determination/kmerGwas/results/RhinePhoxinus/ZFMK-TIS-80125/kmc.log (check log file(s) for error details)
    shell:
        
        set -euo pipefail

        cd "/share/pool/toriowo/Resources/Sex_Determination/kmerGwas/results/RhinePhoxinus/ZFMK-TIS-80125"

        # Create a file listing input FASTQs
        printf "%s\n%s\n" "/share/pool/toriowo/Resources/Sex_Determination/kmerGwas/results/RhinePhoxinus/ZFMK-TIS-80125/ZFMK-TIS-80125_1.fq.gz" "/share/pool/toriowo/Resources/Sex_Determination/kmerGwas/results/RhinePhoxinus/ZFMK-TIS-80125/ZFMK-TIS-80125_2.fq.gz" > input_files.txt

        # Run KMC for canonical kmers
        kmc -t 8 -k 31 -ci2 @input_files.txt output_kmc_canon ./tmp &>> /share/pool/toriowo/Resources/Sex_Determination/kmerGwas/results/RhinePhoxinus/ZFMK-TIS-80125/kmc.log

        # Run KMC for all kmers (including non-canonical)
        kmc -t 8 -k 31 -ci0 -b @input_files.txt output_kmc_all ./tmp &>> /share/pool/toriowo/Resources/Sex_Determination/kmerGwas/results/RhinePhoxinus/ZFMK-TIS-80125/kmc.log
        
        (command exited with non-zero exit code)
Shutting down, this might take some time.
Exiting because a job execution failed. Look below for error messages
[Wed Jul 23 22:23:35 2025]
Error in rule kmc:
    message: None
    jobid: 2
    input: /share/pool/toriowo/Resources/Sex_Determination/kmerGwas/results/RhinePhoxinus/ZFMK-TIS-66357/ZFMK-TIS-66357_1.fq.gz, /share/pool/toriowo/Resources/Sex_Determination/kmerGwas/results/RhinePhoxinus/ZFMK-TIS-66357/ZFMK-TIS-66357_2.fq.gz
    output: /share/pool/toriowo/Resources/Sex_Determination/kmerGwas/results/RhinePhoxinus/ZFMK-TIS-66357/output_kmc_canon.kmc_pre, /share/pool/toriowo/Resources/Sex_Determination/kmerGwas/results/RhinePhoxinus/ZFMK-TIS-66357/output_kmc_canon.kmc_suf, /share/pool/toriowo/Resources/Sex_Determination/kmerGwas/results/RhinePhoxinus/ZFMK-TIS-66357/output_kmc_all.kmc_pre, /share/pool/toriowo/Resources/Sex_Determination/kmerGwas/results/RhinePhoxinus/ZFMK-TIS-66357/output_kmc_all.kmc_suf
    log: /share/pool/toriowo/Resources/Sex_Determination/kmerGwas/results/RhinePhoxinus/ZFMK-TIS-66357/kmc.log (check log file(s) for error details)
    shell:
        
        set -euo pipefail

        cd "/share/pool/toriowo/Resources/Sex_Determination/kmerGwas/results/RhinePhoxinus/ZFMK-TIS-66357"

        # Create a file listing input FASTQs
        printf "%s\n%s\n" "/share/pool/toriowo/Resources/Sex_Determination/kmerGwas/results/RhinePhoxinus/ZFMK-TIS-66357/ZFMK-TIS-66357_1.fq.gz" "/share/pool/toriowo/Resources/Sex_Determination/kmerGwas/results/RhinePhoxinus/ZFMK-TIS-66357/ZFMK-TIS-66357_2.fq.gz" > input_files.txt

        # Run KMC for canonical kmers
        kmc -t 8 -k 31 -ci2 @input_files.txt output_kmc_canon ./tmp &>> /share/pool/toriowo/Resources/Sex_Determination/kmerGwas/results/RhinePhoxinus/ZFMK-TIS-66357/kmc.log

        # Run KMC for all kmers (including non-canonical)
        kmc -t 8 -k 31 -ci0 -b @input_files.txt output_kmc_all ./tmp &>> /share/pool/toriowo/Resources/Sex_Determination/kmerGwas/results/RhinePhoxinus/ZFMK-TIS-66357/kmc.log
        
        (command exited with non-zero exit code)
[Wed Jul 23 22:23:35 2025]
Error in rule kmc:
    message: None
    jobid: 12
    input: /share/pool/toriowo/Resources/Sex_Determination/kmerGwas/results/RhinePhoxinus/ZFMK-TIS-80125/ZFMK-TIS-80125_1.fq.gz, /share/pool/toriowo/Resources/Sex_Determination/kmerGwas/results/RhinePhoxinus/ZFMK-TIS-80125/ZFMK-TIS-80125_2.fq.gz
    output: /share/pool/toriowo/Resources/Sex_Determination/kmerGwas/results/RhinePhoxinus/ZFMK-TIS-80125/output_kmc_canon.kmc_pre, /share/pool/toriowo/Resources/Sex_Determination/kmerGwas/results/RhinePhoxinus/ZFMK-TIS-80125/output_kmc_canon.kmc_suf, /share/pool/toriowo/Resources/Sex_Determination/kmerGwas/results/RhinePhoxinus/ZFMK-TIS-80125/output_kmc_all.kmc_pre, /share/pool/toriowo/Resources/Sex_Determination/kmerGwas/results/RhinePhoxinus/ZFMK-TIS-80125/output_kmc_all.kmc_suf
    log: /share/pool/toriowo/Resources/Sex_Determination/kmerGwas/results/RhinePhoxinus/ZFMK-TIS-80125/kmc.log (check log file(s) for error details)
    shell:
        
        set -euo pipefail

        cd "/share/pool/toriowo/Resources/Sex_Determination/kmerGwas/results/RhinePhoxinus/ZFMK-TIS-80125"

        # Create a file listing input FASTQs
        printf "%s\n%s\n" "/share/pool/toriowo/Resources/Sex_Determination/kmerGwas/results/RhinePhoxinus/ZFMK-TIS-80125/ZFMK-TIS-80125_1.fq.gz" "/share/pool/toriowo/Resources/Sex_Determination/kmerGwas/results/RhinePhoxinus/ZFMK-TIS-80125/ZFMK-TIS-80125_2.fq.gz" > input_files.txt

        # Run KMC for canonical kmers
        kmc -t 8 -k 31 -ci2 @input_files.txt output_kmc_canon ./tmp &>> /share/pool/toriowo/Resources/Sex_Determination/kmerGwas/results/RhinePhoxinus/ZFMK-TIS-80125/kmc.log

        # Run KMC for all kmers (including non-canonical)
        kmc -t 8 -k 31 -ci0 -b @input_files.txt output_kmc_all ./tmp &>> /share/pool/toriowo/Resources/Sex_Determination/kmerGwas/results/RhinePhoxinus/ZFMK-TIS-80125/kmc.log
        
        (command exited with non-zero exit code)
Complete log(s): /home/toriowo/Snakemake_projects/sexfindr-snakemake/k-mer-based-analyses/.snakemake/log/2025-07-23T222335.629428.snakemake.log
unlocking
removing lock
removing lock
removed all locks
Full Traceback (most recent call last):
  File "/home/toriowo/.conda/envs/snakemake/lib/python3.12/site-packages/snakemake/cli.py", line 2165, in args_to_api
    dag_api.execute_workflow(
  File "/home/toriowo/.conda/envs/snakemake/lib/python3.12/site-packages/snakemake/api.py", line 603, in execute_workflow
    workflow.execute(
  File "/home/toriowo/.conda/envs/snakemake/lib/python3.12/site-packages/snakemake/workflow.py", line 1451, in execute
    raise WorkflowError("At least one job did not complete successfully.")
snakemake_interface_common.exceptions.WorkflowError: At least one job did not complete successfully.

WorkflowError:
At least one job did not complete successfully.
