Assuming unrestricted shared filesystem usage.
None
host: compute-0-3.local
Building DAG of jobs...
Need to rerun job all because job kmc has to be rerun.
Need to rerun job all because job kmc has to be rerun.
Need to rerun job all because job kmc has to be rerun.
Need to rerun job all because job kmc has to be rerun.
Need to rerun job kmc because of missing output required by all.
Need to rerun job kmc because of missing output required by all.
Need to rerun job kmc because of missing output required by all.
Need to rerun job kmc because of missing output required by all.
Need to rerun job kmc because of missing output required by all.
Need to rerun job kmc because of missing output required by all.
Need to rerun job kmc because of missing output required by all.
Need to rerun job kmc because of missing output required by all.
Need to rerun job kmc because of missing output required by all.
Need to rerun job kmc because of missing output required by all.
Need to rerun job kmc because of missing output required by all.
Need to rerun job kmc because of missing output required by all.
Need to rerun job kmc because of missing output required by all.
Need to rerun job kmc because of missing output required by all.
Need to rerun job kmc because of missing output required by all.
Need to rerun job kmc because of missing output required by all.
Need to rerun job kmc because of missing output required by all.
Need to rerun job kmc because of missing output required by all.
Need to rerun job kmc because of missing output required by all.
Need to rerun job kmc because of missing output required by all.
Need to rerun job kmc because of missing output required by all.
Need to rerun job kmc because of missing output required by all.
Need to rerun job all because job kmc has to be rerun.
Need to rerun job all because job kmc has to be rerun.
Need to rerun job all because job kmc has to be rerun.
Need to rerun job all because job kmc has to be rerun.
Need to rerun job all because job kmc has to be rerun.
Need to rerun job all because job kmc has to be rerun.
Need to rerun job all because job kmc has to be rerun.
Need to rerun job all because job kmc has to be rerun.
Need to rerun job all because job kmc has to be rerun.
Need to rerun job all because job kmc has to be rerun.
Need to rerun job all because job kmc has to be rerun.
Need to rerun job all because job kmc has to be rerun.
Need to rerun job all because job kmc has to be rerun.
Need to rerun job all because job kmc has to be rerun.
Need to rerun job all because job kmc has to be rerun.
Need to rerun job all because job kmc has to be rerun.
Need to rerun job all because job kmc has to be rerun.
Need to rerun job all because job kmc has to be rerun.
Need to rerun job all because job kmc has to be rerun.
Need to rerun job all because job kmc has to be rerun.
Need to rerun job all because job kmc has to be rerun.
Need to rerun job all because job kmc has to be rerun.
/share/pool/toriowo/Resources/Sex_Determination/kmerGwas/results/RhinePhoxinus/ZFMK-TIS-66172/output_kmc_canon.kmc_pre /share/pool/toriowo/Resources/Sex_Determination/kmerGwas/results/RhinePhoxinus/ZFMK-TIS-66172/output_kmc_canon.kmc_suf /share/pool/toriowo/Resources/Sex_Determination/kmerGwas/results/RhinePhoxinus/ZFMK-TIS-66172/output_kmc_all.kmc_pre /share/pool/toriowo/Resources/Sex_Determination/kmerGwas/results/RhinePhoxinus/ZFMK-TIS-66172/output_kmc_all.kmc_suf: True 0
/share/pool/toriowo/Resources/Sex_Determination/kmerGwas/results/RhinePhoxinus/ZFMK-TIS-66086/output_kmc_canon.kmc_pre /share/pool/toriowo/Resources/Sex_Determination/kmerGwas/results/RhinePhoxinus/ZFMK-TIS-66086/output_kmc_canon.kmc_suf /share/pool/toriowo/Resources/Sex_Determination/kmerGwas/results/RhinePhoxinus/ZFMK-TIS-66086/output_kmc_all.kmc_pre /share/pool/toriowo/Resources/Sex_Determination/kmerGwas/results/RhinePhoxinus/ZFMK-TIS-66086/output_kmc_all.kmc_suf: True 0
/share/pool/toriowo/Resources/Sex_Determination/kmerGwas/results/RhinePhoxinus/ZFMK-TIS-80124/output_kmc_canon.kmc_pre /share/pool/toriowo/Resources/Sex_Determination/kmerGwas/results/RhinePhoxinus/ZFMK-TIS-80124/output_kmc_canon.kmc_suf /share/pool/toriowo/Resources/Sex_Determination/kmerGwas/results/RhinePhoxinus/ZFMK-TIS-80124/output_kmc_all.kmc_pre /share/pool/toriowo/Resources/Sex_Determination/kmerGwas/results/RhinePhoxinus/ZFMK-TIS-80124/output_kmc_all.kmc_suf: True 0
/share/pool/toriowo/Resources/Sex_Determination/kmerGwas/results/RhinePhoxinus/ZFMK-TIS-66357/output_kmc_canon.kmc_pre /share/pool/toriowo/Resources/Sex_Determination/kmerGwas/results/RhinePhoxinus/ZFMK-TIS-66357/output_kmc_canon.kmc_suf /share/pool/toriowo/Resources/Sex_Determination/kmerGwas/results/RhinePhoxinus/ZFMK-TIS-66357/output_kmc_all.kmc_pre /share/pool/toriowo/Resources/Sex_Determination/kmerGwas/results/RhinePhoxinus/ZFMK-TIS-66357/output_kmc_all.kmc_suf: True 0
/share/pool/toriowo/Resources/Sex_Determination/kmerGwas/results/RhinePhoxinus/ZFMK-TIS-66100/output_kmc_canon.kmc_pre /share/pool/toriowo/Resources/Sex_Determination/kmerGwas/results/RhinePhoxinus/ZFMK-TIS-66100/output_kmc_canon.kmc_suf /share/pool/toriowo/Resources/Sex_Determination/kmerGwas/results/RhinePhoxinus/ZFMK-TIS-66100/output_kmc_all.kmc_pre /share/pool/toriowo/Resources/Sex_Determination/kmerGwas/results/RhinePhoxinus/ZFMK-TIS-66100/output_kmc_all.kmc_suf: True 0
/share/pool/toriowo/Resources/Sex_Determination/kmerGwas/results/RhinePhoxinus/ZFMK-TIS-80142/output_kmc_canon.kmc_pre /share/pool/toriowo/Resources/Sex_Determination/kmerGwas/results/RhinePhoxinus/ZFMK-TIS-80142/output_kmc_canon.kmc_suf /share/pool/toriowo/Resources/Sex_Determination/kmerGwas/results/RhinePhoxinus/ZFMK-TIS-80142/output_kmc_all.kmc_pre /share/pool/toriowo/Resources/Sex_Determination/kmerGwas/results/RhinePhoxinus/ZFMK-TIS-80142/output_kmc_all.kmc_suf: True 0
/share/pool/toriowo/Resources/Sex_Determination/kmerGwas/results/RhinePhoxinus/ZFMK-TIS-66046/output_kmc_canon.kmc_pre /share/pool/toriowo/Resources/Sex_Determination/kmerGwas/results/RhinePhoxinus/ZFMK-TIS-66046/output_kmc_canon.kmc_suf /share/pool/toriowo/Resources/Sex_Determination/kmerGwas/results/RhinePhoxinus/ZFMK-TIS-66046/output_kmc_all.kmc_pre /share/pool/toriowo/Resources/Sex_Determination/kmerGwas/results/RhinePhoxinus/ZFMK-TIS-66046/output_kmc_all.kmc_suf: True 0
/share/pool/toriowo/Resources/Sex_Determination/kmerGwas/results/RhinePhoxinus/ZFMK-TIS-65499/output_kmc_canon.kmc_pre /share/pool/toriowo/Resources/Sex_Determination/kmerGwas/results/RhinePhoxinus/ZFMK-TIS-65499/output_kmc_canon.kmc_suf /share/pool/toriowo/Resources/Sex_Determination/kmerGwas/results/RhinePhoxinus/ZFMK-TIS-65499/output_kmc_all.kmc_pre /share/pool/toriowo/Resources/Sex_Determination/kmerGwas/results/RhinePhoxinus/ZFMK-TIS-65499/output_kmc_all.kmc_suf: True 0
/share/pool/toriowo/Resources/Sex_Determination/kmerGwas/results/RhinePhoxinus/ZFMK-TIS-65487/output_kmc_canon.kmc_pre /share/pool/toriowo/Resources/Sex_Determination/kmerGwas/results/RhinePhoxinus/ZFMK-TIS-65487/output_kmc_canon.kmc_suf /share/pool/toriowo/Resources/Sex_Determination/kmerGwas/results/RhinePhoxinus/ZFMK-TIS-65487/output_kmc_all.kmc_pre /share/pool/toriowo/Resources/Sex_Determination/kmerGwas/results/RhinePhoxinus/ZFMK-TIS-65487/output_kmc_all.kmc_suf: True 0
/share/pool/toriowo/Resources/Sex_Determination/kmerGwas/results/RhinePhoxinus/ZFMK-TIS-80150/output_kmc_canon.kmc_pre /share/pool/toriowo/Resources/Sex_Determination/kmerGwas/results/RhinePhoxinus/ZFMK-TIS-80150/output_kmc_canon.kmc_suf /share/pool/toriowo/Resources/Sex_Determination/kmerGwas/results/RhinePhoxinus/ZFMK-TIS-80150/output_kmc_all.kmc_pre /share/pool/toriowo/Resources/Sex_Determination/kmerGwas/results/RhinePhoxinus/ZFMK-TIS-80150/output_kmc_all.kmc_suf: True 0
/share/pool/toriowo/Resources/Sex_Determination/kmerGwas/results/RhinePhoxinus/ZFMK-TIS-66094/output_kmc_canon.kmc_pre /share/pool/toriowo/Resources/Sex_Determination/kmerGwas/results/RhinePhoxinus/ZFMK-TIS-66094/output_kmc_canon.kmc_suf /share/pool/toriowo/Resources/Sex_Determination/kmerGwas/results/RhinePhoxinus/ZFMK-TIS-66094/output_kmc_all.kmc_pre /share/pool/toriowo/Resources/Sex_Determination/kmerGwas/results/RhinePhoxinus/ZFMK-TIS-66094/output_kmc_all.kmc_suf: True 0
/share/pool/toriowo/Resources/Sex_Determination/kmerGwas/results/RhinePhoxinus/ZFMK-TIS-80148/output_kmc_canon.kmc_pre /share/pool/toriowo/Resources/Sex_Determination/kmerGwas/results/RhinePhoxinus/ZFMK-TIS-80148/output_kmc_canon.kmc_suf /share/pool/toriowo/Resources/Sex_Determination/kmerGwas/results/RhinePhoxinus/ZFMK-TIS-80148/output_kmc_all.kmc_pre /share/pool/toriowo/Resources/Sex_Determination/kmerGwas/results/RhinePhoxinus/ZFMK-TIS-80148/output_kmc_all.kmc_suf: True 0
/share/pool/toriowo/Resources/Sex_Determination/kmerGwas/results/RhinePhoxinus/ZFMK-TIS-80125/output_kmc_canon.kmc_pre /share/pool/toriowo/Resources/Sex_Determination/kmerGwas/results/RhinePhoxinus/ZFMK-TIS-80125/output_kmc_canon.kmc_suf /share/pool/toriowo/Resources/Sex_Determination/kmerGwas/results/RhinePhoxinus/ZFMK-TIS-80125/output_kmc_all.kmc_pre /share/pool/toriowo/Resources/Sex_Determination/kmerGwas/results/RhinePhoxinus/ZFMK-TIS-80125/output_kmc_all.kmc_suf: True 0
/share/pool/toriowo/Resources/Sex_Determination/kmerGwas/results/RhinePhoxinus/ZFMK-TIS-65414/output_kmc_canon.kmc_pre /share/pool/toriowo/Resources/Sex_Determination/kmerGwas/results/RhinePhoxinus/ZFMK-TIS-65414/output_kmc_canon.kmc_suf /share/pool/toriowo/Resources/Sex_Determination/kmerGwas/results/RhinePhoxinus/ZFMK-TIS-65414/output_kmc_all.kmc_pre /share/pool/toriowo/Resources/Sex_Determination/kmerGwas/results/RhinePhoxinus/ZFMK-TIS-65414/output_kmc_all.kmc_suf: True 0
/share/pool/toriowo/Resources/Sex_Determination/kmerGwas/results/RhinePhoxinus/ZFMK-TIS-66058/output_kmc_canon.kmc_pre /share/pool/toriowo/Resources/Sex_Determination/kmerGwas/results/RhinePhoxinus/ZFMK-TIS-66058/output_kmc_canon.kmc_suf /share/pool/toriowo/Resources/Sex_Determination/kmerGwas/results/RhinePhoxinus/ZFMK-TIS-66058/output_kmc_all.kmc_pre /share/pool/toriowo/Resources/Sex_Determination/kmerGwas/results/RhinePhoxinus/ZFMK-TIS-66058/output_kmc_all.kmc_suf: True 0
/share/pool/toriowo/Resources/Sex_Determination/kmerGwas/results/RhinePhoxinus/ZFMK-TIS-66201/output_kmc_canon.kmc_pre /share/pool/toriowo/Resources/Sex_Determination/kmerGwas/results/RhinePhoxinus/ZFMK-TIS-66201/output_kmc_canon.kmc_suf /share/pool/toriowo/Resources/Sex_Determination/kmerGwas/results/RhinePhoxinus/ZFMK-TIS-66201/output_kmc_all.kmc_pre /share/pool/toriowo/Resources/Sex_Determination/kmerGwas/results/RhinePhoxinus/ZFMK-TIS-66201/output_kmc_all.kmc_suf: True 0
/share/pool/toriowo/Resources/Sex_Determination/kmerGwas/results/RhinePhoxinus/ZFMK-TIS-66030/output_kmc_canon.kmc_pre /share/pool/toriowo/Resources/Sex_Determination/kmerGwas/results/RhinePhoxinus/ZFMK-TIS-66030/output_kmc_canon.kmc_suf /share/pool/toriowo/Resources/Sex_Determination/kmerGwas/results/RhinePhoxinus/ZFMK-TIS-66030/output_kmc_all.kmc_pre /share/pool/toriowo/Resources/Sex_Determination/kmerGwas/results/RhinePhoxinus/ZFMK-TIS-66030/output_kmc_all.kmc_suf: True 0
/share/pool/toriowo/Resources/Sex_Determination/kmerGwas/results/RhinePhoxinus/ZFMK-TIS-66031/output_kmc_canon.kmc_pre /share/pool/toriowo/Resources/Sex_Determination/kmerGwas/results/RhinePhoxinus/ZFMK-TIS-66031/output_kmc_canon.kmc_suf /share/pool/toriowo/Resources/Sex_Determination/kmerGwas/results/RhinePhoxinus/ZFMK-TIS-66031/output_kmc_all.kmc_pre /share/pool/toriowo/Resources/Sex_Determination/kmerGwas/results/RhinePhoxinus/ZFMK-TIS-66031/output_kmc_all.kmc_suf: True 0
/share/pool/toriowo/Resources/Sex_Determination/kmerGwas/results/RhinePhoxinus/ZFMK-TIS-66114/output_kmc_canon.kmc_pre /share/pool/toriowo/Resources/Sex_Determination/kmerGwas/results/RhinePhoxinus/ZFMK-TIS-66114/output_kmc_canon.kmc_suf /share/pool/toriowo/Resources/Sex_Determination/kmerGwas/results/RhinePhoxinus/ZFMK-TIS-66114/output_kmc_all.kmc_pre /share/pool/toriowo/Resources/Sex_Determination/kmerGwas/results/RhinePhoxinus/ZFMK-TIS-66114/output_kmc_all.kmc_suf: True 0
/share/pool/toriowo/Resources/Sex_Determination/kmerGwas/results/RhinePhoxinus/ZFMK-TIS-66336/output_kmc_canon.kmc_pre /share/pool/toriowo/Resources/Sex_Determination/kmerGwas/results/RhinePhoxinus/ZFMK-TIS-66336/output_kmc_canon.kmc_suf /share/pool/toriowo/Resources/Sex_Determination/kmerGwas/results/RhinePhoxinus/ZFMK-TIS-66336/output_kmc_all.kmc_pre /share/pool/toriowo/Resources/Sex_Determination/kmerGwas/results/RhinePhoxinus/ZFMK-TIS-66336/output_kmc_all.kmc_suf: True 0
/share/pool/toriowo/Resources/Sex_Determination/kmerGwas/results/RhinePhoxinus/ZFMK-TIS-66168/output_kmc_canon.kmc_pre /share/pool/toriowo/Resources/Sex_Determination/kmerGwas/results/RhinePhoxinus/ZFMK-TIS-66168/output_kmc_canon.kmc_suf /share/pool/toriowo/Resources/Sex_Determination/kmerGwas/results/RhinePhoxinus/ZFMK-TIS-66168/output_kmc_all.kmc_pre /share/pool/toriowo/Resources/Sex_Determination/kmerGwas/results/RhinePhoxinus/ZFMK-TIS-66168/output_kmc_all.kmc_suf: True 0
/share/pool/toriowo/Resources/Sex_Determination/kmerGwas/results/RhinePhoxinus/ZFMK-TIS-65486/output_kmc_canon.kmc_pre /share/pool/toriowo/Resources/Sex_Determination/kmerGwas/results/RhinePhoxinus/ZFMK-TIS-65486/output_kmc_canon.kmc_suf /share/pool/toriowo/Resources/Sex_Determination/kmerGwas/results/RhinePhoxinus/ZFMK-TIS-65486/output_kmc_all.kmc_pre /share/pool/toriowo/Resources/Sex_Determination/kmerGwas/results/RhinePhoxinus/ZFMK-TIS-65486/output_kmc_all.kmc_suf: True 0
: False 26
/share/pool/toriowo/Resources/Sex_Determination/kmerGwas/results/RhinePhoxinus/ZFMK-TIS-66363/output_kmc_canon.kmc_pre /share/pool/toriowo/Resources/Sex_Determination/kmerGwas/results/RhinePhoxinus/ZFMK-TIS-66363/output_kmc_canon.kmc_suf /share/pool/toriowo/Resources/Sex_Determination/kmerGwas/results/RhinePhoxinus/ZFMK-TIS-66363/output_kmc_all.kmc_pre /share/pool/toriowo/Resources/Sex_Determination/kmerGwas/results/RhinePhoxinus/ZFMK-TIS-66363/output_kmc_all.kmc_suf: True 0
/share/pool/toriowo/Resources/Sex_Determination/kmerGwas/results/RhinePhoxinus/ZFMK-TIS-80141/output_kmc_canon.kmc_pre /share/pool/toriowo/Resources/Sex_Determination/kmerGwas/results/RhinePhoxinus/ZFMK-TIS-80141/output_kmc_canon.kmc_suf /share/pool/toriowo/Resources/Sex_Determination/kmerGwas/results/RhinePhoxinus/ZFMK-TIS-80141/output_kmc_all.kmc_pre /share/pool/toriowo/Resources/Sex_Determination/kmerGwas/results/RhinePhoxinus/ZFMK-TIS-80141/output_kmc_all.kmc_suf: True 0
/share/pool/toriowo/Resources/Sex_Determination/kmerGwas/results/RhinePhoxinus/ZFMK-TIS-66047/output_kmc_canon.kmc_pre /share/pool/toriowo/Resources/Sex_Determination/kmerGwas/results/RhinePhoxinus/ZFMK-TIS-66047/output_kmc_canon.kmc_suf /share/pool/toriowo/Resources/Sex_Determination/kmerGwas/results/RhinePhoxinus/ZFMK-TIS-66047/output_kmc_all.kmc_pre /share/pool/toriowo/Resources/Sex_Determination/kmerGwas/results/RhinePhoxinus/ZFMK-TIS-66047/output_kmc_all.kmc_suf: True 0
/share/pool/toriowo/Resources/Sex_Determination/kmerGwas/results/RhinePhoxinus/ZFMK-TIS-65468/output_kmc_canon.kmc_pre /share/pool/toriowo/Resources/Sex_Determination/kmerGwas/results/RhinePhoxinus/ZFMK-TIS-65468/output_kmc_canon.kmc_suf /share/pool/toriowo/Resources/Sex_Determination/kmerGwas/results/RhinePhoxinus/ZFMK-TIS-65468/output_kmc_all.kmc_pre /share/pool/toriowo/Resources/Sex_Determination/kmerGwas/results/RhinePhoxinus/ZFMK-TIS-65468/output_kmc_all.kmc_suf: True 0
shared_storage_local_copies: True
remote_exec: False
Submitting maximum 100 job(s) over 1.0 second(s).
Using shell: /bin/bash
Provided cores: 20
Rules claiming more threads will be scaled down.
Job stats:
job      count
-----  -------
all          1
kmc         26
total       27

Resources before job selection: {'_cores': 20, '_nodes': 9223372036854775807, '_job_count': 9223372036854775807}
Ready jobs: 26
Select jobs to execute...
Selected jobs: 2
Resources after job selection: {'_cores': 4, '_nodes': 9223372036854775805, '_job_count': 100}
Execute 2 jobs...
[Wed Jul 23 22:29:20 2025]
localrule kmc:
    input: /share/pool/toriowo/Resources/Sex_Determination/kmerGwas/results/RhinePhoxinus/ZFMK-TIS-80150/ZFMK-TIS-80150_1.fq.gz, /share/pool/toriowo/Resources/Sex_Determination/kmerGwas/results/RhinePhoxinus/ZFMK-TIS-80150/ZFMK-TIS-80150_2.fq.gz
    output: /share/pool/toriowo/Resources/Sex_Determination/kmerGwas/results/RhinePhoxinus/ZFMK-TIS-80150/output_kmc_canon.kmc_pre, /share/pool/toriowo/Resources/Sex_Determination/kmerGwas/results/RhinePhoxinus/ZFMK-TIS-80150/output_kmc_canon.kmc_suf, /share/pool/toriowo/Resources/Sex_Determination/kmerGwas/results/RhinePhoxinus/ZFMK-TIS-80150/output_kmc_all.kmc_pre, /share/pool/toriowo/Resources/Sex_Determination/kmerGwas/results/RhinePhoxinus/ZFMK-TIS-80150/output_kmc_all.kmc_suf
    log: /share/pool/toriowo/Resources/Sex_Determination/kmerGwas/results/RhinePhoxinus/ZFMK-TIS-80150/kmc.log
    jobid: 2
    reason: Missing output files: /share/pool/toriowo/Resources/Sex_Determination/kmerGwas/results/RhinePhoxinus/ZFMK-TIS-80150/output_kmc_canon.kmc_pre, /share/pool/toriowo/Resources/Sex_Determination/kmerGwas/results/RhinePhoxinus/ZFMK-TIS-80150/output_kmc_all.kmc_pre
    wildcards: sample=ZFMK-TIS-80150
    threads: 8
    resources: tmpdir=/tmp/1975360.1.medium.q
Shell command: 
        set -euo pipefail

        cd "/share/pool/toriowo/Resources/Sex_Determination/kmerGwas/results/RhinePhoxinus/ZFMK-TIS-80150"

        # Create a file listing input FASTQs
        printf "%s\n%s\n" "/share/pool/toriowo/Resources/Sex_Determination/kmerGwas/results/RhinePhoxinus/ZFMK-TIS-80150/ZFMK-TIS-80150_1.fq.gz" "/share/pool/toriowo/Resources/Sex_Determination/kmerGwas/results/RhinePhoxinus/ZFMK-TIS-80150/ZFMK-TIS-80150_2.fq.gz" > input_files.txt

        # Run KMC for canonical kmers
        kmc -t8 -k31 -ci2 @input_files.txt output_kmc_canon ./tmp &>> /share/pool/toriowo/Resources/Sex_Determination/kmerGwas/results/RhinePhoxinus/ZFMK-TIS-80150/kmc.log

        # Run KMC for all kmers (including non-canonical)
        kmc -t8 -k31 -ci0 -b @input_files.txt output_kmc_all ./tmp &>> /share/pool/toriowo/Resources/Sex_Determination/kmerGwas/results/RhinePhoxinus/ZFMK-TIS-80150/kmc.log
        
[Wed Jul 23 22:29:20 2025]
localrule kmc:
    input: /share/pool/toriowo/Resources/Sex_Determination/kmerGwas/results/RhinePhoxinus/ZFMK-TIS-66168/ZFMK-TIS-66168_1.fq.gz, /share/pool/toriowo/Resources/Sex_Determination/kmerGwas/results/RhinePhoxinus/ZFMK-TIS-66168/ZFMK-TIS-66168_2.fq.gz
    output: /share/pool/toriowo/Resources/Sex_Determination/kmerGwas/results/RhinePhoxinus/ZFMK-TIS-66168/output_kmc_canon.kmc_pre, /share/pool/toriowo/Resources/Sex_Determination/kmerGwas/results/RhinePhoxinus/ZFMK-TIS-66168/output_kmc_canon.kmc_suf, /share/pool/toriowo/Resources/Sex_Determination/kmerGwas/results/RhinePhoxinus/ZFMK-TIS-66168/output_kmc_all.kmc_pre, /share/pool/toriowo/Resources/Sex_Determination/kmerGwas/results/RhinePhoxinus/ZFMK-TIS-66168/output_kmc_all.kmc_suf
    log: /share/pool/toriowo/Resources/Sex_Determination/kmerGwas/results/RhinePhoxinus/ZFMK-TIS-66168/kmc.log
    jobid: 12
    reason: Missing output files: /share/pool/toriowo/Resources/Sex_Determination/kmerGwas/results/RhinePhoxinus/ZFMK-TIS-66168/output_kmc_all.kmc_pre, /share/pool/toriowo/Resources/Sex_Determination/kmerGwas/results/RhinePhoxinus/ZFMK-TIS-66168/output_kmc_canon.kmc_pre
    wildcards: sample=ZFMK-TIS-66168
    threads: 8
    resources: tmpdir=/tmp/1975360.1.medium.q
Shell command: 
        set -euo pipefail

        cd "/share/pool/toriowo/Resources/Sex_Determination/kmerGwas/results/RhinePhoxinus/ZFMK-TIS-66168"

        # Create a file listing input FASTQs
        printf "%s\n%s\n" "/share/pool/toriowo/Resources/Sex_Determination/kmerGwas/results/RhinePhoxinus/ZFMK-TIS-66168/ZFMK-TIS-66168_1.fq.gz" "/share/pool/toriowo/Resources/Sex_Determination/kmerGwas/results/RhinePhoxinus/ZFMK-TIS-66168/ZFMK-TIS-66168_2.fq.gz" > input_files.txt

        # Run KMC for canonical kmers
        kmc -t8 -k31 -ci2 @input_files.txt output_kmc_canon ./tmp &>> /share/pool/toriowo/Resources/Sex_Determination/kmerGwas/results/RhinePhoxinus/ZFMK-TIS-66168/kmc.log

        # Run KMC for all kmers (including non-canonical)
        kmc -t8 -k31 -ci0 -b @input_files.txt output_kmc_all ./tmp &>> /share/pool/toriowo/Resources/Sex_Determination/kmerGwas/results/RhinePhoxinus/ZFMK-TIS-66168/kmc.log
        
Waiting for running jobs to complete.
Waiting at most 300 seconds for missing files:
/share/pool/toriowo/Resources/Sex_Determination/kmerGwas/results/RhinePhoxinus/ZFMK-TIS-66168/output_kmc_canon.kmc_pre (missing locally)
/share/pool/toriowo/Resources/Sex_Determination/kmerGwas/results/RhinePhoxinus/ZFMK-TIS-66168/output_kmc_canon.kmc_suf (missing locally)
/share/pool/toriowo/Resources/Sex_Determination/kmerGwas/results/RhinePhoxinus/ZFMK-TIS-66168/output_kmc_all.kmc_pre (missing locally)
/share/pool/toriowo/Resources/Sex_Determination/kmerGwas/results/RhinePhoxinus/ZFMK-TIS-66168/output_kmc_all.kmc_suf (missing locally)
still missing files, waiting...
still missing files, waiting...
still missing files, waiting...
still missing files, waiting...
still missing files, waiting...
still missing files, waiting...
