Assuming unrestricted shared filesystem usage.
None
host: compute-0-3.local
Building DAG of jobs...
File path /home/toriowo/Snakemake_projects/sexfindr-snakemake/snp-based-analyses/results/snp_gwas/bed_files//DanubeCsikii/DanubeCsikii.bed contains double '/'. This is likely unintended. It can also lead to inconsistent results of the file-matching approach used by Snakemake.
File path /home/toriowo/Snakemake_projects/sexfindr-snakemake/snp-based-analyses/results/snp_gwas/bed_files//DanubeCsikii/DanubeCsikii.fam contains double '/'. This is likely unintended. It can also lead to inconsistent results of the file-matching approach used by Snakemake.
Need to rerun job run_gemma because of missing output required by all.
Need to rerun job all because job run_gemma has to be rerun.
: False 1
/home/toriowo/Snakemake_projects/sexfindr-snakemake/snp-based-analyses/results/snp_gwas/gwas/DanubeCsikii/output/DanubeCsikii_gemma.assoc.txt /home/toriowo/Snakemake_projects/sexfindr-snakemake/snp-based-analyses/results/snp_gwas/gwas/DanubeCsikii/output/DanubeCsikii_gemma.log: True 0
shared_storage_local_copies: True
remote_exec: False
Submitting maximum 100 job(s) over 1.0 second(s).
Using shell: /bin/bash
Provided cores: 20
Rules claiming more threads will be scaled down.
Job stats:
job          count
---------  -------
all              1
run_gemma        1
total            2

Resources before job selection: {'_cores': 20, '_nodes': 9223372036854775807, '_job_count': 9223372036854775807}
Ready jobs: 1
Select jobs to execute...
Selecting jobs to run using greedy solver.
Selected jobs: 1
Resources after job selection: {'_cores': 19, '_nodes': 9223372036854775806, '_job_count': 100}
Execute 1 jobs...
[Thu Jul 17 10:42:01 2025]
localrule run_gemma:
    input: /home/toriowo/Snakemake_projects/sexfindr-snakemake/snp-based-analyses/results/snp_gwas/bed_files/DanubeCsikii/DanubeCsikii.bed, /home/toriowo/Snakemake_projects/sexfindr-snakemake/snp-based-analyses/results/snp_gwas/bed_files/DanubeCsikii/DanubeCsikii.bim, /home/toriowo/Snakemake_projects/sexfindr-snakemake/snp-based-analyses/results/snp_gwas/bed_files/DanubeCsikii/DanubeCsikii.fam
    output: /home/toriowo/Snakemake_projects/sexfindr-snakemake/snp-based-analyses/results/snp_gwas/gwas/DanubeCsikii/output/DanubeCsikii_gemma.assoc.txt, /home/toriowo/Snakemake_projects/sexfindr-snakemake/snp-based-analyses/results/snp_gwas/gwas/DanubeCsikii/output/DanubeCsikii_gemma.log
    jobid: 4
    reason: Missing output files: /home/toriowo/Snakemake_projects/sexfindr-snakemake/snp-based-analyses/results/snp_gwas/gwas/DanubeCsikii/output/DanubeCsikii_gemma.log
    wildcards: gwas_output_dir=/home/toriowo/Snakemake_projects/sexfindr-snakemake/snp-based-analyses/results/snp_gwas/gwas, species=DanubeCsikii
    resources: tmpdir=/tmp/1974617.1.medium.q, mem_mb=8000, mem_mib=7630
Shell command: 
        mkdir -p /home/toriowo/Snakemake_projects/sexfindr-snakemake/snp-based-analyses/results/snp_gwas/gwas/DanubeCsikii/output

        cd /home/toriowo/Snakemake_projects/sexfindr-snakemake/snp-based-analyses/results/snp_gwas/gwas/DanubeCsikii

        gemma -bfile /home/toriowo/Snakemake_projects/sexfindr-snakemake/snp-based-analyses/results/snp_gwas/bed_files/DanubeCsikii/DanubeCsikii -lm 2 -o DanubeCsikii_gemma > /home/toriowo/Snakemake_projects/sexfindr-snakemake/snp-based-analyses/results/snp_gwas/gwas/DanubeCsikii/output/DanubeCsikii_gemma.log  2>&1
        
Waiting for running jobs to complete.
[Thu Jul 17 10:47:06 2025]
Finished jobid: 4 (Rule: run_gemma)
1 of 2 steps (50%) done
: True 0
Resources before job selection: {'_cores': 20, '_nodes': 9223372036854775807, '_job_count': 100}
Ready jobs: 1
Select jobs to execute...
Selecting jobs to run using greedy solver.
Selected jobs: 1
Resources after job selection: {'_cores': 19, '_nodes': 9223372036854775806, '_job_count': 100}
Execute 1 jobs...
[Thu Jul 17 10:47:06 2025]
localrule all:
    input: /home/toriowo/Snakemake_projects/sexfindr-snakemake/snp-based-analyses/results/snp_gwas/pheno_files/DanubeCsikii/DanubeCsikii.pheno.txt, /home/toriowo/Snakemake_projects/sexfindr-snakemake/snp-based-analyses/results/snp_gwas/bed_files/DanubeCsikii/DanubeCsikii.bed, /home/toriowo/Snakemake_projects/sexfindr-snakemake/snp-based-analyses/results/snp_gwas/bed_files/DanubeCsikii/DanubeCsikii.bim, /home/toriowo/Snakemake_projects/sexfindr-snakemake/snp-based-analyses/results/snp_gwas/bed_files/DanubeCsikii/DanubeCsikii.fam, /home/toriowo/Snakemake_projects/sexfindr-snakemake/snp-based-analyses/results/snp_gwas/gwas/DanubeCsikii/output/DanubeCsikii_gemma.log
    jobid: 0
    reason: Input files updated by another job: /home/toriowo/Snakemake_projects/sexfindr-snakemake/snp-based-analyses/results/snp_gwas/gwas/DanubeCsikii/output/DanubeCsikii_gemma.log
    resources: tmpdir=/tmp/1974617.1.medium.q
Shell command: None
Waiting for running jobs to complete.
[Thu Jul 17 10:47:06 2025]
Finished jobid: 0 (Rule: all)
2 of 2 steps (100%) done
Complete log(s): /home/toriowo/Snakemake_projects/sexfindr-snakemake/snp-based-analyses/.snakemake/log/2025-07-17T104201.042685.snakemake.log
unlocking
removing lock
removing lock
removed all locks
