Assuming unrestricted shared filesystem usage.
None
host: compute-0-1.local
Building DAG of jobs...
Need to rerun job extract_individual_bcfs_male because of missing output required by all.
Need to rerun job extract_individual_bcfs_male because of missing output required by all.
Need to rerun job extract_individual_bcfs_male because of missing output required by all.
Need to rerun job extract_individual_bcfs_male because of missing output required by all.
Need to rerun job extract_individual_bcfs_male because of missing output required by all.
Need to rerun job extract_individual_bcfs_male because of missing output required by all.
Need to rerun job extract_individual_bcfs_male because of missing output required by all.
Need to rerun job extract_individual_bcfs_female because of missing output required by all.
Need to rerun job extract_individual_bcfs_female because of missing output required by all.
Need to rerun job extract_individual_bcfs_female because of missing output required by all.
Need to rerun job extract_individual_bcfs_female because of missing output required by all.
Need to rerun job extract_individual_bcfs_female because of missing output required by all.
Need to rerun job extract_individual_bcfs_female because of missing output required by all.
Need to rerun job all because job extract_individual_bcfs_male has to be rerun.
Need to rerun job all because job extract_individual_bcfs_male has to be rerun.
Need to rerun job all because job extract_individual_bcfs_male has to be rerun.
Need to rerun job all because job extract_individual_bcfs_male has to be rerun.
Need to rerun job all because job extract_individual_bcfs_male has to be rerun.
Need to rerun job all because job extract_individual_bcfs_male has to be rerun.
Need to rerun job all because job extract_individual_bcfs_male has to be rerun.
Need to rerun job all because job extract_individual_bcfs_female has to be rerun.
Need to rerun job all because job extract_individual_bcfs_female has to be rerun.
Need to rerun job all because job extract_individual_bcfs_female has to be rerun.
Need to rerun job all because job extract_individual_bcfs_female has to be rerun.
Need to rerun job all because job extract_individual_bcfs_female has to be rerun.
Need to rerun job all because job extract_individual_bcfs_female has to be rerun.
/home/toriowo/Snakemake_projects/sexfindr-snakemake/snp-based-analyses/results/individual_bcf/DanubeCsikii/Female/AM45.bcf: True 0
: False 13
/home/toriowo/Snakemake_projects/sexfindr-snakemake/snp-based-analyses/results/individual_bcf/DanubeCsikii/Female/Danube_ZFMK-TIS-66624.bcf: True 0
/home/toriowo/Snakemake_projects/sexfindr-snakemake/snp-based-analyses/results/individual_bcf/DanubeCsikii/Female/AM46.bcf: True 0
/home/toriowo/Snakemake_projects/sexfindr-snakemake/snp-based-analyses/results/individual_bcf/DanubeCsikii/Male/Danube_ZFMK-TIS-66619.bcf: True 0
/home/toriowo/Snakemake_projects/sexfindr-snakemake/snp-based-analyses/results/individual_bcf/DanubeCsikii/Male/Jagst_ZFMK-TIS-80585.bcf: True 0
/home/toriowo/Snakemake_projects/sexfindr-snakemake/snp-based-analyses/results/individual_bcf/DanubeCsikii/Male/Danube_ZFMK-TIS-66628.bcf: True 0
/home/toriowo/Snakemake_projects/sexfindr-snakemake/snp-based-analyses/results/individual_bcf/DanubeCsikii/Female/AM37.bcf: True 0
/home/toriowo/Snakemake_projects/sexfindr-snakemake/snp-based-analyses/results/individual_bcf/DanubeCsikii/Male/AM39.bcf: True 0
/home/toriowo/Snakemake_projects/sexfindr-snakemake/snp-based-analyses/results/individual_bcf/DanubeCsikii/Female/Danube_ZFMK-TIS-66623.bcf: True 0
/home/toriowo/Snakemake_projects/sexfindr-snakemake/snp-based-analyses/results/individual_bcf/DanubeCsikii/Male/AM41.bcf: True 0
/home/toriowo/Snakemake_projects/sexfindr-snakemake/snp-based-analyses/results/individual_bcf/DanubeCsikii/Male/AM42.bcf: True 0
/home/toriowo/Snakemake_projects/sexfindr-snakemake/snp-based-analyses/results/individual_bcf/DanubeCsikii/Female/Jagst_ZFMK-TIS-80581.bcf: True 0
/home/toriowo/Snakemake_projects/sexfindr-snakemake/snp-based-analyses/results/individual_bcf/DanubeCsikii/Male/Danube_ZFMK-TIS-66629.bcf: True 0
shared_storage_local_copies: True
remote_exec: False
Submitting maximum 100 job(s) over 1.0 second(s).
Using shell: /bin/bash
Provided cores: 30
Rules claiming more threads will be scaled down.
Job stats:
job                               count
------------------------------  -------
all                                   1
extract_individual_bcfs_female        6
extract_individual_bcfs_male          7
total                                14

Resources before job selection: {'_cores': 30, '_nodes': 9223372036854775807, '_job_count': 9223372036854775807}
Ready jobs: 13
Select jobs to execute...
Selected jobs: 7
Resources after job selection: {'_cores': 2, '_nodes': 9223372036854775800, '_job_count': 100}
Execute 7 jobs...
[Wed Jul 16 16:41:31 2025]
localrule extract_individual_bcfs_female:
    input: /home/toriowo/SNAKEMAKE/Variant_calling_pipeline/haplome_one_results/DanubeCsikii/Filtered/DanubeCsikii_allChromosomes.filtered.norm.bcf
    output: /home/toriowo/Snakemake_projects/sexfindr-snakemake/snp-based-analyses/results/individual_bcf/DanubeCsikii/Female/AM45.bcf
    jobid: 11
    reason: Missing output files: /home/toriowo/Snakemake_projects/sexfindr-snakemake/snp-based-analyses/results/individual_bcf/DanubeCsikii/Female/AM45.bcf
    wildcards: species=DanubeCsikii, sample=AM45
    threads: 4
    resources: tmpdir=/tmp/1974433.1.medium.q
Shell command: 
        mkdir -p $(dirname /home/toriowo/Snakemake_projects/sexfindr-snakemake/snp-based-analyses/results/individual_bcf/DanubeCsikii/Female/AM45.bcf)
        bcftools view -a -s AM45 --threads 4 -O b -o /home/toriowo/Snakemake_projects/sexfindr-snakemake/snp-based-analyses/results/individual_bcf/DanubeCsikii/Female/AM45.bcf /home/toriowo/SNAKEMAKE/Variant_calling_pipeline/haplome_one_results/DanubeCsikii/Filtered/DanubeCsikii_allChromosomes.filtered.norm.bcf
        bcftools index /home/toriowo/Snakemake_projects/sexfindr-snakemake/snp-based-analyses/results/individual_bcf/DanubeCsikii/Female/AM45.bcf
        
[Wed Jul 16 16:41:31 2025]
localrule extract_individual_bcfs_female:
    input: /home/toriowo/SNAKEMAKE/Variant_calling_pipeline/haplome_one_results/DanubeCsikii/Filtered/DanubeCsikii_allChromosomes.filtered.norm.bcf
    output: /home/toriowo/Snakemake_projects/sexfindr-snakemake/snp-based-analyses/results/individual_bcf/DanubeCsikii/Female/Danube_ZFMK-TIS-66624.bcf
    jobid: 15
    reason: Missing output files: /home/toriowo/Snakemake_projects/sexfindr-snakemake/snp-based-analyses/results/individual_bcf/DanubeCsikii/Female/Danube_ZFMK-TIS-66624.bcf
    wildcards: species=DanubeCsikii, sample=Danube_ZFMK-TIS-66624
    threads: 4
    resources: tmpdir=/tmp/1974433.1.medium.q
Shell command: 
        mkdir -p $(dirname /home/toriowo/Snakemake_projects/sexfindr-snakemake/snp-based-analyses/results/individual_bcf/DanubeCsikii/Female/Danube_ZFMK-TIS-66624.bcf)
        bcftools view -a -s Danube_ZFMK-TIS-66624 --threads 4 -O b -o /home/toriowo/Snakemake_projects/sexfindr-snakemake/snp-based-analyses/results/individual_bcf/DanubeCsikii/Female/Danube_ZFMK-TIS-66624.bcf /home/toriowo/SNAKEMAKE/Variant_calling_pipeline/haplome_one_results/DanubeCsikii/Filtered/DanubeCsikii_allChromosomes.filtered.norm.bcf
        bcftools index /home/toriowo/Snakemake_projects/sexfindr-snakemake/snp-based-analyses/results/individual_bcf/DanubeCsikii/Female/Danube_ZFMK-TIS-66624.bcf
        
[Wed Jul 16 16:41:31 2025]
localrule extract_individual_bcfs_female:
    input: /home/toriowo/SNAKEMAKE/Variant_calling_pipeline/haplome_one_results/DanubeCsikii/Filtered/DanubeCsikii_allChromosomes.filtered.norm.bcf
    output: /home/toriowo/Snakemake_projects/sexfindr-snakemake/snp-based-analyses/results/individual_bcf/DanubeCsikii/Female/AM46.bcf
    jobid: 12
    reason: Missing output files: /home/toriowo/Snakemake_projects/sexfindr-snakemake/snp-based-analyses/results/individual_bcf/DanubeCsikii/Female/AM46.bcf
    wildcards: species=DanubeCsikii, sample=AM46
    threads: 4
    resources: tmpdir=/tmp/1974433.1.medium.q
Shell command: 
        mkdir -p $(dirname /home/toriowo/Snakemake_projects/sexfindr-snakemake/snp-based-analyses/results/individual_bcf/DanubeCsikii/Female/AM46.bcf)
        bcftools view -a -s AM46 --threads 4 -O b -o /home/toriowo/Snakemake_projects/sexfindr-snakemake/snp-based-analyses/results/individual_bcf/DanubeCsikii/Female/AM46.bcf /home/toriowo/SNAKEMAKE/Variant_calling_pipeline/haplome_one_results/DanubeCsikii/Filtered/DanubeCsikii_allChromosomes.filtered.norm.bcf
        bcftools index /home/toriowo/Snakemake_projects/sexfindr-snakemake/snp-based-analyses/results/individual_bcf/DanubeCsikii/Female/AM46.bcf
        
[Wed Jul 16 16:41:31 2025]
localrule extract_individual_bcfs_male:
    input: /home/toriowo/SNAKEMAKE/Variant_calling_pipeline/haplome_one_results/DanubeCsikii/Filtered/DanubeCsikii_allChromosomes.filtered.norm.bcf
    output: /home/toriowo/Snakemake_projects/sexfindr-snakemake/snp-based-analyses/results/individual_bcf/DanubeCsikii/Male/Danube_ZFMK-TIS-66619.bcf
    jobid: 1
    reason: Missing output files: /home/toriowo/Snakemake_projects/sexfindr-snakemake/snp-based-analyses/results/individual_bcf/DanubeCsikii/Male/Danube_ZFMK-TIS-66619.bcf
    wildcards: species=DanubeCsikii, sample=Danube_ZFMK-TIS-66619
    threads: 4
    resources: tmpdir=/tmp/1974433.1.medium.q
Shell command: 
        mkdir -p $(dirname /home/toriowo/Snakemake_projects/sexfindr-snakemake/snp-based-analyses/results/individual_bcf/DanubeCsikii/Male/Danube_ZFMK-TIS-66619.bcf)
        bcftools view -a -s Danube_ZFMK-TIS-66619 --threads 4 -O b -o /home/toriowo/Snakemake_projects/sexfindr-snakemake/snp-based-analyses/results/individual_bcf/DanubeCsikii/Male/Danube_ZFMK-TIS-66619.bcf /home/toriowo/SNAKEMAKE/Variant_calling_pipeline/haplome_one_results/DanubeCsikii/Filtered/DanubeCsikii_allChromosomes.filtered.norm.bcf
        bcftools index /home/toriowo/Snakemake_projects/sexfindr-snakemake/snp-based-analyses/results/individual_bcf/DanubeCsikii/Male/Danube_ZFMK-TIS-66619.bcf
        
[Wed Jul 16 16:41:31 2025]
localrule extract_individual_bcfs_male:
    input: /home/toriowo/SNAKEMAKE/Variant_calling_pipeline/haplome_one_results/DanubeCsikii/Filtered/DanubeCsikii_allChromosomes.filtered.norm.bcf
    output: /home/toriowo/Snakemake_projects/sexfindr-snakemake/snp-based-analyses/results/individual_bcf/DanubeCsikii/Male/AM42.bcf
    jobid: 7
    reason: Missing output files: /home/toriowo/Snakemake_projects/sexfindr-snakemake/snp-based-analyses/results/individual_bcf/DanubeCsikii/Male/AM42.bcf
    wildcards: species=DanubeCsikii, sample=AM42
    threads: 4
    resources: tmpdir=/tmp/1974433.1.medium.q
Shell command: 
        mkdir -p $(dirname /home/toriowo/Snakemake_projects/sexfindr-snakemake/snp-based-analyses/results/individual_bcf/DanubeCsikii/Male/AM42.bcf)
        bcftools view -a -s AM42 --threads 4 -O b -o /home/toriowo/Snakemake_projects/sexfindr-snakemake/snp-based-analyses/results/individual_bcf/DanubeCsikii/Male/AM42.bcf /home/toriowo/SNAKEMAKE/Variant_calling_pipeline/haplome_one_results/DanubeCsikii/Filtered/DanubeCsikii_allChromosomes.filtered.norm.bcf
        bcftools index /home/toriowo/Snakemake_projects/sexfindr-snakemake/snp-based-analyses/results/individual_bcf/DanubeCsikii/Male/AM42.bcf
        
[Wed Jul 16 16:41:31 2025]
localrule extract_individual_bcfs_female:
    input: /home/toriowo/SNAKEMAKE/Variant_calling_pipeline/haplome_one_results/DanubeCsikii/Filtered/DanubeCsikii_allChromosomes.filtered.norm.bcf
    output: /home/toriowo/Snakemake_projects/sexfindr-snakemake/snp-based-analyses/results/individual_bcf/DanubeCsikii/Female/Jagst_ZFMK-TIS-80581.bcf
    jobid: 9
    reason: Missing output files: /home/toriowo/Snakemake_projects/sexfindr-snakemake/snp-based-analyses/results/individual_bcf/DanubeCsikii/Female/Jagst_ZFMK-TIS-80581.bcf
    wildcards: species=DanubeCsikii, sample=Jagst_ZFMK-TIS-80581
    threads: 4
    resources: tmpdir=/tmp/1974433.1.medium.q
Shell command: 
        mkdir -p $(dirname /home/toriowo/Snakemake_projects/sexfindr-snakemake/snp-based-analyses/results/individual_bcf/DanubeCsikii/Female/Jagst_ZFMK-TIS-80581.bcf)
        bcftools view -a -s Jagst_ZFMK-TIS-80581 --threads 4 -O b -o /home/toriowo/Snakemake_projects/sexfindr-snakemake/snp-based-analyses/results/individual_bcf/DanubeCsikii/Female/Jagst_ZFMK-TIS-80581.bcf /home/toriowo/SNAKEMAKE/Variant_calling_pipeline/haplome_one_results/DanubeCsikii/Filtered/DanubeCsikii_allChromosomes.filtered.norm.bcf
        bcftools index /home/toriowo/Snakemake_projects/sexfindr-snakemake/snp-based-analyses/results/individual_bcf/DanubeCsikii/Female/Jagst_ZFMK-TIS-80581.bcf
        
[Wed Jul 16 16:41:31 2025]
localrule extract_individual_bcfs_male:
    input: /home/toriowo/SNAKEMAKE/Variant_calling_pipeline/haplome_one_results/DanubeCsikii/Filtered/DanubeCsikii_allChromosomes.filtered.norm.bcf
    output: /home/toriowo/Snakemake_projects/sexfindr-snakemake/snp-based-analyses/results/individual_bcf/DanubeCsikii/Male/Danube_ZFMK-TIS-66629.bcf
    jobid: 4
    reason: Missing output files: /home/toriowo/Snakemake_projects/sexfindr-snakemake/snp-based-analyses/results/individual_bcf/DanubeCsikii/Male/Danube_ZFMK-TIS-66629.bcf
    wildcards: species=DanubeCsikii, sample=Danube_ZFMK-TIS-66629
    threads: 4
    resources: tmpdir=/tmp/1974433.1.medium.q
Shell command: 
        mkdir -p $(dirname /home/toriowo/Snakemake_projects/sexfindr-snakemake/snp-based-analyses/results/individual_bcf/DanubeCsikii/Male/Danube_ZFMK-TIS-66629.bcf)
        bcftools view -a -s Danube_ZFMK-TIS-66629 --threads 4 -O b -o /home/toriowo/Snakemake_projects/sexfindr-snakemake/snp-based-analyses/results/individual_bcf/DanubeCsikii/Male/Danube_ZFMK-TIS-66629.bcf /home/toriowo/SNAKEMAKE/Variant_calling_pipeline/haplome_one_results/DanubeCsikii/Filtered/DanubeCsikii_allChromosomes.filtered.norm.bcf
        bcftools index /home/toriowo/Snakemake_projects/sexfindr-snakemake/snp-based-analyses/results/individual_bcf/DanubeCsikii/Male/Danube_ZFMK-TIS-66629.bcf
        
Waiting for running jobs to complete.
Full Traceback (most recent call last):
  File "/home/toriowo/.conda/envs/snakemake/lib/python3.12/site-packages/snakemake/executors/local.py", line 425, in run_wrapper
    run(
  File "/home/toriowo/Snakemake_projects/sexfindr-snakemake/snp-based-analyses/workflow/rules/03-extract-sample-bcf.smk", line 89, in __rule_extract_individual_bcfs_female
  File "/home/toriowo/.conda/envs/snakemake/lib/python3.12/site-packages/snakemake/shell.py", line 358, in __new__
    raise sp.CalledProcessError(retcode, cmd)
subprocess.CalledProcessError: Command 'set -euo pipefail;  
        mkdir -p $(dirname /home/toriowo/Snakemake_projects/sexfindr-snakemake/snp-based-analyses/results/individual_bcf/DanubeCsikii/Female/AM45.bcf)
        bcftools view -a -s AM45 --threads 4 -O b -o /home/toriowo/Snakemake_projects/sexfindr-snakemake/snp-based-analyses/results/individual_bcf/DanubeCsikii/Female/AM45.bcf /home/toriowo/SNAKEMAKE/Variant_calling_pipeline/haplome_one_results/DanubeCsikii/Filtered/DanubeCsikii_allChromosomes.filtered.norm.bcf
        bcftools index /home/toriowo/Snakemake_projects/sexfindr-snakemake/snp-based-analyses/results/individual_bcf/DanubeCsikii/Female/AM45.bcf' returned non-zero exit status 255.

Full Traceback (most recent call last):
  File "/home/toriowo/.conda/envs/snakemake/lib/python3.12/site-packages/snakemake/executors/local.py", line 425, in run_wrapper
    run(
  File "/home/toriowo/Snakemake_projects/sexfindr-snakemake/snp-based-analyses/workflow/rules/03-extract-sample-bcf.smk", line 89, in __rule_extract_individual_bcfs_female
  File "/home/toriowo/.conda/envs/snakemake/lib/python3.12/site-packages/snakemake/shell.py", line 358, in __new__
    raise sp.CalledProcessError(retcode, cmd)
subprocess.CalledProcessError: Command 'set -euo pipefail;  
        mkdir -p $(dirname /home/toriowo/Snakemake_projects/sexfindr-snakemake/snp-based-analyses/results/individual_bcf/DanubeCsikii/Female/AM45.bcf)
        bcftools view -a -s AM45 --threads 4 -O b -o /home/toriowo/Snakemake_projects/sexfindr-snakemake/snp-based-analyses/results/individual_bcf/DanubeCsikii/Female/AM45.bcf /home/toriowo/SNAKEMAKE/Variant_calling_pipeline/haplome_one_results/DanubeCsikii/Filtered/DanubeCsikii_allChromosomes.filtered.norm.bcf
        bcftools index /home/toriowo/Snakemake_projects/sexfindr-snakemake/snp-based-analyses/results/individual_bcf/DanubeCsikii/Female/AM45.bcf' returned non-zero exit status 255.

During handling of the above exception, another exception occurred:

Traceback (most recent call last):
  File "/home/toriowo/.conda/envs/snakemake/lib/python3.12/concurrent/futures/thread.py", line 59, in run
    result = self.fn(*self.args, **self.kwargs)
             ^^^^^^^^^^^^^^^^^^^^^^^^^^^^^^^^^^
  File "/home/toriowo/.conda/envs/snakemake/lib/python3.12/site-packages/snakemake/executors/local.py", line 247, in cached_or_run
    run_func(*args)
  File "/home/toriowo/.conda/envs/snakemake/lib/python3.12/site-packages/snakemake/executors/local.py", line 461, in run_wrapper
    raise RuleException(
snakemake.exceptions.RuleException: CalledProcessError in file "/home/toriowo/Snakemake_projects/sexfindr-snakemake/snp-based-analyses/workflow/rules/03-extract-sample-bcf.smk", line 51:
Command 'set -euo pipefail;  
        mkdir -p $(dirname /home/toriowo/Snakemake_projects/sexfindr-snakemake/snp-based-analyses/results/individual_bcf/DanubeCsikii/Female/AM45.bcf)
        bcftools view -a -s AM45 --threads 4 -O b -o /home/toriowo/Snakemake_projects/sexfindr-snakemake/snp-based-analyses/results/individual_bcf/DanubeCsikii/Female/AM45.bcf /home/toriowo/SNAKEMAKE/Variant_calling_pipeline/haplome_one_results/DanubeCsikii/Filtered/DanubeCsikii_allChromosomes.filtered.norm.bcf
        bcftools index /home/toriowo/Snakemake_projects/sexfindr-snakemake/snp-based-analyses/results/individual_bcf/DanubeCsikii/Female/AM45.bcf' returned non-zero exit status 255.

RuleException:
CalledProcessError in file "/home/toriowo/Snakemake_projects/sexfindr-snakemake/snp-based-analyses/workflow/rules/03-extract-sample-bcf.smk", line 51:
Command 'set -euo pipefail;  
        mkdir -p $(dirname /home/toriowo/Snakemake_projects/sexfindr-snakemake/snp-based-analyses/results/individual_bcf/DanubeCsikii/Female/AM45.bcf)
        bcftools view -a -s AM45 --threads 4 -O b -o /home/toriowo/Snakemake_projects/sexfindr-snakemake/snp-based-analyses/results/individual_bcf/DanubeCsikii/Female/AM45.bcf /home/toriowo/SNAKEMAKE/Variant_calling_pipeline/haplome_one_results/DanubeCsikii/Filtered/DanubeCsikii_allChromosomes.filtered.norm.bcf
        bcftools index /home/toriowo/Snakemake_projects/sexfindr-snakemake/snp-based-analyses/results/individual_bcf/DanubeCsikii/Female/AM45.bcf' returned non-zero exit status 255.
[Wed Jul 16 16:41:31 2025]
Error in rule extract_individual_bcfs_female:
    message: None
    jobid: 11
    input: /home/toriowo/SNAKEMAKE/Variant_calling_pipeline/haplome_one_results/DanubeCsikii/Filtered/DanubeCsikii_allChromosomes.filtered.norm.bcf
    output: /home/toriowo/Snakemake_projects/sexfindr-snakemake/snp-based-analyses/results/individual_bcf/DanubeCsikii/Female/AM45.bcf
    shell:
        
        mkdir -p $(dirname /home/toriowo/Snakemake_projects/sexfindr-snakemake/snp-based-analyses/results/individual_bcf/DanubeCsikii/Female/AM45.bcf)
        bcftools view -a -s AM45 --threads 4 -O b -o /home/toriowo/Snakemake_projects/sexfindr-snakemake/snp-based-analyses/results/individual_bcf/DanubeCsikii/Female/AM45.bcf /home/toriowo/SNAKEMAKE/Variant_calling_pipeline/haplome_one_results/DanubeCsikii/Filtered/DanubeCsikii_allChromosomes.filtered.norm.bcf
        bcftools index /home/toriowo/Snakemake_projects/sexfindr-snakemake/snp-based-analyses/results/individual_bcf/DanubeCsikii/Female/AM45.bcf
        
        (command exited with non-zero exit code)
Full Traceback (most recent call last):
  File "/home/toriowo/.conda/envs/snakemake/lib/python3.12/site-packages/snakemake/executors/local.py", line 425, in run_wrapper
    run(
  File "/home/toriowo/Snakemake_projects/sexfindr-snakemake/snp-based-analyses/workflow/rules/03-extract-sample-bcf.smk", line 57, in __rule_extract_individual_bcfs_male
  File "/home/toriowo/.conda/envs/snakemake/lib/python3.12/site-packages/snakemake/shell.py", line 358, in __new__
    raise sp.CalledProcessError(retcode, cmd)
subprocess.CalledProcessError: Command 'set -euo pipefail;  
        mkdir -p $(dirname /home/toriowo/Snakemake_projects/sexfindr-snakemake/snp-based-analyses/results/individual_bcf/DanubeCsikii/Male/AM42.bcf)
        bcftools view -a -s AM42 --threads 4 -O b -o /home/toriowo/Snakemake_projects/sexfindr-snakemake/snp-based-analyses/results/individual_bcf/DanubeCsikii/Male/AM42.bcf /home/toriowo/SNAKEMAKE/Variant_calling_pipeline/haplome_one_results/DanubeCsikii/Filtered/DanubeCsikii_allChromosomes.filtered.norm.bcf
        bcftools index /home/toriowo/Snakemake_projects/sexfindr-snakemake/snp-based-analyses/results/individual_bcf/DanubeCsikii/Male/AM42.bcf' returned non-zero exit status 255.

Full Traceback (most recent call last):
  File "/home/toriowo/.conda/envs/snakemake/lib/python3.12/site-packages/snakemake/executors/local.py", line 425, in run_wrapper
    run(
  File "/home/toriowo/Snakemake_projects/sexfindr-snakemake/snp-based-analyses/workflow/rules/03-extract-sample-bcf.smk", line 89, in __rule_extract_individual_bcfs_female
  File "/home/toriowo/.conda/envs/snakemake/lib/python3.12/site-packages/snakemake/shell.py", line 358, in __new__
    raise sp.CalledProcessError(retcode, cmd)
subprocess.CalledProcessError: Command 'set -euo pipefail;  
        mkdir -p $(dirname /home/toriowo/Snakemake_projects/sexfindr-snakemake/snp-based-analyses/results/individual_bcf/DanubeCsikii/Female/AM46.bcf)
        bcftools view -a -s AM46 --threads 4 -O b -o /home/toriowo/Snakemake_projects/sexfindr-snakemake/snp-based-analyses/results/individual_bcf/DanubeCsikii/Female/AM46.bcf /home/toriowo/SNAKEMAKE/Variant_calling_pipeline/haplome_one_results/DanubeCsikii/Filtered/DanubeCsikii_allChromosomes.filtered.norm.bcf
        bcftools index /home/toriowo/Snakemake_projects/sexfindr-snakemake/snp-based-analyses/results/individual_bcf/DanubeCsikii/Female/AM46.bcf' returned non-zero exit status 255.

Full Traceback (most recent call last):
  File "/home/toriowo/.conda/envs/snakemake/lib/python3.12/site-packages/snakemake/executors/local.py", line 425, in run_wrapper
    run(
  File "/home/toriowo/Snakemake_projects/sexfindr-snakemake/snp-based-analyses/workflow/rules/03-extract-sample-bcf.smk", line 89, in __rule_extract_individual_bcfs_female
  File "/home/toriowo/.conda/envs/snakemake/lib/python3.12/site-packages/snakemake/shell.py", line 358, in __new__
    raise sp.CalledProcessError(retcode, cmd)
subprocess.CalledProcessError: Command 'set -euo pipefail;  
        mkdir -p $(dirname /home/toriowo/Snakemake_projects/sexfindr-snakemake/snp-based-analyses/results/individual_bcf/DanubeCsikii/Female/AM46.bcf)
        bcftools view -a -s AM46 --threads 4 -O b -o /home/toriowo/Snakemake_projects/sexfindr-snakemake/snp-based-analyses/results/individual_bcf/DanubeCsikii/Female/AM46.bcf /home/toriowo/SNAKEMAKE/Variant_calling_pipeline/haplome_one_results/DanubeCsikii/Filtered/DanubeCsikii_allChromosomes.filtered.norm.bcf
        bcftools index /home/toriowo/Snakemake_projects/sexfindr-snakemake/snp-based-analyses/results/individual_bcf/DanubeCsikii/Female/AM46.bcf' returned non-zero exit status 255.

During handling of the above exception, another exception occurred:

Traceback (most recent call last):
  File "/home/toriowo/.conda/envs/snakemake/lib/python3.12/concurrent/futures/thread.py", line 59, in run
    result = self.fn(*self.args, **self.kwargs)
             ^^^^^^^^^^^^^^^^^^^^^^^^^^^^^^^^^^
  File "/home/toriowo/.conda/envs/snakemake/lib/python3.12/site-packages/snakemake/executors/local.py", line 247, in cached_or_run
    run_func(*args)
  File "/home/toriowo/.conda/envs/snakemake/lib/python3.12/site-packages/snakemake/executors/local.py", line 461, in run_wrapper
    raise RuleException(
snakemake.exceptions.RuleException: CalledProcessError in file "/home/toriowo/Snakemake_projects/sexfindr-snakemake/snp-based-analyses/workflow/rules/03-extract-sample-bcf.smk", line 51:
Command 'set -euo pipefail;  
        mkdir -p $(dirname /home/toriowo/Snakemake_projects/sexfindr-snakemake/snp-based-analyses/results/individual_bcf/DanubeCsikii/Female/AM46.bcf)
        bcftools view -a -s AM46 --threads 4 -O b -o /home/toriowo/Snakemake_projects/sexfindr-snakemake/snp-based-analyses/results/individual_bcf/DanubeCsikii/Female/AM46.bcf /home/toriowo/SNAKEMAKE/Variant_calling_pipeline/haplome_one_results/DanubeCsikii/Filtered/DanubeCsikii_allChromosomes.filtered.norm.bcf
        bcftools index /home/toriowo/Snakemake_projects/sexfindr-snakemake/snp-based-analyses/results/individual_bcf/DanubeCsikii/Female/AM46.bcf' returned non-zero exit status 255.

Full Traceback (most recent call last):
  File "/home/toriowo/.conda/envs/snakemake/lib/python3.12/site-packages/snakemake/executors/local.py", line 425, in run_wrapper
    run(
  File "/home/toriowo/Snakemake_projects/sexfindr-snakemake/snp-based-analyses/workflow/rules/03-extract-sample-bcf.smk", line 57, in __rule_extract_individual_bcfs_male
  File "/home/toriowo/.conda/envs/snakemake/lib/python3.12/site-packages/snakemake/shell.py", line 358, in __new__
    raise sp.CalledProcessError(retcode, cmd)
subprocess.CalledProcessError: Command 'set -euo pipefail;  
        mkdir -p $(dirname /home/toriowo/Snakemake_projects/sexfindr-snakemake/snp-based-analyses/results/individual_bcf/DanubeCsikii/Male/AM42.bcf)
        bcftools view -a -s AM42 --threads 4 -O b -o /home/toriowo/Snakemake_projects/sexfindr-snakemake/snp-based-analyses/results/individual_bcf/DanubeCsikii/Male/AM42.bcf /home/toriowo/SNAKEMAKE/Variant_calling_pipeline/haplome_one_results/DanubeCsikii/Filtered/DanubeCsikii_allChromosomes.filtered.norm.bcf
        bcftools index /home/toriowo/Snakemake_projects/sexfindr-snakemake/snp-based-analyses/results/individual_bcf/DanubeCsikii/Male/AM42.bcf' returned non-zero exit status 255.

During handling of the above exception, another exception occurred:

Traceback (most recent call last):
  File "/home/toriowo/.conda/envs/snakemake/lib/python3.12/concurrent/futures/thread.py", line 59, in run
    result = self.fn(*self.args, **self.kwargs)
             ^^^^^^^^^^^^^^^^^^^^^^^^^^^^^^^^^^
  File "/home/toriowo/.conda/envs/snakemake/lib/python3.12/site-packages/snakemake/executors/local.py", line 247, in cached_or_run
    run_func(*args)
  File "/home/toriowo/.conda/envs/snakemake/lib/python3.12/site-packages/snakemake/executors/local.py", line 461, in run_wrapper
    raise RuleException(
snakemake.exceptions.RuleException: CalledProcessError in file "/home/toriowo/Snakemake_projects/sexfindr-snakemake/snp-based-analyses/workflow/rules/03-extract-sample-bcf.smk", line 38:
Command 'set -euo pipefail;  
        mkdir -p $(dirname /home/toriowo/Snakemake_projects/sexfindr-snakemake/snp-based-analyses/results/individual_bcf/DanubeCsikii/Male/AM42.bcf)
        bcftools view -a -s AM42 --threads 4 -O b -o /home/toriowo/Snakemake_projects/sexfindr-snakemake/snp-based-analyses/results/individual_bcf/DanubeCsikii/Male/AM42.bcf /home/toriowo/SNAKEMAKE/Variant_calling_pipeline/haplome_one_results/DanubeCsikii/Filtered/DanubeCsikii_allChromosomes.filtered.norm.bcf
        bcftools index /home/toriowo/Snakemake_projects/sexfindr-snakemake/snp-based-analyses/results/individual_bcf/DanubeCsikii/Male/AM42.bcf' returned non-zero exit status 255.

RuleException:
CalledProcessError in file "/home/toriowo/Snakemake_projects/sexfindr-snakemake/snp-based-analyses/workflow/rules/03-extract-sample-bcf.smk", line 38:
Command 'set -euo pipefail;  
        mkdir -p $(dirname /home/toriowo/Snakemake_projects/sexfindr-snakemake/snp-based-analyses/results/individual_bcf/DanubeCsikii/Male/AM42.bcf)
        bcftools view -a -s AM42 --threads 4 -O b -o /home/toriowo/Snakemake_projects/sexfindr-snakemake/snp-based-analyses/results/individual_bcf/DanubeCsikii/Male/AM42.bcf /home/toriowo/SNAKEMAKE/Variant_calling_pipeline/haplome_one_results/DanubeCsikii/Filtered/DanubeCsikii_allChromosomes.filtered.norm.bcf
        bcftools index /home/toriowo/Snakemake_projects/sexfindr-snakemake/snp-based-analyses/results/individual_bcf/DanubeCsikii/Male/AM42.bcf' returned non-zero exit status 255.
[Wed Jul 16 16:41:31 2025]
Error in rule extract_individual_bcfs_male:
    message: None
    jobid: 7
    input: /home/toriowo/SNAKEMAKE/Variant_calling_pipeline/haplome_one_results/DanubeCsikii/Filtered/DanubeCsikii_allChromosomes.filtered.norm.bcf
    output: /home/toriowo/Snakemake_projects/sexfindr-snakemake/snp-based-analyses/results/individual_bcf/DanubeCsikii/Male/AM42.bcf
    shell:
        
        mkdir -p $(dirname /home/toriowo/Snakemake_projects/sexfindr-snakemake/snp-based-analyses/results/individual_bcf/DanubeCsikii/Male/AM42.bcf)
        bcftools view -a -s AM42 --threads 4 -O b -o /home/toriowo/Snakemake_projects/sexfindr-snakemake/snp-based-analyses/results/individual_bcf/DanubeCsikii/Male/AM42.bcf /home/toriowo/SNAKEMAKE/Variant_calling_pipeline/haplome_one_results/DanubeCsikii/Filtered/DanubeCsikii_allChromosomes.filtered.norm.bcf
        bcftools index /home/toriowo/Snakemake_projects/sexfindr-snakemake/snp-based-analyses/results/individual_bcf/DanubeCsikii/Male/AM42.bcf
        
        (command exited with non-zero exit code)
RuleException:
CalledProcessError in file "/home/toriowo/Snakemake_projects/sexfindr-snakemake/snp-based-analyses/workflow/rules/03-extract-sample-bcf.smk", line 51:
Command 'set -euo pipefail;  
        mkdir -p $(dirname /home/toriowo/Snakemake_projects/sexfindr-snakemake/snp-based-analyses/results/individual_bcf/DanubeCsikii/Female/AM46.bcf)
        bcftools view -a -s AM46 --threads 4 -O b -o /home/toriowo/Snakemake_projects/sexfindr-snakemake/snp-based-analyses/results/individual_bcf/DanubeCsikii/Female/AM46.bcf /home/toriowo/SNAKEMAKE/Variant_calling_pipeline/haplome_one_results/DanubeCsikii/Filtered/DanubeCsikii_allChromosomes.filtered.norm.bcf
        bcftools index /home/toriowo/Snakemake_projects/sexfindr-snakemake/snp-based-analyses/results/individual_bcf/DanubeCsikii/Female/AM46.bcf' returned non-zero exit status 255.
[Wed Jul 16 16:41:31 2025]
Error in rule extract_individual_bcfs_female:
    message: None
    jobid: 12
    input: /home/toriowo/SNAKEMAKE/Variant_calling_pipeline/haplome_one_results/DanubeCsikii/Filtered/DanubeCsikii_allChromosomes.filtered.norm.bcf
    output: /home/toriowo/Snakemake_projects/sexfindr-snakemake/snp-based-analyses/results/individual_bcf/DanubeCsikii/Female/AM46.bcf
    shell:
        
        mkdir -p $(dirname /home/toriowo/Snakemake_projects/sexfindr-snakemake/snp-based-analyses/results/individual_bcf/DanubeCsikii/Female/AM46.bcf)
        bcftools view -a -s AM46 --threads 4 -O b -o /home/toriowo/Snakemake_projects/sexfindr-snakemake/snp-based-analyses/results/individual_bcf/DanubeCsikii/Female/AM46.bcf /home/toriowo/SNAKEMAKE/Variant_calling_pipeline/haplome_one_results/DanubeCsikii/Filtered/DanubeCsikii_allChromosomes.filtered.norm.bcf
        bcftools index /home/toriowo/Snakemake_projects/sexfindr-snakemake/snp-based-analyses/results/individual_bcf/DanubeCsikii/Female/AM46.bcf
        
        (command exited with non-zero exit code)
[Wed Jul 16 16:42:39 2025]
Finished jobid: 1 (Rule: extract_individual_bcfs_male)
1 of 14 steps (7%) done
: False 12
[Wed Jul 16 16:42:40 2025]
Finished jobid: 4 (Rule: extract_individual_bcfs_male)
2 of 14 steps (14%) done
: False 11
[Wed Jul 16 16:42:40 2025]
Finished jobid: 15 (Rule: extract_individual_bcfs_female)
3 of 14 steps (21%) done
: False 10
[Wed Jul 16 16:42:40 2025]
Finished jobid: 9 (Rule: extract_individual_bcfs_female)
4 of 14 steps (29%) done
: False 9
Shutting down, this might take some time.
Exiting because a job execution failed. Look below for error messages
[Wed Jul 16 16:42:40 2025]
Error in rule extract_individual_bcfs_male:
    message: None
    jobid: 7
    input: /home/toriowo/SNAKEMAKE/Variant_calling_pipeline/haplome_one_results/DanubeCsikii/Filtered/DanubeCsikii_allChromosomes.filtered.norm.bcf
    output: /home/toriowo/Snakemake_projects/sexfindr-snakemake/snp-based-analyses/results/individual_bcf/DanubeCsikii/Male/AM42.bcf
    shell:
        
        mkdir -p $(dirname /home/toriowo/Snakemake_projects/sexfindr-snakemake/snp-based-analyses/results/individual_bcf/DanubeCsikii/Male/AM42.bcf)
        bcftools view -a -s AM42 --threads 4 -O b -o /home/toriowo/Snakemake_projects/sexfindr-snakemake/snp-based-analyses/results/individual_bcf/DanubeCsikii/Male/AM42.bcf /home/toriowo/SNAKEMAKE/Variant_calling_pipeline/haplome_one_results/DanubeCsikii/Filtered/DanubeCsikii_allChromosomes.filtered.norm.bcf
        bcftools index /home/toriowo/Snakemake_projects/sexfindr-snakemake/snp-based-analyses/results/individual_bcf/DanubeCsikii/Male/AM42.bcf
        
        (command exited with non-zero exit code)
[Wed Jul 16 16:42:40 2025]
Error in rule extract_individual_bcfs_female:
    message: None
    jobid: 11
    input: /home/toriowo/SNAKEMAKE/Variant_calling_pipeline/haplome_one_results/DanubeCsikii/Filtered/DanubeCsikii_allChromosomes.filtered.norm.bcf
    output: /home/toriowo/Snakemake_projects/sexfindr-snakemake/snp-based-analyses/results/individual_bcf/DanubeCsikii/Female/AM45.bcf
    shell:
        
        mkdir -p $(dirname /home/toriowo/Snakemake_projects/sexfindr-snakemake/snp-based-analyses/results/individual_bcf/DanubeCsikii/Female/AM45.bcf)
        bcftools view -a -s AM45 --threads 4 -O b -o /home/toriowo/Snakemake_projects/sexfindr-snakemake/snp-based-analyses/results/individual_bcf/DanubeCsikii/Female/AM45.bcf /home/toriowo/SNAKEMAKE/Variant_calling_pipeline/haplome_one_results/DanubeCsikii/Filtered/DanubeCsikii_allChromosomes.filtered.norm.bcf
        bcftools index /home/toriowo/Snakemake_projects/sexfindr-snakemake/snp-based-analyses/results/individual_bcf/DanubeCsikii/Female/AM45.bcf
        
        (command exited with non-zero exit code)
[Wed Jul 16 16:42:40 2025]
Error in rule extract_individual_bcfs_female:
    message: None
    jobid: 12
    input: /home/toriowo/SNAKEMAKE/Variant_calling_pipeline/haplome_one_results/DanubeCsikii/Filtered/DanubeCsikii_allChromosomes.filtered.norm.bcf
    output: /home/toriowo/Snakemake_projects/sexfindr-snakemake/snp-based-analyses/results/individual_bcf/DanubeCsikii/Female/AM46.bcf
    shell:
        
        mkdir -p $(dirname /home/toriowo/Snakemake_projects/sexfindr-snakemake/snp-based-analyses/results/individual_bcf/DanubeCsikii/Female/AM46.bcf)
        bcftools view -a -s AM46 --threads 4 -O b -o /home/toriowo/Snakemake_projects/sexfindr-snakemake/snp-based-analyses/results/individual_bcf/DanubeCsikii/Female/AM46.bcf /home/toriowo/SNAKEMAKE/Variant_calling_pipeline/haplome_one_results/DanubeCsikii/Filtered/DanubeCsikii_allChromosomes.filtered.norm.bcf
        bcftools index /home/toriowo/Snakemake_projects/sexfindr-snakemake/snp-based-analyses/results/individual_bcf/DanubeCsikii/Female/AM46.bcf
        
        (command exited with non-zero exit code)
Complete log(s): /home/toriowo/Snakemake_projects/sexfindr-snakemake/snp-based-analyses/.snakemake/log/2025-07-16T164131.078327.snakemake.log
unlocking
removing lock
removing lock
removed all locks
Full Traceback (most recent call last):
  File "/home/toriowo/.conda/envs/snakemake/lib/python3.12/site-packages/snakemake/cli.py", line 2165, in args_to_api
    dag_api.execute_workflow(
  File "/home/toriowo/.conda/envs/snakemake/lib/python3.12/site-packages/snakemake/api.py", line 603, in execute_workflow
    workflow.execute(
  File "/home/toriowo/.conda/envs/snakemake/lib/python3.12/site-packages/snakemake/workflow.py", line 1451, in execute
    raise WorkflowError("At least one job did not complete successfully.")
snakemake_interface_common.exceptions.WorkflowError: At least one job did not complete successfully.

WorkflowError:
At least one job did not complete successfully.
