Assuming unrestricted shared filesystem usage.
None
host: compute-0-1.local
Building DAG of jobs...
Need to rerun job extract_individual_bcfs_male because of missing output required by all.
Need to rerun job extract_individual_bcfs_male because of missing output required by all.
Need to rerun job extract_individual_bcfs_male because of missing output required by all.
Need to rerun job extract_individual_bcfs_male because of missing output required by all.
Need to rerun job extract_individual_bcfs_male because of missing output required by all.
Need to rerun job extract_individual_bcfs_male because of missing output required by all.
Need to rerun job extract_individual_bcfs_male because of missing output required by all.
Need to rerun job extract_individual_bcfs_male because of missing output required by all.
Need to rerun job extract_individual_bcfs_male because of missing output required by all.
Need to rerun job extract_individual_bcfs_male because of missing output required by all.
Need to rerun job extract_individual_bcfs_male because of missing output required by all.
Need to rerun job extract_individual_bcfs_male because of missing output required by all.
Need to rerun job extract_individual_bcfs_male because of missing output required by all.
Need to rerun job extract_individual_bcfs_male because of missing output required by all.
Need to rerun job extract_individual_bcfs_male because of missing output required by all.
Need to rerun job extract_individual_bcfs_male because of missing output required by all.
Need to rerun job extract_individual_bcfs_male because of missing output required by all.
Need to rerun job extract_individual_bcfs_male because of missing output required by all.
Need to rerun job extract_individual_bcfs_male because of missing output required by all.
Need to rerun job extract_individual_bcfs_male because of missing output required by all.
Need to rerun job extract_individual_bcfs_male because of missing output required by all.
Need to rerun job extract_individual_bcfs_male because of missing output required by all.
Need to rerun job extract_individual_bcfs_male because of missing output required by all.
Need to rerun job extract_individual_bcfs_male because of missing output required by all.
Need to rerun job extract_individual_bcfs_male because of missing output required by all.
Need to rerun job extract_individual_bcfs_male because of missing output required by all.
Need to rerun job extract_individual_bcfs_male because of missing output required by all.
Need to rerun job extract_individual_bcfs_male because of missing output required by all.
Need to rerun job extract_individual_bcfs_male because of missing output required by all.
Need to rerun job extract_individual_bcfs_male because of missing output required by all.
Need to rerun job extract_individual_bcfs_male because of missing output required by all.
Need to rerun job extract_individual_bcfs_male because of missing output required by all.
Need to rerun job extract_individual_bcfs_male because of missing output required by all.
Need to rerun job extract_individual_bcfs_male because of missing output required by all.
Need to rerun job extract_individual_bcfs_male because of missing output required by all.
Need to rerun job extract_individual_bcfs_male because of missing output required by all.
Need to rerun job extract_individual_bcfs_male because of missing output required by all.
Need to rerun job extract_individual_bcfs_male because of missing output required by all.
Need to rerun job extract_individual_bcfs_male because of missing output required by all.
Need to rerun job extract_individual_bcfs_male because of missing output required by all.
Need to rerun job extract_individual_bcfs_male because of missing output required by all.
Need to rerun job extract_individual_bcfs_male because of missing output required by all.
Need to rerun job extract_individual_bcfs_female because of missing output required by all.
Need to rerun job extract_individual_bcfs_female because of missing output required by all.
Need to rerun job extract_individual_bcfs_female because of missing output required by all.
Need to rerun job extract_individual_bcfs_female because of missing output required by all.
Need to rerun job extract_individual_bcfs_female because of missing output required by all.
Need to rerun job extract_individual_bcfs_female because of missing output required by all.
Need to rerun job extract_individual_bcfs_female because of missing output required by all.
Need to rerun job extract_individual_bcfs_female because of missing output required by all.
Need to rerun job extract_individual_bcfs_female because of missing output required by all.
Need to rerun job extract_individual_bcfs_female because of missing output required by all.
Need to rerun job extract_individual_bcfs_female because of missing output required by all.
Need to rerun job extract_individual_bcfs_female because of missing output required by all.
Need to rerun job extract_individual_bcfs_female because of missing output required by all.
Need to rerun job extract_individual_bcfs_female because of missing output required by all.
Need to rerun job extract_individual_bcfs_female because of missing output required by all.
Need to rerun job extract_individual_bcfs_female because of missing output required by all.
Need to rerun job extract_individual_bcfs_female because of missing output required by all.
Need to rerun job extract_individual_bcfs_female because of missing output required by all.
Need to rerun job extract_individual_bcfs_female because of missing output required by all.
Need to rerun job extract_individual_bcfs_female because of missing output required by all.
Need to rerun job extract_individual_bcfs_female because of missing output required by all.
Need to rerun job extract_individual_bcfs_female because of missing output required by all.
Need to rerun job extract_individual_bcfs_female because of missing output required by all.
Need to rerun job extract_individual_bcfs_female because of missing output required by all.
Need to rerun job extract_individual_bcfs_female because of missing output required by all.
Need to rerun job extract_individual_bcfs_female because of missing output required by all.
Need to rerun job extract_individual_bcfs_female because of missing output required by all.
Need to rerun job extract_individual_bcfs_female because of missing output required by all.
Need to rerun job extract_individual_bcfs_female because of missing output required by all.
Need to rerun job extract_individual_bcfs_female because of missing output required by all.
Need to rerun job extract_individual_bcfs_female because of missing output required by all.
Need to rerun job extract_individual_bcfs_female because of missing output required by all.
Need to rerun job extract_individual_bcfs_female because of missing output required by all.
Need to rerun job extract_individual_bcfs_female because of missing output required by all.
Need to rerun job extract_individual_bcfs_female because of missing output required by all.
Need to rerun job extract_individual_bcfs_female because of missing output required by all.
Need to rerun job extract_individual_bcfs_female because of missing output required by all.
Need to rerun job extract_individual_bcfs_female because of missing output required by all.
Need to rerun job extract_individual_bcfs_female because of missing output required by all.
Need to rerun job extract_individual_bcfs_female because of missing output required by all.
Need to rerun job extract_individual_bcfs_female because of missing output required by all.
Need to rerun job extract_individual_bcfs_female because of missing output required by all.
Need to rerun job all because job extract_individual_bcfs_male has to be rerun.
Need to rerun job all because job extract_individual_bcfs_male has to be rerun.
Need to rerun job all because job extract_individual_bcfs_male has to be rerun.
Need to rerun job all because job extract_individual_bcfs_male has to be rerun.
Need to rerun job all because job extract_individual_bcfs_male has to be rerun.
Need to rerun job all because job extract_individual_bcfs_male has to be rerun.
Need to rerun job all because job extract_individual_bcfs_male has to be rerun.
Need to rerun job all because job extract_individual_bcfs_male has to be rerun.
Need to rerun job all because job extract_individual_bcfs_male has to be rerun.
Need to rerun job all because job extract_individual_bcfs_male has to be rerun.
Need to rerun job all because job extract_individual_bcfs_male has to be rerun.
Need to rerun job all because job extract_individual_bcfs_male has to be rerun.
Need to rerun job all because job extract_individual_bcfs_male has to be rerun.
Need to rerun job all because job extract_individual_bcfs_male has to be rerun.
Need to rerun job all because job extract_individual_bcfs_male has to be rerun.
Need to rerun job all because job extract_individual_bcfs_male has to be rerun.
Need to rerun job all because job extract_individual_bcfs_male has to be rerun.
Need to rerun job all because job extract_individual_bcfs_male has to be rerun.
Need to rerun job all because job extract_individual_bcfs_male has to be rerun.
Need to rerun job all because job extract_individual_bcfs_male has to be rerun.
Need to rerun job all because job extract_individual_bcfs_male has to be rerun.
Need to rerun job all because job extract_individual_bcfs_male has to be rerun.
Need to rerun job all because job extract_individual_bcfs_male has to be rerun.
Need to rerun job all because job extract_individual_bcfs_male has to be rerun.
Need to rerun job all because job extract_individual_bcfs_male has to be rerun.
Need to rerun job all because job extract_individual_bcfs_male has to be rerun.
Need to rerun job all because job extract_individual_bcfs_male has to be rerun.
Need to rerun job all because job extract_individual_bcfs_male has to be rerun.
Need to rerun job all because job extract_individual_bcfs_male has to be rerun.
Need to rerun job all because job extract_individual_bcfs_male has to be rerun.
Need to rerun job all because job extract_individual_bcfs_male has to be rerun.
Need to rerun job all because job extract_individual_bcfs_male has to be rerun.
Need to rerun job all because job extract_individual_bcfs_male has to be rerun.
Need to rerun job all because job extract_individual_bcfs_male has to be rerun.
Need to rerun job all because job extract_individual_bcfs_male has to be rerun.
Need to rerun job all because job extract_individual_bcfs_male has to be rerun.
Need to rerun job all because job extract_individual_bcfs_male has to be rerun.
Need to rerun job all because job extract_individual_bcfs_male has to be rerun.
Need to rerun job all because job extract_individual_bcfs_male has to be rerun.
Need to rerun job all because job extract_individual_bcfs_male has to be rerun.
Need to rerun job all because job extract_individual_bcfs_male has to be rerun.
Need to rerun job all because job extract_individual_bcfs_male has to be rerun.
Need to rerun job all because job extract_individual_bcfs_female has to be rerun.
Need to rerun job all because job extract_individual_bcfs_female has to be rerun.
Need to rerun job all because job extract_individual_bcfs_female has to be rerun.
Need to rerun job all because job extract_individual_bcfs_female has to be rerun.
Need to rerun job all because job extract_individual_bcfs_female has to be rerun.
Need to rerun job all because job extract_individual_bcfs_female has to be rerun.
Need to rerun job all because job extract_individual_bcfs_female has to be rerun.
Need to rerun job all because job extract_individual_bcfs_female has to be rerun.
Need to rerun job all because job extract_individual_bcfs_female has to be rerun.
Need to rerun job all because job extract_individual_bcfs_female has to be rerun.
Need to rerun job all because job extract_individual_bcfs_female has to be rerun.
Need to rerun job all because job extract_individual_bcfs_female has to be rerun.
Need to rerun job all because job extract_individual_bcfs_female has to be rerun.
Need to rerun job all because job extract_individual_bcfs_female has to be rerun.
Need to rerun job all because job extract_individual_bcfs_female has to be rerun.
Need to rerun job all because job extract_individual_bcfs_female has to be rerun.
Need to rerun job all because job extract_individual_bcfs_female has to be rerun.
Need to rerun job all because job extract_individual_bcfs_female has to be rerun.
Need to rerun job all because job extract_individual_bcfs_female has to be rerun.
Need to rerun job all because job extract_individual_bcfs_female has to be rerun.
Need to rerun job all because job extract_individual_bcfs_female has to be rerun.
Need to rerun job all because job extract_individual_bcfs_female has to be rerun.
Need to rerun job all because job extract_individual_bcfs_female has to be rerun.
Need to rerun job all because job extract_individual_bcfs_female has to be rerun.
Need to rerun job all because job extract_individual_bcfs_female has to be rerun.
Need to rerun job all because job extract_individual_bcfs_female has to be rerun.
Need to rerun job all because job extract_individual_bcfs_female has to be rerun.
Need to rerun job all because job extract_individual_bcfs_female has to be rerun.
Need to rerun job all because job extract_individual_bcfs_female has to be rerun.
Need to rerun job all because job extract_individual_bcfs_female has to be rerun.
Need to rerun job all because job extract_individual_bcfs_female has to be rerun.
Need to rerun job all because job extract_individual_bcfs_female has to be rerun.
Need to rerun job all because job extract_individual_bcfs_female has to be rerun.
Need to rerun job all because job extract_individual_bcfs_female has to be rerun.
Need to rerun job all because job extract_individual_bcfs_female has to be rerun.
Need to rerun job all because job extract_individual_bcfs_female has to be rerun.
Need to rerun job all because job extract_individual_bcfs_female has to be rerun.
Need to rerun job all because job extract_individual_bcfs_female has to be rerun.
Need to rerun job all because job extract_individual_bcfs_female has to be rerun.
Need to rerun job all because job extract_individual_bcfs_female has to be rerun.
Need to rerun job all because job extract_individual_bcfs_female has to be rerun.
Need to rerun job all because job extract_individual_bcfs_female has to be rerun.
: False 84
/home/toriowo/Snakemake_projects/sexfindr-snakemake/snp-based-analyses/results/individual_bcf/RhinePhoxinus/Female/Suelz_ZFMK-TIS-66201.bcf: True 0
/home/toriowo/Snakemake_projects/sexfindr-snakemake/snp-based-analyses/results/individual_bcf/DanubeCsikii/Male/Naafbach_ZFMK-TIS-66047.bcf: True 0
/home/toriowo/Snakemake_projects/sexfindr-snakemake/snp-based-analyses/results/individual_bcf/DanubeCsikii/Female/Danube_ZFMK-TIS-66626.bcf: True 0
/home/toriowo/Snakemake_projects/sexfindr-snakemake/snp-based-analyses/results/individual_bcf/RhinePhoxinus/Female/Neckar_ZFMK-TIS-80581.bcf: True 0
/home/toriowo/Snakemake_projects/sexfindr-snakemake/snp-based-analyses/results/individual_bcf/DanubeCsikii/Male/Agger_ZFMK-TIS-66336.bcf: True 0
/home/toriowo/Snakemake_projects/sexfindr-snakemake/snp-based-analyses/results/individual_bcf/RhinePhoxinus/Male/Agger_ZFMK-TIS-65468.bcf: True 0
/home/toriowo/Snakemake_projects/sexfindr-snakemake/snp-based-analyses/results/individual_bcf/RhinePhoxinus/Female/Main_Lauer-AM37.bcf: True 0
/home/toriowo/Snakemake_projects/sexfindr-snakemake/snp-based-analyses/results/individual_bcf/DanubeCsikii/Male/Anger_ZFMK-TIS-80141.bcf: True 0
/home/toriowo/Snakemake_projects/sexfindr-snakemake/snp-based-analyses/results/individual_bcf/RhinePhoxinus/Male/Agger_ZFMK-TIS-65486.bcf: True 0
/home/toriowo/Snakemake_projects/sexfindr-snakemake/snp-based-analyses/results/individual_bcf/RhinePhoxinus/Female/Main_Lauer-AM45.bcf: True 0
/home/toriowo/Snakemake_projects/sexfindr-snakemake/snp-based-analyses/results/individual_bcf/DanubeCsikii/Male/Anger_ZFMK-TIS-80142.bcf: True 0
/home/toriowo/Snakemake_projects/sexfindr-snakemake/snp-based-analyses/results/individual_bcf/RhinePhoxinus/Male/Agger_ZFMK-TIS-65487.bcf: True 0
/home/toriowo/Snakemake_projects/sexfindr-snakemake/snp-based-analyses/results/individual_bcf/RhinePhoxinus/Female/Main_Lauer-AM46.bcf: True 0
/home/toriowo/Snakemake_projects/sexfindr-snakemake/snp-based-analyses/results/individual_bcf/DanubeCsikii/Male/Mouzon_ZFMK-TIS-80148.bcf: True 0
/home/toriowo/Snakemake_projects/sexfindr-snakemake/snp-based-analyses/results/individual_bcf/RhinePhoxinus/Male/Agger_ZFMK-TIS-66086.bcf: True 0
/home/toriowo/Snakemake_projects/sexfindr-snakemake/snp-based-analyses/results/individual_bcf/RhinePhoxinus/Female/Danube_ZFMK-TIS-66620.bcf: True 0
/home/toriowo/Snakemake_projects/sexfindr-snakemake/snp-based-analyses/results/individual_bcf/DanubeCsikii/Male/Mouzon_ZFMK-TIS-80150.bcf: True 0
/home/toriowo/Snakemake_projects/sexfindr-snakemake/snp-based-analyses/results/individual_bcf/RhinePhoxinus/Male/Naafbach_ZFMK-TIS-66030.bcf: True 0
/home/toriowo/Snakemake_projects/sexfindr-snakemake/snp-based-analyses/results/individual_bcf/RhinePhoxinus/Female/Danube_ZFMK-TIS-66623.bcf: True 0
/home/toriowo/Snakemake_projects/sexfindr-snakemake/snp-based-analyses/results/individual_bcf/DanubeCsikii/Male/Suelz_ZFMK-TIS-66168.bcf: True 0
/home/toriowo/Snakemake_projects/sexfindr-snakemake/snp-based-analyses/results/individual_bcf/RhinePhoxinus/Male/Mouzon_ZFMK-TIS-80148.bcf: True 0
/home/toriowo/Snakemake_projects/sexfindr-snakemake/snp-based-analyses/results/individual_bcf/RhinePhoxinus/Female/Danube_ZFMK-TIS-66624.bcf: True 0
/home/toriowo/Snakemake_projects/sexfindr-snakemake/snp-based-analyses/results/individual_bcf/DanubeCsikii/Male/Danube_ZFMK-TIS-66619.bcf: True 0
/home/toriowo/Snakemake_projects/sexfindr-snakemake/snp-based-analyses/results/individual_bcf/RhinePhoxinus/Male/Naafbach_ZFMK-TIS-66046.bcf: True 0
/home/toriowo/Snakemake_projects/sexfindr-snakemake/snp-based-analyses/results/individual_bcf/RhinePhoxinus/Female/Danube_ZFMK-TIS-66626.bcf: True 0
/home/toriowo/Snakemake_projects/sexfindr-snakemake/snp-based-analyses/results/individual_bcf/DanubeCsikii/Male/Danube_ZFMK-TIS-66622.bcf: True 0
/home/toriowo/Snakemake_projects/sexfindr-snakemake/snp-based-analyses/results/individual_bcf/RhinePhoxinus/Male/Mouzon_ZFMK-TIS-80150.bcf: True 0
/home/toriowo/Snakemake_projects/sexfindr-snakemake/snp-based-analyses/results/individual_bcf/DanubeCsikii/Female/Agger_ZFMK-TIS-65414.bcf: True 0
/home/toriowo/Snakemake_projects/sexfindr-snakemake/snp-based-analyses/results/individual_bcf/DanubeCsikii/Male/Danube_ZFMK-TIS-66628.bcf: True 0
/home/toriowo/Snakemake_projects/sexfindr-snakemake/snp-based-analyses/results/individual_bcf/RhinePhoxinus/Male/Naafbach_ZFMK-TIS-66047.bcf: True 0
/home/toriowo/Snakemake_projects/sexfindr-snakemake/snp-based-analyses/results/individual_bcf/DanubeCsikii/Female/Agger_ZFMK-TIS-65499.bcf: True 0
/home/toriowo/Snakemake_projects/sexfindr-snakemake/snp-based-analyses/results/individual_bcf/DanubeCsikii/Male/Danube_ZFMK-TIS-66629.bcf: True 0
/home/toriowo/Snakemake_projects/sexfindr-snakemake/snp-based-analyses/results/individual_bcf/RhinePhoxinus/Male/Agger_ZFMK-TIS-66336.bcf: True 0
/home/toriowo/Snakemake_projects/sexfindr-snakemake/snp-based-analyses/results/individual_bcf/DanubeCsikii/Female/Agger_ZFMK-TIS-66094.bcf: True 0
/home/toriowo/Snakemake_projects/sexfindr-snakemake/snp-based-analyses/results/individual_bcf/DanubeCsikii/Male/Main_Lauer_AM39.bcf: True 0
/home/toriowo/Snakemake_projects/sexfindr-snakemake/snp-based-analyses/results/individual_bcf/RhinePhoxinus/Male/Anger_ZFMK-TIS-80141.bcf: True 0
/home/toriowo/Snakemake_projects/sexfindr-snakemake/snp-based-analyses/results/individual_bcf/DanubeCsikii/Female/Agger_ZFMK-TIS-66100.bcf: True 0
/home/toriowo/Snakemake_projects/sexfindr-snakemake/snp-based-analyses/results/individual_bcf/DanubeCsikii/Male/Main_Lauer-AM41.bcf: True 0
/home/toriowo/Snakemake_projects/sexfindr-snakemake/snp-based-analyses/results/individual_bcf/RhinePhoxinus/Male/Anger_ZFMK-TIS-80142.bcf: True 0
/home/toriowo/Snakemake_projects/sexfindr-snakemake/snp-based-analyses/results/individual_bcf/DanubeCsikii/Female/Agger_ZFMK-TIS-66114.bcf: True 0
/home/toriowo/Snakemake_projects/sexfindr-snakemake/snp-based-analyses/results/individual_bcf/DanubeCsikii/Male/Main_Lauer-AM42.bcf: True 0
/home/toriowo/Snakemake_projects/sexfindr-snakemake/snp-based-analyses/results/individual_bcf/RhinePhoxinus/Male/Suelz_ZFMK-TIS-66168.bcf: True 0
/home/toriowo/Snakemake_projects/sexfindr-snakemake/snp-based-analyses/results/individual_bcf/DanubeCsikii/Female/Agger_ZFMK-TIS-66357.bcf: True 0
/home/toriowo/Snakemake_projects/sexfindr-snakemake/snp-based-analyses/results/individual_bcf/DanubeCsikii/Male/Neckar_ZFMK-TIS-80585.bcf: True 0
/home/toriowo/Snakemake_projects/sexfindr-snakemake/snp-based-analyses/results/individual_bcf/RhinePhoxinus/Male/Danube_ZFMK-TIS-66619.bcf: True 0
/home/toriowo/Snakemake_projects/sexfindr-snakemake/snp-based-analyses/results/individual_bcf/DanubeCsikii/Female/Agger_ZFMK-TIS-66363.bcf: True 0
/home/toriowo/Snakemake_projects/sexfindr-snakemake/snp-based-analyses/results/individual_bcf/RhinePhoxinus/Female/Agger_ZFMK-TIS-65414.bcf: True 0
/home/toriowo/Snakemake_projects/sexfindr-snakemake/snp-based-analyses/results/individual_bcf/DanubeCsikii/Female/Danube_ZFMK-TIS-66624.bcf: True 0
/home/toriowo/Snakemake_projects/sexfindr-snakemake/snp-based-analyses/results/individual_bcf/RhinePhoxinus/Male/Danube_ZFMK-TIS-66622.bcf: True 0
/home/toriowo/Snakemake_projects/sexfindr-snakemake/snp-based-analyses/results/individual_bcf/DanubeCsikii/Female/Anger_ZFMK-TIS-80124.bcf: True 0
/home/toriowo/Snakemake_projects/sexfindr-snakemake/snp-based-analyses/results/individual_bcf/RhinePhoxinus/Female/Agger_ZFMK-TIS-65499.bcf: True 0
/home/toriowo/Snakemake_projects/sexfindr-snakemake/snp-based-analyses/results/individual_bcf/RhinePhoxinus/Male/Danube_ZFMK-TIS-66628.bcf: True 0
/home/toriowo/Snakemake_projects/sexfindr-snakemake/snp-based-analyses/results/individual_bcf/DanubeCsikii/Female/Anger_ZFMK-TIS-80125.bcf: True 0
/home/toriowo/Snakemake_projects/sexfindr-snakemake/snp-based-analyses/results/individual_bcf/RhinePhoxinus/Female/Agger_ZFMK-TIS-66094.bcf: True 0
/home/toriowo/Snakemake_projects/sexfindr-snakemake/snp-based-analyses/results/individual_bcf/RhinePhoxinus/Male/Danube_ZFMK-TIS-66629.bcf: True 0
/home/toriowo/Snakemake_projects/sexfindr-snakemake/snp-based-analyses/results/individual_bcf/DanubeCsikii/Female/Naafbach_ZFMK-TIS-66031.bcf: True 0
/home/toriowo/Snakemake_projects/sexfindr-snakemake/snp-based-analyses/results/individual_bcf/RhinePhoxinus/Female/Agger_ZFMK-TIS-66100.bcf: True 0
/home/toriowo/Snakemake_projects/sexfindr-snakemake/snp-based-analyses/results/individual_bcf/RhinePhoxinus/Male/Main_Lauer_AM39.bcf: True 0
/home/toriowo/Snakemake_projects/sexfindr-snakemake/snp-based-analyses/results/individual_bcf/DanubeCsikii/Female/Naafbach_ZFMK-TIS-66058.bcf: True 0
/home/toriowo/Snakemake_projects/sexfindr-snakemake/snp-based-analyses/results/individual_bcf/RhinePhoxinus/Female/Agger_ZFMK-TIS-66114.bcf: True 0
/home/toriowo/Snakemake_projects/sexfindr-snakemake/snp-based-analyses/results/individual_bcf/RhinePhoxinus/Male/Main_Lauer-AM41.bcf: True 0
/home/toriowo/Snakemake_projects/sexfindr-snakemake/snp-based-analyses/results/individual_bcf/DanubeCsikii/Female/Suelz_ZFMK-TIS-66172.bcf: True 0
/home/toriowo/Snakemake_projects/sexfindr-snakemake/snp-based-analyses/results/individual_bcf/RhinePhoxinus/Female/Agger_ZFMK-TIS-66357.bcf: True 0
/home/toriowo/Snakemake_projects/sexfindr-snakemake/snp-based-analyses/results/individual_bcf/DanubeCsikii/Female/Suelz_ZFMK-TIS-66201.bcf: True 0
/home/toriowo/Snakemake_projects/sexfindr-snakemake/snp-based-analyses/results/individual_bcf/RhinePhoxinus/Male/Main_Lauer-AM42.bcf: True 0
/home/toriowo/Snakemake_projects/sexfindr-snakemake/snp-based-analyses/results/individual_bcf/RhinePhoxinus/Female/Agger_ZFMK-TIS-66363.bcf: True 0
/home/toriowo/Snakemake_projects/sexfindr-snakemake/snp-based-analyses/results/individual_bcf/RhinePhoxinus/Male/Neckar_ZFMK-TIS-80585.bcf: True 0
/home/toriowo/Snakemake_projects/sexfindr-snakemake/snp-based-analyses/results/individual_bcf/DanubeCsikii/Female/Neckar_ZFMK-TIS-80581.bcf: True 0
/home/toriowo/Snakemake_projects/sexfindr-snakemake/snp-based-analyses/results/individual_bcf/RhinePhoxinus/Female/Anger_ZFMK-TIS-80124.bcf: True 0
/home/toriowo/Snakemake_projects/sexfindr-snakemake/snp-based-analyses/results/individual_bcf/DanubeCsikii/Male/Agger_ZFMK-TIS-65468.bcf: True 0
/home/toriowo/Snakemake_projects/sexfindr-snakemake/snp-based-analyses/results/individual_bcf/DanubeCsikii/Female/Main_Lauer-AM37.bcf: True 0
/home/toriowo/Snakemake_projects/sexfindr-snakemake/snp-based-analyses/results/individual_bcf/RhinePhoxinus/Female/Anger_ZFMK-TIS-80125.bcf: True 0
/home/toriowo/Snakemake_projects/sexfindr-snakemake/snp-based-analyses/results/individual_bcf/DanubeCsikii/Male/Agger_ZFMK-TIS-65486.bcf: True 0
/home/toriowo/Snakemake_projects/sexfindr-snakemake/snp-based-analyses/results/individual_bcf/DanubeCsikii/Female/Main_Lauer-AM45.bcf: True 0
/home/toriowo/Snakemake_projects/sexfindr-snakemake/snp-based-analyses/results/individual_bcf/RhinePhoxinus/Female/Naafbach_ZFMK-TIS-66031.bcf: True 0
/home/toriowo/Snakemake_projects/sexfindr-snakemake/snp-based-analyses/results/individual_bcf/DanubeCsikii/Male/Agger_ZFMK-TIS-65487.bcf: True 0
/home/toriowo/Snakemake_projects/sexfindr-snakemake/snp-based-analyses/results/individual_bcf/DanubeCsikii/Female/Main_Lauer-AM46.bcf: True 0
/home/toriowo/Snakemake_projects/sexfindr-snakemake/snp-based-analyses/results/individual_bcf/RhinePhoxinus/Female/Naafbach_ZFMK-TIS-66058.bcf: True 0
/home/toriowo/Snakemake_projects/sexfindr-snakemake/snp-based-analyses/results/individual_bcf/DanubeCsikii/Male/Agger_ZFMK-TIS-66086.bcf: True 0
/home/toriowo/Snakemake_projects/sexfindr-snakemake/snp-based-analyses/results/individual_bcf/DanubeCsikii/Female/Danube_ZFMK-TIS-66620.bcf: True 0
/home/toriowo/Snakemake_projects/sexfindr-snakemake/snp-based-analyses/results/individual_bcf/RhinePhoxinus/Female/Suelz_ZFMK-TIS-66172.bcf: True 0
/home/toriowo/Snakemake_projects/sexfindr-snakemake/snp-based-analyses/results/individual_bcf/DanubeCsikii/Male/Naafbach_ZFMK-TIS-66030.bcf: True 0
/home/toriowo/Snakemake_projects/sexfindr-snakemake/snp-based-analyses/results/individual_bcf/DanubeCsikii/Female/Danube_ZFMK-TIS-66623.bcf: True 0
/home/toriowo/Snakemake_projects/sexfindr-snakemake/snp-based-analyses/results/individual_bcf/DanubeCsikii/Male/Naafbach_ZFMK-TIS-66046.bcf: True 0
shared_storage_local_copies: True
remote_exec: False
Submitting maximum 100 job(s) over 1.0 second(s).
Using shell: /bin/bash
Provided cores: 10
Rules claiming more threads will be scaled down.
Job stats:
job                               count
------------------------------  -------
all                                   1
extract_individual_bcfs_female       42
extract_individual_bcfs_male         42
total                                85

Resources before job selection: {'_cores': 10, '_nodes': 9223372036854775807, '_job_count': 9223372036854775807}
Ready jobs: 84
Select jobs to execute...
Selected jobs: 2
Resources after job selection: {'_cores': 2, '_nodes': 9223372036854775805, '_job_count': 100}
Execute 2 jobs...
[Wed Jul 16 16:05:44 2025]
localrule extract_individual_bcfs_female:
    input: /home/toriowo/SNAKEMAKE/Variant_calling_pipeline/haplome_one_results/RhinePhoxinus/Filtered/RhinePhoxinus_allChromosomes.filtered.norm.bcf
    output: /home/toriowo/Snakemake_projects/sexfindr-snakemake/snp-based-analyses/results/individual_bcf/RhinePhoxinus/Female/Agger_ZFMK-TIS-66363.bcf
    jobid: 49
    reason: Missing output files: /home/toriowo/Snakemake_projects/sexfindr-snakemake/snp-based-analyses/results/individual_bcf/RhinePhoxinus/Female/Agger_ZFMK-TIS-66363.bcf
    wildcards: species=RhinePhoxinus, sample=Agger_ZFMK-TIS-66363
    threads: 4
    resources: tmpdir=/tmp/1974420.1.medium.q
Shell command: 
        mkdir -p $(dirname /home/toriowo/Snakemake_projects/sexfindr-snakemake/snp-based-analyses/results/individual_bcf/RhinePhoxinus/Female/Agger_ZFMK-TIS-66363.bcf)
        bcftools view -a -s Agger_ZFMK-TIS-66363 --threads 4 -O b -o /home/toriowo/Snakemake_projects/sexfindr-snakemake/snp-based-analyses/results/individual_bcf/RhinePhoxinus/Female/Agger_ZFMK-TIS-66363.bcf /home/toriowo/SNAKEMAKE/Variant_calling_pipeline/haplome_one_results/RhinePhoxinus/Filtered/RhinePhoxinus_allChromosomes.filtered.norm.bcf
        bcftools index /home/toriowo/Snakemake_projects/sexfindr-snakemake/snp-based-analyses/results/individual_bcf/RhinePhoxinus/Female/Agger_ZFMK-TIS-66363.bcf
        
[Wed Jul 16 16:05:44 2025]
localrule extract_individual_bcfs_female:
    input: /home/toriowo/SNAKEMAKE/Variant_calling_pipeline/haplome_one_results/RhinePhoxinus/Filtered/RhinePhoxinus_allChromosomes.filtered.norm.bcf
    output: /home/toriowo/Snakemake_projects/sexfindr-snakemake/snp-based-analyses/results/individual_bcf/RhinePhoxinus/Female/Agger_ZFMK-TIS-66100.bcf
    jobid: 46
    reason: Missing output files: /home/toriowo/Snakemake_projects/sexfindr-snakemake/snp-based-analyses/results/individual_bcf/RhinePhoxinus/Female/Agger_ZFMK-TIS-66100.bcf
    wildcards: species=RhinePhoxinus, sample=Agger_ZFMK-TIS-66100
    threads: 4
    resources: tmpdir=/tmp/1974420.1.medium.q
Shell command: 
        mkdir -p $(dirname /home/toriowo/Snakemake_projects/sexfindr-snakemake/snp-based-analyses/results/individual_bcf/RhinePhoxinus/Female/Agger_ZFMK-TIS-66100.bcf)
        bcftools view -a -s Agger_ZFMK-TIS-66100 --threads 4 -O b -o /home/toriowo/Snakemake_projects/sexfindr-snakemake/snp-based-analyses/results/individual_bcf/RhinePhoxinus/Female/Agger_ZFMK-TIS-66100.bcf /home/toriowo/SNAKEMAKE/Variant_calling_pipeline/haplome_one_results/RhinePhoxinus/Filtered/RhinePhoxinus_allChromosomes.filtered.norm.bcf
        bcftools index /home/toriowo/Snakemake_projects/sexfindr-snakemake/snp-based-analyses/results/individual_bcf/RhinePhoxinus/Female/Agger_ZFMK-TIS-66100.bcf
        
Waiting for running jobs to complete.
Resources before job selection: {'_cores': 2, '_nodes': 9223372036854775805, '_job_count': 100}
Ready jobs: 82
Select jobs to execute...
Selecting jobs to run using greedy solver.
Selected jobs: 0
Resources after job selection: {'_cores': 2, '_nodes': 9223372036854775805, '_job_count': 100}
Waiting for running jobs to complete.
Resources before job selection: {'_cores': 2, '_nodes': 9223372036854775805, '_job_count': 100}
Ready jobs: 82
Selecting jobs to run using greedy solver.
Selected jobs: 0
Resources after job selection: {'_cores': 2, '_nodes': 9223372036854775805, '_job_count': 100}
Waiting for running jobs to complete.
Resources before job selection: {'_cores': 2, '_nodes': 9223372036854775805, '_job_count': 100}
Ready jobs: 82
Selecting jobs to run using greedy solver.
Selected jobs: 0
Resources after job selection: {'_cores': 2, '_nodes': 9223372036854775805, '_job_count': 100}
Waiting for running jobs to complete.
Resources before job selection: {'_cores': 2, '_nodes': 9223372036854775805, '_job_count': 100}
Ready jobs: 82
Selecting jobs to run using greedy solver.
Selected jobs: 0
Resources after job selection: {'_cores': 2, '_nodes': 9223372036854775805, '_job_count': 100}
Waiting for running jobs to complete.
Resources before job selection: {'_cores': 2, '_nodes': 9223372036854775805, '_job_count': 100}
Ready jobs: 82
Selecting jobs to run using greedy solver.
Selected jobs: 0
Resources after job selection: {'_cores': 2, '_nodes': 9223372036854775805, '_job_count': 100}
Waiting for running jobs to complete.
Resources before job selection: {'_cores': 2, '_nodes': 9223372036854775805, '_job_count': 100}
Ready jobs: 82
Selecting jobs to run using greedy solver.
Selected jobs: 0
Resources after job selection: {'_cores': 2, '_nodes': 9223372036854775805, '_job_count': 100}
Waiting for running jobs to complete.
Resources before job selection: {'_cores': 2, '_nodes': 9223372036854775805, '_job_count': 100}
Ready jobs: 82
Selecting jobs to run using greedy solver.
Selected jobs: 0
Resources after job selection: {'_cores': 2, '_nodes': 9223372036854775805, '_job_count': 100}
Waiting for running jobs to complete.
Resources before job selection: {'_cores': 2, '_nodes': 9223372036854775805, '_job_count': 100}
Ready jobs: 82
Selecting jobs to run using greedy solver.
Selected jobs: 0
Resources after job selection: {'_cores': 2, '_nodes': 9223372036854775805, '_job_count': 100}
Waiting for running jobs to complete.
Resources before job selection: {'_cores': 2, '_nodes': 9223372036854775805, '_job_count': 100}
Ready jobs: 82
Selecting jobs to run using greedy solver.
Selected jobs: 0
Resources after job selection: {'_cores': 2, '_nodes': 9223372036854775805, '_job_count': 100}
Waiting for running jobs to complete.
Resources before job selection: {'_cores': 2, '_nodes': 9223372036854775805, '_job_count': 100}
Ready jobs: 82
Selecting jobs to run using greedy solver.
Selected jobs: 0
Resources after job selection: {'_cores': 2, '_nodes': 9223372036854775805, '_job_count': 100}
Waiting for running jobs to complete.
Resources before job selection: {'_cores': 2, '_nodes': 9223372036854775805, '_job_count': 100}
Ready jobs: 82
Selecting jobs to run using greedy solver.
Selected jobs: 0
Resources after job selection: {'_cores': 2, '_nodes': 9223372036854775805, '_job_count': 100}
Waiting for running jobs to complete.
Resources before job selection: {'_cores': 2, '_nodes': 9223372036854775805, '_job_count': 100}
Ready jobs: 82
Selecting jobs to run using greedy solver.
Selected jobs: 0
Resources after job selection: {'_cores': 2, '_nodes': 9223372036854775805, '_job_count': 100}
Waiting for running jobs to complete.
Resources before job selection: {'_cores': 2, '_nodes': 9223372036854775805, '_job_count': 100}
Ready jobs: 82
Selecting jobs to run using greedy solver.
Selected jobs: 0
Resources after job selection: {'_cores': 2, '_nodes': 9223372036854775805, '_job_count': 100}
Waiting for running jobs to complete.
Resources before job selection: {'_cores': 2, '_nodes': 9223372036854775805, '_job_count': 100}
Ready jobs: 82
Selecting jobs to run using greedy solver.
Selected jobs: 0
Resources after job selection: {'_cores': 2, '_nodes': 9223372036854775805, '_job_count': 100}
Waiting for running jobs to complete.
Resources before job selection: {'_cores': 2, '_nodes': 9223372036854775805, '_job_count': 100}
Ready jobs: 82
Selecting jobs to run using greedy solver.
Selected jobs: 0
Resources after job selection: {'_cores': 2, '_nodes': 9223372036854775805, '_job_count': 100}
Waiting for running jobs to complete.
Resources before job selection: {'_cores': 2, '_nodes': 9223372036854775805, '_job_count': 100}
Ready jobs: 82
Selecting jobs to run using greedy solver.
Selected jobs: 0
Resources after job selection: {'_cores': 2, '_nodes': 9223372036854775805, '_job_count': 100}
Waiting for running jobs to complete.
Resources before job selection: {'_cores': 2, '_nodes': 9223372036854775805, '_job_count': 100}
Ready jobs: 82
Selecting jobs to run using greedy solver.
Selected jobs: 0
Resources after job selection: {'_cores': 2, '_nodes': 9223372036854775805, '_job_count': 100}
Waiting for running jobs to complete.
Resources before job selection: {'_cores': 2, '_nodes': 9223372036854775805, '_job_count': 100}
Ready jobs: 82
Selecting jobs to run using greedy solver.
Selected jobs: 0
Resources after job selection: {'_cores': 2, '_nodes': 9223372036854775805, '_job_count': 100}
Waiting for running jobs to complete.
Resources before job selection: {'_cores': 2, '_nodes': 9223372036854775805, '_job_count': 100}
Ready jobs: 82
Selecting jobs to run using greedy solver.
Selected jobs: 0
Resources after job selection: {'_cores': 2, '_nodes': 9223372036854775805, '_job_count': 100}
Waiting for running jobs to complete.
Resources before job selection: {'_cores': 2, '_nodes': 9223372036854775805, '_job_count': 100}
Ready jobs: 82
Selecting jobs to run using greedy solver.
Selected jobs: 0
Resources after job selection: {'_cores': 2, '_nodes': 9223372036854775805, '_job_count': 100}
Waiting for running jobs to complete.
Resources before job selection: {'_cores': 2, '_nodes': 9223372036854775805, '_job_count': 100}
Ready jobs: 82
Selecting jobs to run using greedy solver.
Selected jobs: 0
Resources after job selection: {'_cores': 2, '_nodes': 9223372036854775805, '_job_count': 100}
Waiting for running jobs to complete.
Resources before job selection: {'_cores': 2, '_nodes': 9223372036854775805, '_job_count': 100}
Ready jobs: 82
Selecting jobs to run using greedy solver.
Selected jobs: 0
Resources after job selection: {'_cores': 2, '_nodes': 9223372036854775805, '_job_count': 100}
Waiting for running jobs to complete.
Resources before job selection: {'_cores': 2, '_nodes': 9223372036854775805, '_job_count': 100}
Ready jobs: 82
Selecting jobs to run using greedy solver.
Selected jobs: 0
Resources after job selection: {'_cores': 2, '_nodes': 9223372036854775805, '_job_count': 100}
Waiting for running jobs to complete.
Resources before job selection: {'_cores': 2, '_nodes': 9223372036854775805, '_job_count': 100}
Ready jobs: 82
Selecting jobs to run using greedy solver.
Selected jobs: 0
Resources after job selection: {'_cores': 2, '_nodes': 9223372036854775805, '_job_count': 100}
Waiting for running jobs to complete.
Resources before job selection: {'_cores': 2, '_nodes': 9223372036854775805, '_job_count': 100}
Ready jobs: 82
Selecting jobs to run using greedy solver.
Selected jobs: 0
Resources after job selection: {'_cores': 2, '_nodes': 9223372036854775805, '_job_count': 100}
Waiting for running jobs to complete.
Resources before job selection: {'_cores': 2, '_nodes': 9223372036854775805, '_job_count': 100}
Ready jobs: 82
Selecting jobs to run using greedy solver.
Selected jobs: 0
Resources after job selection: {'_cores': 2, '_nodes': 9223372036854775805, '_job_count': 100}
Waiting for running jobs to complete.
Resources before job selection: {'_cores': 2, '_nodes': 9223372036854775805, '_job_count': 100}
Ready jobs: 82
Selecting jobs to run using greedy solver.
Selected jobs: 0
Resources after job selection: {'_cores': 2, '_nodes': 9223372036854775805, '_job_count': 100}
Waiting for running jobs to complete.
Resources before job selection: {'_cores': 2, '_nodes': 9223372036854775805, '_job_count': 100}
Ready jobs: 82
Selecting jobs to run using greedy solver.
Selected jobs: 0
Resources after job selection: {'_cores': 2, '_nodes': 9223372036854775805, '_job_count': 100}
Waiting for running jobs to complete.
Resources before job selection: {'_cores': 2, '_nodes': 9223372036854775805, '_job_count': 100}
Ready jobs: 82
Selecting jobs to run using greedy solver.
Selected jobs: 0
Resources after job selection: {'_cores': 2, '_nodes': 9223372036854775805, '_job_count': 100}
Waiting for running jobs to complete.
Resources before job selection: {'_cores': 2, '_nodes': 9223372036854775805, '_job_count': 100}
Ready jobs: 82
Selecting jobs to run using greedy solver.
Selected jobs: 0
Resources after job selection: {'_cores': 2, '_nodes': 9223372036854775805, '_job_count': 100}
Waiting for running jobs to complete.
Resources before job selection: {'_cores': 2, '_nodes': 9223372036854775805, '_job_count': 100}
Ready jobs: 82
Selecting jobs to run using greedy solver.
Selected jobs: 0
Resources after job selection: {'_cores': 2, '_nodes': 9223372036854775805, '_job_count': 100}
Waiting for running jobs to complete.
Resources before job selection: {'_cores': 2, '_nodes': 9223372036854775805, '_job_count': 100}
Ready jobs: 82
Selecting jobs to run using greedy solver.
Selected jobs: 0
Resources after job selection: {'_cores': 2, '_nodes': 9223372036854775805, '_job_count': 100}
Waiting for running jobs to complete.
Resources before job selection: {'_cores': 2, '_nodes': 9223372036854775805, '_job_count': 100}
Ready jobs: 82
Selecting jobs to run using greedy solver.
Selected jobs: 0
Resources after job selection: {'_cores': 2, '_nodes': 9223372036854775805, '_job_count': 100}
Waiting for running jobs to complete.
Resources before job selection: {'_cores': 2, '_nodes': 9223372036854775805, '_job_count': 100}
Ready jobs: 82
Selecting jobs to run using greedy solver.
Selected jobs: 0
Resources after job selection: {'_cores': 2, '_nodes': 9223372036854775805, '_job_count': 100}
Waiting for running jobs to complete.
Resources before job selection: {'_cores': 2, '_nodes': 9223372036854775805, '_job_count': 100}
Ready jobs: 82
Selecting jobs to run using greedy solver.
Selected jobs: 0
Resources after job selection: {'_cores': 2, '_nodes': 9223372036854775805, '_job_count': 100}
Waiting for running jobs to complete.
Resources before job selection: {'_cores': 2, '_nodes': 9223372036854775805, '_job_count': 100}
Ready jobs: 82
Selecting jobs to run using greedy solver.
Selected jobs: 0
Resources after job selection: {'_cores': 2, '_nodes': 9223372036854775805, '_job_count': 100}
Waiting for running jobs to complete.
Resources before job selection: {'_cores': 2, '_nodes': 9223372036854775805, '_job_count': 100}
Ready jobs: 82
Selecting jobs to run using greedy solver.
Selected jobs: 0
Resources after job selection: {'_cores': 2, '_nodes': 9223372036854775805, '_job_count': 100}
Waiting for running jobs to complete.
Resources before job selection: {'_cores': 2, '_nodes': 9223372036854775805, '_job_count': 100}
Ready jobs: 82
Selecting jobs to run using greedy solver.
Selected jobs: 0
Resources after job selection: {'_cores': 2, '_nodes': 9223372036854775805, '_job_count': 100}
Waiting for running jobs to complete.
Resources before job selection: {'_cores': 2, '_nodes': 9223372036854775805, '_job_count': 100}
Ready jobs: 82
Selecting jobs to run using greedy solver.
Selected jobs: 0
Resources after job selection: {'_cores': 2, '_nodes': 9223372036854775805, '_job_count': 100}
Waiting for running jobs to complete.
Resources before job selection: {'_cores': 2, '_nodes': 9223372036854775805, '_job_count': 100}
Ready jobs: 82
Selecting jobs to run using greedy solver.
Selected jobs: 0
Resources after job selection: {'_cores': 2, '_nodes': 9223372036854775805, '_job_count': 100}
Waiting for running jobs to complete.
Resources before job selection: {'_cores': 2, '_nodes': 9223372036854775805, '_job_count': 100}
Ready jobs: 82
Selecting jobs to run using greedy solver.
Selected jobs: 0
Resources after job selection: {'_cores': 2, '_nodes': 9223372036854775805, '_job_count': 100}
Waiting for running jobs to complete.
Resources before job selection: {'_cores': 2, '_nodes': 9223372036854775805, '_job_count': 100}
Ready jobs: 82
Selecting jobs to run using greedy solver.
Selected jobs: 0
Resources after job selection: {'_cores': 2, '_nodes': 9223372036854775805, '_job_count': 100}
Waiting for running jobs to complete.
Resources before job selection: {'_cores': 2, '_nodes': 9223372036854775805, '_job_count': 100}
Ready jobs: 82
Selecting jobs to run using greedy solver.
Selected jobs: 0
Resources after job selection: {'_cores': 2, '_nodes': 9223372036854775805, '_job_count': 100}
Waiting for running jobs to complete.
Resources before job selection: {'_cores': 2, '_nodes': 9223372036854775805, '_job_count': 100}
Ready jobs: 82
Selecting jobs to run using greedy solver.
Selected jobs: 0
Resources after job selection: {'_cores': 2, '_nodes': 9223372036854775805, '_job_count': 100}
Waiting for running jobs to complete.
