Building DAG of jobs...
Need to rerun job extract_individual_bcfs_male because of missing output required by all.
Need to rerun job extract_individual_bcfs_male because of missing output required by all.
Need to rerun job extract_individual_bcfs_male because of missing output required by all.
Need to rerun job extract_individual_bcfs_male because of missing output required by all.
Need to rerun job extract_individual_bcfs_male because of missing output required by all.
Need to rerun job extract_individual_bcfs_male because of missing output required by all.
Need to rerun job extract_individual_bcfs_male because of missing output required by all.
Need to rerun job extract_individual_bcfs_male because of missing output required by all.
Need to rerun job extract_individual_bcfs_female because of missing output required by all.
Need to rerun job extract_individual_bcfs_female because of missing output required by all.
Need to rerun job extract_individual_bcfs_female because of missing output required by all.
Need to rerun job extract_individual_bcfs_female because of missing output required by all.
Need to rerun job extract_individual_bcfs_female because of missing output required by all.
Need to rerun job extract_individual_bcfs_female because of missing output required by all.
Need to rerun job extract_individual_bcfs_female because of missing output required by all.
Need to rerun job extract_individual_bcfs_female because of missing output required by all.
Need to rerun job all because job extract_individual_bcfs_male has to be rerun.
Need to rerun job all because job extract_individual_bcfs_male has to be rerun.
Need to rerun job all because job extract_individual_bcfs_male has to be rerun.
Need to rerun job all because job extract_individual_bcfs_male has to be rerun.
Need to rerun job all because job extract_individual_bcfs_male has to be rerun.
Need to rerun job all because job extract_individual_bcfs_male has to be rerun.
Need to rerun job all because job extract_individual_bcfs_male has to be rerun.
Need to rerun job all because job extract_individual_bcfs_male has to be rerun.
Need to rerun job all because job extract_individual_bcfs_female has to be rerun.
Need to rerun job all because job extract_individual_bcfs_female has to be rerun.
Need to rerun job all because job extract_individual_bcfs_female has to be rerun.
Need to rerun job all because job extract_individual_bcfs_female has to be rerun.
Need to rerun job all because job extract_individual_bcfs_female has to be rerun.
Need to rerun job all because job extract_individual_bcfs_female has to be rerun.
Need to rerun job all because job extract_individual_bcfs_female has to be rerun.
Need to rerun job all because job extract_individual_bcfs_female has to be rerun.
Unlocked working directory.
