Assuming unrestricted shared filesystem usage.
None
host: compute-0-1.local
Building DAG of jobs...
: True 0
shared_storage_local_copies: True
remote_exec: False
Submitting maximum 100 job(s) over 1.0 second(s).
Using shell: /bin/bash
Provided cores: 30
Rules claiming more threads will be scaled down.
Job stats:
job      count
-----  -------
all          1
total        1

Resources before job selection: {'_cores': 30, '_nodes': 9223372036854775807, '_job_count': 9223372036854775807}
Ready jobs: 1
Select jobs to execute...
Selecting jobs to run using greedy solver.
Selected jobs: 1
Resources after job selection: {'_cores': 29, '_nodes': 9223372036854775806, '_job_count': 100}
Execute 1 jobs...
[Wed Jul 16 16:58:35 2025]
localrule all:
    jobid: 0
    reason: Rules with neither input nor output files are always executed.
    resources: tmpdir=/tmp/1974452.1.medium.q
Shell command: None
Waiting for running jobs to complete.
[Wed Jul 16 16:58:35 2025]
Finished jobid: 0 (Rule: all)
1 of 1 steps (100%) done
Complete log(s): /home/toriowo/Snakemake_projects/sexfindr-snakemake/snp-based-analyses/.snakemake/log/2025-07-16T165835.188405.snakemake.log
unlocking
removing lock
removing lock
removed all locks
