Assuming unrestricted shared filesystem usage.
None
host: compute-0-1.local
Building DAG of jobs...
Full Traceback (most recent call last):
  File "/home/toriowo/.conda/envs/snakemake/lib/python3.12/site-packages/snakemake/cli.py", line 2165, in args_to_api
    dag_api.execute_workflow(
  File "/home/toriowo/.conda/envs/snakemake/lib/python3.12/site-packages/snakemake/api.py", line 603, in execute_workflow
    workflow.execute(
  File "/home/toriowo/.conda/envs/snakemake/lib/python3.12/site-packages/snakemake/workflow.py", line 1242, in execute
    self._build_dag()
  File "/home/toriowo/.conda/envs/snakemake/lib/python3.12/site-packages/snakemake/workflow.py", line 1188, in _build_dag
    async_run(self.dag.init())
  File "/home/toriowo/.conda/envs/snakemake/lib/python3.12/site-packages/snakemake/common/__init__.py", line 99, in async_run
    return asyncio.run(coroutine)
           ^^^^^^^^^^^^^^^^^^^^^^
  File "/home/toriowo/.conda/envs/snakemake/lib/python3.12/asyncio/runners.py", line 195, in run
    return runner.run(main)
           ^^^^^^^^^^^^^^^^
  File "/home/toriowo/.conda/envs/snakemake/lib/python3.12/asyncio/runners.py", line 118, in run
    return self._loop.run_until_complete(task)
           ^^^^^^^^^^^^^^^^^^^^^^^^^^^^^^^^^^^
  File "/home/toriowo/.conda/envs/snakemake/lib/python3.12/asyncio/base_events.py", line 691, in run_until_complete
    return future.result()
           ^^^^^^^^^^^^^^^
  File "/home/toriowo/.conda/envs/snakemake/lib/python3.12/site-packages/snakemake/dag.py", line 254, in init
    await self.check_incomplete()
  File "/home/toriowo/.conda/envs/snakemake/lib/python3.12/site-packages/snakemake/dag.py", line 562, in check_incomplete
    raise IncompleteFilesException(incomplete_files)
snakemake.exceptions.IncompleteFilesException: The files below seem to be incomplete. If you are sure that certain files are not incomplete, mark them as complete with

    snakemake --cleanup-metadata <filenames>

To re-generate the files rerun your command with the --rerun-incomplete flag.
Incomplete files:
/home/toriowo/Snakemake_projects/sexfindr-snakemake/snp-based-analyses/results/individual_bcf/DanubeCsikii/Male/Danube_ZFMK-TIS-66628.bcf
/home/toriowo/Snakemake_projects/sexfindr-snakemake/snp-based-analyses/results/individual_bcf/DanubeCsikii/Male/AN39.bcf
/home/toriowo/Snakemake_projects/sexfindr-snakemake/snp-based-analyses/results/individual_bcf/DanubeCsikii/Male/Jagst_ZFMK-TIS-80585.bcf
/home/toriowo/Snakemake_projects/sexfindr-snakemake/snp-based-analyses/results/individual_bcf/DanubeCsikii/Female/Danube_ZFMK-TIS-66623.bcf

IncompleteFilesException:
The files below seem to be incomplete. If you are sure that certain files are not incomplete, mark them as complete with

    snakemake --cleanup-metadata <filenames>

To re-generate the files rerun your command with the --rerun-incomplete flag.
Incomplete files:
/home/toriowo/Snakemake_projects/sexfindr-snakemake/snp-based-analyses/results/individual_bcf/DanubeCsikii/Male/Danube_ZFMK-TIS-66628.bcf
/home/toriowo/Snakemake_projects/sexfindr-snakemake/snp-based-analyses/results/individual_bcf/DanubeCsikii/Male/AN39.bcf
/home/toriowo/Snakemake_projects/sexfindr-snakemake/snp-based-analyses/results/individual_bcf/DanubeCsikii/Male/Jagst_ZFMK-TIS-80585.bcf
/home/toriowo/Snakemake_projects/sexfindr-snakemake/snp-based-analyses/results/individual_bcf/DanubeCsikii/Female/Danube_ZFMK-TIS-66623.bcf
