Building DAG of jobs...
MissingInputException in rule all in line 134 of /home/toriowo/Snakemake_projects/phoxinus_sex_determination/Snakefile:
Missing input files for rule all:
    affected files:
        results/snpdensity/DanubeCsikii/Male_Danube_ZFMK-TIS-66619_10k.snpden
        results/snpdensity/RhinePhoxinus/Male_Anger_ZFMK-TIS-80124_10k.snpden
        results/snpdensity/DanubeCsikii/Male_Danube_ZFMK-TIS-66622_10k.snpden
        results/individual_bcf/DanubeCsikii/Male/Main_Lauer-AM45.bcf
        results/individual_bcf/DanubeCsikii/Male/Main_Lauer-AM42.bcf
        results/snpdensity/DanubeCsikii/Female_Main_Lauer-AM41_10k.snpden
        results/individual_bcf/RhinePhoxinus/Female/Mouzon_ZFMK-TIS-80150.bcf
        results/snpdensity/RhinePhoxinus/Male_Suelz_ZFMK-TIS-66201_10k.snpden
        results/snpdensity/RhinePhoxinus/Female_Anger_ZFMK-TIS-80125_10k.snpden
        results/individual_bcf/DanubeCsikii/Male/Danube_ZFMK-TIS-66622.bcf
        results/snpdensity/DanubeCsikii/Male_Danube_ZFMK-TIS-66623_10k.snpden
        results/snpdensity/RhinePhoxinus/Male_Naafbach_ZFMK-TIS-66058_10k.snpden
        results/snpdensity/RhinePhoxinus/Female_Suelz_ZFMK-TIS-66168_10k.snpden
        results/individual_bcf/RhinePhoxinus/Male/Suelz_ZFMK-TIS-66172.bcf
        results/snpdensity/RhinePhoxinus/Female_Agger_ZFMK-TIS-66363_10k.snpden
        results/snpdensity/RhinePhoxinus/Female_Agger_ZFMK-TIS-66357_10k.snpden
        results/individual_bcf/RhinePhoxinus/Female/Agger_ZFMK-TIS-65468.bcf
        results/individual_bcf/RhinePhoxinus/Female/Agger_ZFMK-TIS-66114.bcf
        results/SNP_Gwas/Bed_files/RhinePhoxinus/RhinePhoxinus.bim
        results/snpdensity/RhinePhoxinus/Female_Agger_ZFMK-TIS-66100_10k.snpden
        results/snpdensity/RhinePhoxinus/Female_Naafbach_ZFMK-TIS-66031_10k.snpden
        results/individual_bcf/RhinePhoxinus/Male/Naafbach_ZFMK-TIS-66031.bcf
        results/snpdensity/RhinePhoxinus/Male_Anger_ZFMK-TIS-80141_10k.snpden
        results/snpdensity/RhinePhoxinus/Female_Mouzon_ZFMK-TIS-80148_10k.snpden
        results/snpdensity/RhinePhoxinus/Male_Mouzon_ZFMK-TIS-80148_10k.snpden
        results/individual_bcf/RhinePhoxinus/Female/Naafbach_ZFMK-TIS-66058.bcf
        results/individual_bcf/DanubeCsikii/Female/Danube_ZFMK-TIS-66626.bcf
        results/individual_bcf/RhinePhoxinus/Male/Anger_ZFMK-TIS-80141.bcf
        results/snpdensity/RhinePhoxinus/Female_Suelz_ZFMK-TIS-66201_10k.snpden
        results/snpdensity/RhinePhoxinus/Female_Agger_ZFMK-TIS-66114_10k.snpden
        results/individual_bcf/RhinePhoxinus/Male/Suelz_ZFMK-TIS-66201.bcf
        results/individual_bcf/RhinePhoxinus/Male/Agger_ZFMK-TIS-66363.bcf
        results/individual_bcf/RhinePhoxinus/Female/Agger_ZFMK-TIS-66336.bcf
        results/individual_bcf/DanubeCsikii/Male/Danube_ZFMK-TIS-66628.bcf
        results/individual_bcf/RhinePhoxinus/Female/Anger_ZFMK-TIS-80141.bcf
        results/snpdensity/RhinePhoxinus/Male_Anger_ZFMK-TIS-80125_10k.snpden
        results/individual_bcf/RhinePhoxinus/Male/Mouzon_ZFMK-TIS-80150.bcf
        results/individual_bcf/DanubeCsikii/Female/Main_Lauer-AM45.bcf
        results/individual_bcf/RhinePhoxinus/Male/Agger_ZFMK-TIS-65499.bcf
        results/snpdensity/DanubeCsikii/Female_Main_Lauer-AM45_10k.snpden
        results/snpdensity/DanubeCsikii/Female_Danube_ZFMK-TIS-66622_10k.snpden
        results/snpdensity/DanubeCsikii/Male_Main_Lauer-AM42_10k.snpden
        results/SNP_Gwas/GWAS/DanubeCsikii/output/DanubeCsikii_GEMMA.assoc.txt
        results/individual_bcf/DanubeCsikii/Female/Main_Lauer-AM41.bcf
        results/individual_bcf/RhinePhoxinus/Male/Naafbach_ZFMK-TIS-66047.bcf
        results/snpdensity/DanubeCsikii/Female_Main_Lauer_AM39_10k.snpden
        results/snpdensity/RhinePhoxinus/Male_Anger_ZFMK-TIS-80142_10k.snpden
        results/snpdensity/RhinePhoxinus/Female_Mouzon_ZFMK-TIS-80150_10k.snpden
        results/SNP_Gwas/Bed_files/DanubeCsikii/DanubeCsikii.bim
        results/individual_bcf/RhinePhoxinus/Male/Naafbach_ZFMK-TIS-66046.bcf
        results/snpdensity/DanubeCsikii/Male_Main_Lauer-AM45_10k.snpden
        results/snpdensity/DanubeCsikii/Female_Main_Lauer-AM46_10k.snpden
        results/individual_bcf/DanubeCsikii/Female/Danube_ZFMK-TIS-66624.bcf
        results/snpdensity/RhinePhoxinus/Female_Anger_ZFMK-TIS-80142_10k.snpden
        results/individual_bcf/DanubeCsikii/Female/Neckar_ZFMK-TIS-80581.bcf
        results/individual_bcf/RhinePhoxinus/Male/Agger_ZFMK-TIS-66100.bcf
        results/snpdensity/RhinePhoxinus/Male_Agger_ZFMK-TIS-66100_10k.snpden
        results/individual_bcf/DanubeCsikii/Male/Main_Lauer-AM37.bcf
        results/snpdensity/RhinePhoxinus/Female_Anger_ZFMK-TIS-80124_10k.snpden
        results/snpdensity/DanubeCsikii/Female_Neckar_ZFMK-TIS-80585_10k.snpden
        results/individual_bcf/DanubeCsikii/Male/Danube_ZFMK-TIS-66626.bcf
        results/individual_bcf/RhinePhoxinus/Male/Agger_ZFMK-TIS-66094.bcf
        results/individual_bcf/RhinePhoxinus/Male/Agger_ZFMK-TIS-65487.bcf
        results/individual_bcf/RhinePhoxinus/Male/Agger_ZFMK-TIS-66086.bcf
        results/snpdensity/RhinePhoxinus/Male_Agger_ZFMK-TIS-66086_10k.snpden
        results/snpdensity/RhinePhoxinus/Female_Suelz_ZFMK-TIS-66172_10k.snpden
        results/individual_bcf/RhinePhoxinus/Female/Suelz_ZFMK-TIS-66168.bcf
        results/snpdensity/RhinePhoxinus/Female_Naafbach_ZFMK-TIS-66030_10k.snpden
        results/snpdensity/RhinePhoxinus/Female_Anger_ZFMK-TIS-80141_10k.snpden
        results/snpdensity/DanubeCsikii/Male_Danube_ZFMK-TIS-66626_10k.snpden
        results/snpdensity/RhinePhoxinus/Female_Agger_ZFMK-TIS-65468_10k.snpden
        results/snpdensity/DanubeCsikii/Male_Main_Lauer-AM46_10k.snpden
        results/individual_bcf/RhinePhoxinus/Female/Naafbach_ZFMK-TIS-66046.bcf
        results/individual_bcf/RhinePhoxinus/Male/Agger_ZFMK-TIS-66114.bcf
        results/snpdensity/DanubeCsikii/Female_Danube_ZFMK-TIS-66629_10k.snpden
        results/individual_bcf/DanubeCsikii/Female/Main_Lauer-AM42.bcf
        results/snpdensity/DanubeCsikii/Female_Main_Lauer-AM42_10k.snpden
        results/individual_bcf/DanubeCsikii/Male/Main_Lauer_AM39.bcf
        results/snpdensity/DanubeCsikii/Female_Danube_ZFMK-TIS-66619_10k.snpden
        results/individual_bcf/RhinePhoxinus/Male/Agger_ZFMK-TIS-65486.bcf
        results/individual_bcf/DanubeCsikii/Male/Danube_ZFMK-TIS-66623.bcf
        results/snpdensity/RhinePhoxinus/Male_Agger_ZFMK-TIS-65499_10k.snpden
        results/individual_bcf/RhinePhoxinus/Female/Naafbach_ZFMK-TIS-66030.bcf
        results/snpdensity/DanubeCsikii/Male_Main_Lauer-AM37_10k.snpden
        results/individual_bcf/RhinePhoxinus/Male/Naafbach_ZFMK-TIS-66030.bcf
        results/individual_bcf/RhinePhoxinus/Female/Agger_ZFMK-TIS-66357.bcf
        results/snpdensity/DanubeCsikii/Male_Danube_ZFMK-TIS-66628_10k.snpden
        results/snpdensity/DanubeCsikii/Female_Danube_ZFMK-TIS-66628_10k.snpden
        results/individual_bcf/RhinePhoxinus/Female/Suelz_ZFMK-TIS-66172.bcf
        results/individual_bcf/DanubeCsikii/Female/Danube_ZFMK-TIS-66622.bcf
        results/snpdensity/DanubeCsikii/Female_Danube_ZFMK-TIS-66620_10k.snpden
        results/individual_bcf/RhinePhoxinus/Male/Anger_ZFMK-TIS-80142.bcf
        results/snpdensity/RhinePhoxinus/Male_Agger_ZFMK-TIS-66336_10k.snpden
        results/snpdensity/RhinePhoxinus/Female_Naafbach_ZFMK-TIS-66046_10k.snpden
        results/snpdensity/RhinePhoxinus/Female_Agger_ZFMK-TIS-66086_10k.snpden
        results/individual_bcf/RhinePhoxinus/Female/Agger_ZFMK-TIS-65414.bcf
        results/individual_bcf/DanubeCsikii/Female/Main_Lauer_AM39.bcf
        results/individual_bcf/DanubeCsikii/Female/Danube_ZFMK-TIS-66623.bcf
        results/individual_bcf/DanubeCsikii/Female/Main_Lauer-AM46.bcf
        results/individual_bcf/RhinePhoxinus/Female/Agger_ZFMK-TIS-65486.bcf
        results/SNP_Gwas/pheno_files/RhinePhoxinus/RhinePhoxinus.pheno.txt
        results/snpdensity/RhinePhoxinus/Male_Suelz_ZFMK-TIS-66172_10k.snpden
        results/individual_bcf/RhinePhoxinus/Male/Agger_ZFMK-TIS-66336.bcf
        results/individual_bcf/DanubeCsikii/Male/Danube_ZFMK-TIS-66624.bcf
        results/individual_bcf/RhinePhoxinus/Female/Agger_ZFMK-TIS-66100.bcf
        results/snpdensity/DanubeCsikii/Female_Main_Lauer-AM37_10k.snpden
        results/snpdensity/DanubeCsikii/Female_Danube_ZFMK-TIS-66623_10k.snpden
        results/SNP_Gwas/Bed_files/DanubeCsikii/DanubeCsikii.bed
        results/snpdensity/DanubeCsikii/Female_Danube_ZFMK-TIS-66626_10k.snpden
        results/snpdensity/DanubeCsikii/Male_Danube_ZFMK-TIS-66629_10k.snpden
        results/individual_bcf/RhinePhoxinus/Male/Agger_ZFMK-TIS-65414.bcf
        results/snpdensity/RhinePhoxinus/Female_Agger_ZFMK-TIS-65486_10k.snpden
        results/individual_bcf/RhinePhoxinus/Female/Anger_ZFMK-TIS-80124.bcf
        results/snpdensity/RhinePhoxinus/Male_Mouzon_ZFMK-TIS-80150_10k.snpden
        results/individual_bcf/DanubeCsikii/Female/Danube_ZFMK-TIS-66620.bcf
        results/individual_bcf/DanubeCsikii/Male/Danube_ZFMK-TIS-66619.bcf
        results/snpdensity/DanubeCsikii/Male_Main_Lauer-AM41_10k.snpden
        results/snpdensity/RhinePhoxinus/Male_Naafbach_ZFMK-TIS-66030_10k.snpden
        results/individual_bcf/DanubeCsikii/Female/Neckar_ZFMK-TIS-80585.bcf
        results/individual_bcf/RhinePhoxinus/Male/Anger_ZFMK-TIS-80124.bcf
        results/snpdensity/RhinePhoxinus/Male_Agger_ZFMK-TIS-65468_10k.snpden
        results/SNP_Gwas/Bed_files/RhinePhoxinus/RhinePhoxinus.fam
        results/SNP_Gwas/pheno_files/DanubeCsikii/DanubeCsikii.pheno.txt
        results/snpdensity/RhinePhoxinus/Male_Naafbach_ZFMK-TIS-66031_10k.snpden
        results/SNP_Gwas/Bed_files/DanubeCsikii/DanubeCsikii.fam
        results/individual_bcf/RhinePhoxinus/Female/Agger_ZFMK-TIS-66094.bcf
        results/individual_bcf/RhinePhoxinus/Female/Naafbach_ZFMK-TIS-66047.bcf
        results/snpdensity/RhinePhoxinus/Female_Agger_ZFMK-TIS-65487_10k.snpden
        results/snpdensity/RhinePhoxinus/Male_Agger_ZFMK-TIS-65487_10k.snpden
        results/individual_bcf/DanubeCsikii/Male/Main_Lauer-AM46.bcf
        results/snpdensity/DanubeCsikii/Female_Danube_ZFMK-TIS-66624_10k.snpden
        results/snpdensity/RhinePhoxinus/Female_Naafbach_ZFMK-TIS-66058_10k.snpden
        results/snpdensity/DanubeCsikii/Male_Neckar_ZFMK-TIS-80581_10k.snpden
        results/individual_bcf/RhinePhoxinus/Female/Agger_ZFMK-TIS-65499.bcf
        results/individual_bcf/DanubeCsikii/Male/Danube_ZFMK-TIS-66620.bcf
        results/snpdensity/RhinePhoxinus/Female_Naafbach_ZFMK-TIS-66047_10k.snpden
        results/individual_bcf/RhinePhoxinus/Female/Mouzon_ZFMK-TIS-80148.bcf
        results/snpdensity/RhinePhoxinus/Male_Agger_ZFMK-TIS-66114_10k.snpden
        results/individual_bcf/RhinePhoxinus/Female/Agger_ZFMK-TIS-66363.bcf
        results/SNP_Gwas/Bed_files/RhinePhoxinus/RhinePhoxinus.bed
        results/individual_bcf/RhinePhoxinus/Female/Agger_ZFMK-TIS-65487.bcf
        results/snpdensity/RhinePhoxinus/Male_Agger_ZFMK-TIS-66357_10k.snpden
        results/individual_bcf/RhinePhoxinus/Male/Mouzon_ZFMK-TIS-80148.bcf
        results/snpdensity/RhinePhoxinus/Female_Agger_ZFMK-TIS-65499_10k.snpden
        results/individual_bcf/RhinePhoxinus/Male/Agger_ZFMK-TIS-65468.bcf
        results/snpdensity/RhinePhoxinus/Male_Agger_ZFMK-TIS-65414_10k.snpden
        results/snpdensity/RhinePhoxinus/Female_Agger_ZFMK-TIS-65414_10k.snpden
        results/individual_bcf/DanubeCsikii/Male/Main_Lauer-AM41.bcf
        results/individual_bcf/DanubeCsikii/Male/Neckar_ZFMK-TIS-80585.bcf
        results/SNP_Gwas/GWAS/RhinePhoxinus/output/RhinePhoxinus_GEMMA.assoc.txt
        results/individual_bcf/RhinePhoxinus/Male/Naafbach_ZFMK-TIS-66058.bcf
        results/individual_bcf/RhinePhoxinus/Female/Anger_ZFMK-TIS-80142.bcf
        results/snpdensity/RhinePhoxinus/Male_Naafbach_ZFMK-TIS-66047_10k.snpden
        results/individual_bcf/RhinePhoxinus/Male/Anger_ZFMK-TIS-80125.bcf
        results/snpdensity/RhinePhoxinus/Male_Agger_ZFMK-TIS-66094_10k.snpden
        results/snpdensity/RhinePhoxinus/Male_Naafbach_ZFMK-TIS-66046_10k.snpden
        results/individual_bcf/DanubeCsikii/Female/Danube_ZFMK-TIS-66619.bcf
        results/snpdensity/DanubeCsikii/Male_Danube_ZFMK-TIS-66624_10k.snpden
        results/individual_bcf/DanubeCsikii/Female/Danube_ZFMK-TIS-66629.bcf
        results/individual_bcf/RhinePhoxinus/Male/Agger_ZFMK-TIS-66357.bcf
        results/individual_bcf/DanubeCsikii/Female/Danube_ZFMK-TIS-66628.bcf
        results/snpdensity/RhinePhoxinus/Female_Agger_ZFMK-TIS-66094_10k.snpden
        results/individual_bcf/RhinePhoxinus/Female/Naafbach_ZFMK-TIS-66031.bcf
        results/snpdensity/DanubeCsikii/Male_Danube_ZFMK-TIS-66620_10k.snpden
        results/individual_bcf/RhinePhoxinus/Female/Suelz_ZFMK-TIS-66201.bcf
        results/snpdensity/RhinePhoxinus/Male_Agger_ZFMK-TIS-66363_10k.snpden
        results/snpdensity/RhinePhoxinus/Male_Suelz_ZFMK-TIS-66168_10k.snpden
        results/snpdensity/DanubeCsikii/Male_Neckar_ZFMK-TIS-80585_10k.snpden
        results/snpdensity/RhinePhoxinus/Female_Agger_ZFMK-TIS-66336_10k.snpden
        results/individual_bcf/DanubeCsikii/Male/Danube_ZFMK-TIS-66629.bcf
        results/individual_bcf/DanubeCsikii/Female/Main_Lauer-AM37.bcf
        results/individual_bcf/RhinePhoxinus/Male/Suelz_ZFMK-TIS-66168.bcf
        results/individual_bcf/RhinePhoxinus/Female/Agger_ZFMK-TIS-66086.bcf
        results/snpdensity/DanubeCsikii/Female_Neckar_ZFMK-TIS-80581_10k.snpden
        results/individual_bcf/DanubeCsikii/Male/Neckar_ZFMK-TIS-80581.bcf
        results/snpdensity/RhinePhoxinus/Male_Agger_ZFMK-TIS-65486_10k.snpden
        results/snpdensity/DanubeCsikii/Male_Main_Lauer_AM39_10k.snpden
        results/individual_bcf/RhinePhoxinus/Female/Anger_ZFMK-TIS-80125.bcf
