Assuming unrestricted shared filesystem usage.
None
host: compute-0-4.local
Building DAG of jobs...
Need to rerun job create_pheno because of missing output required by create_bed.
Need to rerun job run_gwas because job create_bed has to be rerun.
Need to rerun job all because job create_bed has to be rerun.
Need to rerun job create_bed because job create_pheno has to be rerun.
Need to rerun job all because job create_pheno has to be rerun.
Need to rerun job all because job run_gwas has to be rerun.
results/snp_gwas/bed_files/DanubeCsikii/DanubeCsikii.bed results/snp_gwas/bed_files/DanubeCsikii/DanubeCsikii.bim results/snp_gwas/bed_files/DanubeCsikii/DanubeCsikii.fam: False 1
results/snp_gwas/gwas/DanubeCsikii/output/DanubeCsikii_GEMMA.assoc.txt: False 1
: False 3
results/snp_gwas/pheno_files/DanubeCsikii/DanubeCsikii.pheno.txt: True 0
shared_storage_local_copies: True
remote_exec: False
Submitting maximum 100 job(s) over 1.0 second(s).
Using shell: /bin/bash
Provided cores: 20
Rules claiming more threads will be scaled down.
Job stats:
job             count
------------  -------
all                 1
create_bed          1
create_pheno        1
run_gwas            1
total               4

Resources before job selection: {'_cores': 20, '_nodes': 9223372036854775807, '_job_count': 9223372036854775807}
Ready jobs: 1
Select jobs to execute...
Selecting jobs to run using greedy solver.
Selected jobs: 1
Resources after job selection: {'_cores': 16, '_nodes': 9223372036854775806, '_job_count': 100}
Execute 1 jobs...
[Wed Jul 16 22:15:30 2025]
localrule create_pheno:
    input: /home/toriowo/Snakemake_projects/sexfindr-snakemake/snp-based-analyses/resources/sample_lists/DanubeCsikii_Male.vcflist, /home/toriowo/Snakemake_projects/sexfindr-snakemake/snp-based-analyses/resources/sample_lists/DanubeCsikii_Female.vcflist
    output: results/snp_gwas/pheno_files/DanubeCsikii/DanubeCsikii.pheno.txt
    jobid: 1
    reason: Missing output files: results/snp_gwas/pheno_files/DanubeCsikii/DanubeCsikii.pheno.txt
    wildcards: pheno_output_dir=results/snp_gwas/pheno_files, species=DanubeCsikii
    threads: 4
    resources: tmpdir=/tmp/1974578.1.medium.q
Shell command: 
        > results/snp_gwas/pheno_files/DanubeCsikii/DanubeCsikii.pheno.txt
        while read -r line; do
            echo -e "${line}	${line}	1" >> results/snp_gwas/pheno_files/DanubeCsikii/DanubeCsikii.pheno.txt
        done < /home/toriowo/Snakemake_projects/sexfindr-snakemake/snp-based-analyses/resources/sample_lists/DanubeCsikii_Male.vcflist
        while read -r line; do
            echo -e "${line}	${line}	2" >> results/snp_gwas/pheno_files/DanubeCsikii/DanubeCsikii.pheno.txt
        done < /home/toriowo/Snakemake_projects/sexfindr-snakemake/snp-based-analyses/resources/sample_lists/DanubeCsikii_Female.vcflist
        
Waiting for running jobs to complete.
[Wed Jul 16 22:15:30 2025]
Finished jobid: 1 (Rule: create_pheno)
1 of 4 steps (25%) done
results/snp_gwas/bed_files/DanubeCsikii/DanubeCsikii.bed results/snp_gwas/bed_files/DanubeCsikii/DanubeCsikii.bim results/snp_gwas/bed_files/DanubeCsikii/DanubeCsikii.fam: True 0
: False 2
Resources before job selection: {'_cores': 20, '_nodes': 9223372036854775807, '_job_count': 100}
Ready jobs: 1
Select jobs to execute...
Selecting jobs to run using greedy solver.
Selected jobs: 1
Resources after job selection: {'_cores': 16, '_nodes': 9223372036854775806, '_job_count': 99}
Execute 1 jobs...
[Wed Jul 16 22:15:30 2025]
localrule create_bed:
    input: /home/toriowo/SNAKEMAKE/Variant_calling_pipeline/haplome_one_results/DanubeCsikii/Filtered/DanubeCsikii_allChromosomes.filtered.norm.bcf, results/snp_gwas/pheno_files/DanubeCsikii/DanubeCsikii.pheno.txt
    output: results/snp_gwas/bed_files/DanubeCsikii/DanubeCsikii.bed, results/snp_gwas/bed_files/DanubeCsikii/DanubeCsikii.bim, results/snp_gwas/bed_files/DanubeCsikii/DanubeCsikii.fam
    jobid: 2
    reason: Missing output files: results/snp_gwas/bed_files/DanubeCsikii/DanubeCsikii.fam, results/snp_gwas/bed_files/DanubeCsikii/DanubeCsikii.bim, results/snp_gwas/bed_files/DanubeCsikii/DanubeCsikii.bed; Input files updated by another job: results/snp_gwas/pheno_files/DanubeCsikii/DanubeCsikii.pheno.txt; Set of input files has changed since last execution
    wildcards: bed_output_dir=results/snp_gwas/bed_files, species=DanubeCsikii
    threads: 4
    resources: tmpdir=/tmp/1974578.1.medium.q
Shell command: 
        mkdir -p results/snp_gwas/bed_files/DanubeCsikii
        module load plink/1.90beta6.16
        out_prefix=results/snp_gwas/bed_files/DanubeCsikii/DanubeCsikii
        plink --bcf /home/toriowo/SNAKEMAKE/Variant_calling_pipeline/haplome_one_results/DanubeCsikii/Filtered/DanubeCsikii_allChromosomes.filtered.norm.bcf --double-id --pheno results/snp_gwas/pheno_files/DanubeCsikii/DanubeCsikii.pheno.txt --make-bed --out $out_prefix --noweb --allow-no-sex
        
Waiting for running jobs to complete.
[Wed Jul 16 22:16:34 2025]
Finished jobid: 2 (Rule: create_bed)
2 of 4 steps (50%) done
results/snp_gwas/gwas/DanubeCsikii/output/DanubeCsikii_GEMMA.assoc.txt: True 0
: False 1
Resources before job selection: {'_cores': 20, '_nodes': 9223372036854775807, '_job_count': 99}
Ready jobs: 1
Select jobs to execute...
Selecting jobs to run using greedy solver.
Selected jobs: 1
Resources after job selection: {'_cores': 19, '_nodes': 9223372036854775806, '_job_count': 100}
Execute 1 jobs...
[Wed Jul 16 22:16:34 2025]
localrule run_gwas:
    input: results/snp_gwas/bed_files/DanubeCsikii/DanubeCsikii.bed, results/snp_gwas/bed_files/DanubeCsikii/DanubeCsikii.bim, results/snp_gwas/bed_files/DanubeCsikii/DanubeCsikii.fam
    output: results/snp_gwas/gwas/DanubeCsikii/output/DanubeCsikii_GEMMA.assoc.txt
    jobid: 3
    reason: Missing output files: results/snp_gwas/gwas/DanubeCsikii/output/DanubeCsikii_GEMMA.assoc.txt; Input files updated by another job: results/snp_gwas/bed_files/DanubeCsikii/DanubeCsikii.fam, results/snp_gwas/bed_files/DanubeCsikii/DanubeCsikii.bim, results/snp_gwas/bed_files/DanubeCsikii/DanubeCsikii.bed
    wildcards: gwas_output_dir=results/snp_gwas/gwas, species=DanubeCsikii
    resources: tmpdir=/tmp/1974578.1.medium.q, mem_mb=8000, mem_mib=7630
Shell command: 
        mkdir -p results/snp_gwas/gwas/DanubeCsikii/output
        cd results/snp_gwas/gwas/DanubeCsikii
        gemma -bfile results/snp_gwas/bed_files/DanubeCsikii/DanubeCsikii -lm 2 -o DanubeCsikii_GEMMA > results/snp_gwas/gwas/DanubeCsikii/DanubeCsikii_gemma.log 2>&1
        
Waiting for running jobs to complete.
Full Traceback (most recent call last):
  File "/home/toriowo/.conda/envs/snakemake/lib/python3.12/site-packages/snakemake/executors/local.py", line 425, in run_wrapper
    run(
  File "/home/toriowo/Snakemake_projects/sexfindr-snakemake/snp-based-analyses/workflow/rules/05-snp-gwas.smk", line 136, in __rule_run_gwas
  File "/home/toriowo/.conda/envs/snakemake/lib/python3.12/site-packages/snakemake/shell.py", line 358, in __new__
    raise sp.CalledProcessError(retcode, cmd)
subprocess.CalledProcessError: Command 'set -euo pipefail;  
        mkdir -p results/snp_gwas/gwas/DanubeCsikii/output
        cd results/snp_gwas/gwas/DanubeCsikii
        gemma -bfile results/snp_gwas/bed_files/DanubeCsikii/DanubeCsikii -lm 2 -o DanubeCsikii_GEMMA > results/snp_gwas/gwas/DanubeCsikii/DanubeCsikii_gemma.log 2>&1' returned non-zero exit status 1.

Full Traceback (most recent call last):
  File "/home/toriowo/.conda/envs/snakemake/lib/python3.12/site-packages/snakemake/executors/local.py", line 425, in run_wrapper
    run(
  File "/home/toriowo/Snakemake_projects/sexfindr-snakemake/snp-based-analyses/workflow/rules/05-snp-gwas.smk", line 136, in __rule_run_gwas
  File "/home/toriowo/.conda/envs/snakemake/lib/python3.12/site-packages/snakemake/shell.py", line 358, in __new__
    raise sp.CalledProcessError(retcode, cmd)
subprocess.CalledProcessError: Command 'set -euo pipefail;  
        mkdir -p results/snp_gwas/gwas/DanubeCsikii/output
        cd results/snp_gwas/gwas/DanubeCsikii
        gemma -bfile results/snp_gwas/bed_files/DanubeCsikii/DanubeCsikii -lm 2 -o DanubeCsikii_GEMMA > results/snp_gwas/gwas/DanubeCsikii/DanubeCsikii_gemma.log 2>&1' returned non-zero exit status 1.

During handling of the above exception, another exception occurred:

Traceback (most recent call last):
  File "/home/toriowo/.conda/envs/snakemake/lib/python3.12/concurrent/futures/thread.py", line 59, in run
    result = self.fn(*self.args, **self.kwargs)
             ^^^^^^^^^^^^^^^^^^^^^^^^^^^^^^^^^^
  File "/home/toriowo/.conda/envs/snakemake/lib/python3.12/site-packages/snakemake/executors/local.py", line 247, in cached_or_run
    run_func(*args)
  File "/home/toriowo/.conda/envs/snakemake/lib/python3.12/site-packages/snakemake/executors/local.py", line 461, in run_wrapper
    raise RuleException(
snakemake.exceptions.RuleException: CalledProcessError in file "/home/toriowo/Snakemake_projects/sexfindr-snakemake/snp-based-analyses/workflow/rules/05-snp-gwas.smk", line 70:
Command 'set -euo pipefail;  
        mkdir -p results/snp_gwas/gwas/DanubeCsikii/output
        cd results/snp_gwas/gwas/DanubeCsikii
        gemma -bfile results/snp_gwas/bed_files/DanubeCsikii/DanubeCsikii -lm 2 -o DanubeCsikii_GEMMA > results/snp_gwas/gwas/DanubeCsikii/DanubeCsikii_gemma.log 2>&1' returned non-zero exit status 1.

RuleException:
CalledProcessError in file "/home/toriowo/Snakemake_projects/sexfindr-snakemake/snp-based-analyses/workflow/rules/05-snp-gwas.smk", line 70:
Command 'set -euo pipefail;  
        mkdir -p results/snp_gwas/gwas/DanubeCsikii/output
        cd results/snp_gwas/gwas/DanubeCsikii
        gemma -bfile results/snp_gwas/bed_files/DanubeCsikii/DanubeCsikii -lm 2 -o DanubeCsikii_GEMMA > results/snp_gwas/gwas/DanubeCsikii/DanubeCsikii_gemma.log 2>&1' returned non-zero exit status 1.
[Wed Jul 16 22:16:34 2025]
Error in rule run_gwas:
    message: None
    jobid: 3
    input: results/snp_gwas/bed_files/DanubeCsikii/DanubeCsikii.bed, results/snp_gwas/bed_files/DanubeCsikii/DanubeCsikii.bim, results/snp_gwas/bed_files/DanubeCsikii/DanubeCsikii.fam
    output: results/snp_gwas/gwas/DanubeCsikii/output/DanubeCsikii_GEMMA.assoc.txt
    shell:
        
        mkdir -p results/snp_gwas/gwas/DanubeCsikii/output
        cd results/snp_gwas/gwas/DanubeCsikii
        gemma -bfile results/snp_gwas/bed_files/DanubeCsikii/DanubeCsikii -lm 2 -o DanubeCsikii_GEMMA > results/snp_gwas/gwas/DanubeCsikii/DanubeCsikii_gemma.log 2>&1
        
        (command exited with non-zero exit code)
Shutting down, this might take some time.
Exiting because a job execution failed. Look below for error messages
[Wed Jul 16 22:16:35 2025]
Error in rule run_gwas:
    message: None
    jobid: 3
    input: results/snp_gwas/bed_files/DanubeCsikii/DanubeCsikii.bed, results/snp_gwas/bed_files/DanubeCsikii/DanubeCsikii.bim, results/snp_gwas/bed_files/DanubeCsikii/DanubeCsikii.fam
    output: results/snp_gwas/gwas/DanubeCsikii/output/DanubeCsikii_GEMMA.assoc.txt
    shell:
        
        mkdir -p results/snp_gwas/gwas/DanubeCsikii/output
        cd results/snp_gwas/gwas/DanubeCsikii
        gemma -bfile results/snp_gwas/bed_files/DanubeCsikii/DanubeCsikii -lm 2 -o DanubeCsikii_GEMMA > results/snp_gwas/gwas/DanubeCsikii/DanubeCsikii_gemma.log 2>&1
        
        (command exited with non-zero exit code)
Complete log(s): /home/toriowo/Snakemake_projects/sexfindr-snakemake/snp-based-analyses/.snakemake/log/2025-07-16T221530.610964.snakemake.log
unlocking
removing lock
removing lock
removed all locks
Full Traceback (most recent call last):
  File "/home/toriowo/.conda/envs/snakemake/lib/python3.12/site-packages/snakemake/cli.py", line 2165, in args_to_api
    dag_api.execute_workflow(
  File "/home/toriowo/.conda/envs/snakemake/lib/python3.12/site-packages/snakemake/api.py", line 603, in execute_workflow
    workflow.execute(
  File "/home/toriowo/.conda/envs/snakemake/lib/python3.12/site-packages/snakemake/workflow.py", line 1451, in execute
    raise WorkflowError("At least one job did not complete successfully.")
snakemake_interface_common.exceptions.WorkflowError: At least one job did not complete successfully.

WorkflowError:
At least one job did not complete successfully.
