Assuming unrestricted shared filesystem usage.
None
host: compute-0-1.local
Building DAG of jobs...
Need to rerun job calculate_snp_density_male because of missing output required by all.
Need to rerun job calculate_snp_density_male because of missing output required by all.
Need to rerun job calculate_snp_density_male because of missing output required by all.
Need to rerun job calculate_snp_density_male because of missing output required by all.
Need to rerun job calculate_snp_density_male because of missing output required by all.
Need to rerun job calculate_snp_density_male because of missing output required by all.
Need to rerun job calculate_snp_density_male because of missing output required by all.
Need to rerun job calculate_snp_density_male because of missing output required by all.
Need to rerun job calculate_snp_density_female because of missing output required by all.
Need to rerun job calculate_snp_density_female because of missing output required by all.
Need to rerun job calculate_snp_density_female because of missing output required by all.
Need to rerun job calculate_snp_density_female because of missing output required by all.
Need to rerun job calculate_snp_density_female because of missing output required by all.
Need to rerun job calculate_snp_density_female because of missing output required by all.
Need to rerun job calculate_snp_density_female because of missing output required by all.
Need to rerun job calculate_snp_density_female because of missing output required by all.
Need to rerun job all because job calculate_snp_density_male has to be rerun.
Need to rerun job all because job calculate_snp_density_male has to be rerun.
Need to rerun job all because job calculate_snp_density_male has to be rerun.
Need to rerun job all because job calculate_snp_density_male has to be rerun.
Need to rerun job all because job calculate_snp_density_male has to be rerun.
Need to rerun job all because job calculate_snp_density_male has to be rerun.
Need to rerun job all because job calculate_snp_density_male has to be rerun.
Need to rerun job all because job calculate_snp_density_male has to be rerun.
Need to rerun job all because job calculate_snp_density_female has to be rerun.
Need to rerun job all because job calculate_snp_density_female has to be rerun.
Need to rerun job all because job calculate_snp_density_female has to be rerun.
Need to rerun job all because job calculate_snp_density_female has to be rerun.
Need to rerun job all because job calculate_snp_density_female has to be rerun.
Need to rerun job all because job calculate_snp_density_female has to be rerun.
Need to rerun job all because job calculate_snp_density_female has to be rerun.
Need to rerun job all because job calculate_snp_density_female has to be rerun.
/home/toriowo/Snakemake_projects/sexfindr-snakemake/snp-based-analyses/results/snpdensity/DanubeCsikii/Female_AN45_10k.snpden: True 0
/home/toriowo/Snakemake_projects/sexfindr-snakemake/snp-based-analyses/results/snpdensity/DanubeCsikii/Female_Danube_ZFMK-TIS-66624_10k.snpden: True 0
: False 16
/home/toriowo/Snakemake_projects/sexfindr-snakemake/snp-based-analyses/results/snpdensity/DanubeCsikii/Female_AN37_10k.snpden: True 0
/home/toriowo/Snakemake_projects/sexfindr-snakemake/snp-based-analyses/results/snpdensity/DanubeCsikii/Female_AN46_10k.snpden: True 0
/home/toriowo/Snakemake_projects/sexfindr-snakemake/snp-based-analyses/results/snpdensity/DanubeCsikii/Male_Danube_ZFMK-TIS-66619_10k.snpden: True 0
/home/toriowo/Snakemake_projects/sexfindr-snakemake/snp-based-analyses/results/snpdensity/DanubeCsikii/Male_Danube_ZFMK-TIS-66628_10k.snpden: True 0
/home/toriowo/Snakemake_projects/sexfindr-snakemake/snp-based-analyses/results/snpdensity/DanubeCsikii/Male_Jagst_ZFMK-TIS-80585_10k.snpden: True 0
/home/toriowo/Snakemake_projects/sexfindr-snakemake/snp-based-analyses/results/snpdensity/DanubeCsikii/Female_Danube_ZFMK-TIS-66626_10k.snpden: True 0
/home/toriowo/Snakemake_projects/sexfindr-snakemake/snp-based-analyses/results/snpdensity/DanubeCsikii/Male_AN39_10k.snpden: True 0
/home/toriowo/Snakemake_projects/sexfindr-snakemake/snp-based-analyses/results/snpdensity/DanubeCsikii/Female_Danube_ZFMK-TIS-66620_10k.snpden: True 0
/home/toriowo/Snakemake_projects/sexfindr-snakemake/snp-based-analyses/results/snpdensity/DanubeCsikii/Male_Danube_ZFMK-TIS-66629_10k.snpden: True 0
/home/toriowo/Snakemake_projects/sexfindr-snakemake/snp-based-analyses/results/snpdensity/DanubeCsikii/Female_Jagst_ZFMK-TIS-80581_10k.snpden: True 0
/home/toriowo/Snakemake_projects/sexfindr-snakemake/snp-based-analyses/results/snpdensity/DanubeCsikii/Male_AN42_10k.snpden: True 0
/home/toriowo/Snakemake_projects/sexfindr-snakemake/snp-based-analyses/results/snpdensity/DanubeCsikii/Male_Danube_ZFMK-TIS-66622_10k.snpden: True 0
/home/toriowo/Snakemake_projects/sexfindr-snakemake/snp-based-analyses/results/snpdensity/DanubeCsikii/Female_Danube_ZFMK-TIS-66623_10k.snpden: True 0
/home/toriowo/Snakemake_projects/sexfindr-snakemake/snp-based-analyses/results/snpdensity/DanubeCsikii/Male_AN41_10k.snpden: True 0
shared_storage_local_copies: True
remote_exec: False
Submitting maximum 100 job(s) over 1.0 second(s).
Using shell: /bin/bash
Provided cores: 30
Rules claiming more threads will be scaled down.
Job stats:
job                             count
----------------------------  -------
all                                 1
calculate_snp_density_female        8
calculate_snp_density_male          8
total                              17

Resources before job selection: {'_cores': 30, '_nodes': 9223372036854775807, '_job_count': 9223372036854775807}
Ready jobs: 16
Select jobs to execute...
Selected jobs: 7
Resources after job selection: {'_cores': 2, '_nodes': 9223372036854775800, '_job_count': 100}
Execute 7 jobs...
[Wed Jul 16 17:06:03 2025]
localrule calculate_snp_density_female:
    input: /home/toriowo/Snakemake_projects/sexfindr-snakemake/snp-based-analyses/results/individual_bcf/DanubeCsikii/Female/AN45.bcf
    output: /home/toriowo/Snakemake_projects/sexfindr-snakemake/snp-based-analyses/results/snpdensity/DanubeCsikii/Female_AN45_10k.snpden
    jobid: 13
    reason: Missing output files: /home/toriowo/Snakemake_projects/sexfindr-snakemake/snp-based-analyses/results/snpdensity/DanubeCsikii/Female_AN45_10k.snpden
    wildcards: species=DanubeCsikii, sample=AN45
    threads: 4
    resources: tmpdir=/tmp/1974473.1.medium.q
Shell command: 
        module load vcftools/0.1.16
        vcftools --bcf /home/toriowo/Snakemake_projects/sexfindr-snakemake/snp-based-analyses/results/individual_bcf/DanubeCsikii/Female/AN45.bcf --SNPdensity 10000 --out /home/toriowo/Snakemake_projects/sexfindr-snakemake/snp-based-analyses/results/snpdensity/DanubeCsikii/Female_AN45_10k
        
[Wed Jul 16 17:06:03 2025]
localrule calculate_snp_density_female:
    input: /home/toriowo/Snakemake_projects/sexfindr-snakemake/snp-based-analyses/results/individual_bcf/DanubeCsikii/Female/Danube_ZFMK-TIS-66624.bcf
    output: /home/toriowo/Snakemake_projects/sexfindr-snakemake/snp-based-analyses/results/snpdensity/DanubeCsikii/Female_Danube_ZFMK-TIS-66624_10k.snpden
    jobid: 11
    reason: Missing output files: /home/toriowo/Snakemake_projects/sexfindr-snakemake/snp-based-analyses/results/snpdensity/DanubeCsikii/Female_Danube_ZFMK-TIS-66624_10k.snpden
    wildcards: species=DanubeCsikii, sample=Danube_ZFMK-TIS-66624
    threads: 4
    resources: tmpdir=/tmp/1974473.1.medium.q
Shell command: 
        module load vcftools/0.1.16
        vcftools --bcf /home/toriowo/Snakemake_projects/sexfindr-snakemake/snp-based-analyses/results/individual_bcf/DanubeCsikii/Female/Danube_ZFMK-TIS-66624.bcf --SNPdensity 10000 --out /home/toriowo/Snakemake_projects/sexfindr-snakemake/snp-based-analyses/results/snpdensity/DanubeCsikii/Female_Danube_ZFMK-TIS-66624_10k
        
[Wed Jul 16 17:06:03 2025]
localrule calculate_snp_density_male:
    input: /home/toriowo/Snakemake_projects/sexfindr-snakemake/snp-based-analyses/results/individual_bcf/DanubeCsikii/Male/Danube_ZFMK-TIS-66629.bcf
    output: /home/toriowo/Snakemake_projects/sexfindr-snakemake/snp-based-analyses/results/snpdensity/DanubeCsikii/Male_Danube_ZFMK-TIS-66629_10k.snpden
    jobid: 6
    reason: Missing output files: /home/toriowo/Snakemake_projects/sexfindr-snakemake/snp-based-analyses/results/snpdensity/DanubeCsikii/Male_Danube_ZFMK-TIS-66629_10k.snpden
    wildcards: species=DanubeCsikii, sample=Danube_ZFMK-TIS-66629
    threads: 4
    resources: tmpdir=/tmp/1974473.1.medium.q
Shell command: 
        module load vcftools/0.1.16
        vcftools --bcf /home/toriowo/Snakemake_projects/sexfindr-snakemake/snp-based-analyses/results/individual_bcf/DanubeCsikii/Male/Danube_ZFMK-TIS-66629.bcf --SNPdensity 10000 --out /home/toriowo/Snakemake_projects/sexfindr-snakemake/snp-based-analyses/results/snpdensity/DanubeCsikii/Male_Danube_ZFMK-TIS-66629_10k
        
[Wed Jul 16 17:06:03 2025]
localrule calculate_snp_density_female:
    input: /home/toriowo/Snakemake_projects/sexfindr-snakemake/snp-based-analyses/results/individual_bcf/DanubeCsikii/Female/Jagst_ZFMK-TIS-80581.bcf
    output: /home/toriowo/Snakemake_projects/sexfindr-snakemake/snp-based-analyses/results/snpdensity/DanubeCsikii/Female_Jagst_ZFMK-TIS-80581_10k.snpden
    jobid: 16
    reason: Missing output files: /home/toriowo/Snakemake_projects/sexfindr-snakemake/snp-based-analyses/results/snpdensity/DanubeCsikii/Female_Jagst_ZFMK-TIS-80581_10k.snpden
    wildcards: species=DanubeCsikii, sample=Jagst_ZFMK-TIS-80581
    threads: 4
    resources: tmpdir=/tmp/1974473.1.medium.q
Shell command: 
        module load vcftools/0.1.16
        vcftools --bcf /home/toriowo/Snakemake_projects/sexfindr-snakemake/snp-based-analyses/results/individual_bcf/DanubeCsikii/Female/Jagst_ZFMK-TIS-80581.bcf --SNPdensity 10000 --out /home/toriowo/Snakemake_projects/sexfindr-snakemake/snp-based-analyses/results/snpdensity/DanubeCsikii/Female_Jagst_ZFMK-TIS-80581_10k
        
[Wed Jul 16 17:06:03 2025]
localrule calculate_snp_density_male:
    input: /home/toriowo/Snakemake_projects/sexfindr-snakemake/snp-based-analyses/results/individual_bcf/DanubeCsikii/Male/AN42.bcf
    output: /home/toriowo/Snakemake_projects/sexfindr-snakemake/snp-based-analyses/results/snpdensity/DanubeCsikii/Male_AN42_10k.snpden
    jobid: 7
    reason: Missing output files: /home/toriowo/Snakemake_projects/sexfindr-snakemake/snp-based-analyses/results/snpdensity/DanubeCsikii/Male_AN42_10k.snpden
    wildcards: species=DanubeCsikii, sample=AN42
    threads: 4
    resources: tmpdir=/tmp/1974473.1.medium.q
Shell command: 
        module load vcftools/0.1.16
        vcftools --bcf /home/toriowo/Snakemake_projects/sexfindr-snakemake/snp-based-analyses/results/individual_bcf/DanubeCsikii/Male/AN42.bcf --SNPdensity 10000 --out /home/toriowo/Snakemake_projects/sexfindr-snakemake/snp-based-analyses/results/snpdensity/DanubeCsikii/Male_AN42_10k
        
[Wed Jul 16 17:06:03 2025]
localrule calculate_snp_density_male:
    input: /home/toriowo/Snakemake_projects/sexfindr-snakemake/snp-based-analyses/results/individual_bcf/DanubeCsikii/Male/Danube_ZFMK-TIS-66622.bcf
    output: /home/toriowo/Snakemake_projects/sexfindr-snakemake/snp-based-analyses/results/snpdensity/DanubeCsikii/Male_Danube_ZFMK-TIS-66622_10k.snpden
    jobid: 2
    reason: Missing output files: /home/toriowo/Snakemake_projects/sexfindr-snakemake/snp-based-analyses/results/snpdensity/DanubeCsikii/Male_Danube_ZFMK-TIS-66622_10k.snpden
    wildcards: species=DanubeCsikii, sample=Danube_ZFMK-TIS-66622
    threads: 4
    resources: tmpdir=/tmp/1974473.1.medium.q
Shell command: 
        module load vcftools/0.1.16
        vcftools --bcf /home/toriowo/Snakemake_projects/sexfindr-snakemake/snp-based-analyses/results/individual_bcf/DanubeCsikii/Male/Danube_ZFMK-TIS-66622.bcf --SNPdensity 10000 --out /home/toriowo/Snakemake_projects/sexfindr-snakemake/snp-based-analyses/results/snpdensity/DanubeCsikii/Male_Danube_ZFMK-TIS-66622_10k
        
[Wed Jul 16 17:06:03 2025]
localrule calculate_snp_density_female:
    input: /home/toriowo/Snakemake_projects/sexfindr-snakemake/snp-based-analyses/results/individual_bcf/DanubeCsikii/Female/Danube_ZFMK-TIS-66623.bcf
    output: /home/toriowo/Snakemake_projects/sexfindr-snakemake/snp-based-analyses/results/snpdensity/DanubeCsikii/Female_Danube_ZFMK-TIS-66623_10k.snpden
    jobid: 9
    reason: Missing output files: /home/toriowo/Snakemake_projects/sexfindr-snakemake/snp-based-analyses/results/snpdensity/DanubeCsikii/Female_Danube_ZFMK-TIS-66623_10k.snpden
    wildcards: species=DanubeCsikii, sample=Danube_ZFMK-TIS-66623
    threads: 4
    resources: tmpdir=/tmp/1974473.1.medium.q
Shell command: 
        module load vcftools/0.1.16
        vcftools --bcf /home/toriowo/Snakemake_projects/sexfindr-snakemake/snp-based-analyses/results/individual_bcf/DanubeCsikii/Female/Danube_ZFMK-TIS-66623.bcf --SNPdensity 10000 --out /home/toriowo/Snakemake_projects/sexfindr-snakemake/snp-based-analyses/results/snpdensity/DanubeCsikii/Female_Danube_ZFMK-TIS-66623_10k
        
Waiting for running jobs to complete.
Resources before job selection: {'_cores': 2, '_nodes': 9223372036854775800, '_job_count': 100}
Ready jobs: 9
Select jobs to execute...
Selecting jobs to run using greedy solver.
Selected jobs: 0
Resources after job selection: {'_cores': 2, '_nodes': 9223372036854775800, '_job_count': 100}
Waiting for running jobs to complete.
Resources before job selection: {'_cores': 2, '_nodes': 9223372036854775800, '_job_count': 100}
Ready jobs: 9
Selecting jobs to run using greedy solver.
Selected jobs: 0
Resources after job selection: {'_cores': 2, '_nodes': 9223372036854775800, '_job_count': 100}
Waiting for running jobs to complete.
Resources before job selection: {'_cores': 2, '_nodes': 9223372036854775800, '_job_count': 100}
Ready jobs: 9
Selecting jobs to run using greedy solver.
Selected jobs: 0
Resources after job selection: {'_cores': 2, '_nodes': 9223372036854775800, '_job_count': 100}
Waiting for running jobs to complete.
Resources before job selection: {'_cores': 2, '_nodes': 9223372036854775800, '_job_count': 100}
Ready jobs: 9
Selecting jobs to run using greedy solver.
Selected jobs: 0
Resources after job selection: {'_cores': 2, '_nodes': 9223372036854775800, '_job_count': 100}
Waiting for running jobs to complete.
Resources before job selection: {'_cores': 2, '_nodes': 9223372036854775800, '_job_count': 100}
Ready jobs: 9
Selecting jobs to run using greedy solver.
Selected jobs: 0
Resources after job selection: {'_cores': 2, '_nodes': 9223372036854775800, '_job_count': 100}
Waiting for running jobs to complete.
Resources before job selection: {'_cores': 2, '_nodes': 9223372036854775800, '_job_count': 100}
Ready jobs: 9
Selecting jobs to run using greedy solver.
Selected jobs: 0
Resources after job selection: {'_cores': 2, '_nodes': 9223372036854775800, '_job_count': 100}
Waiting for running jobs to complete.
Resources before job selection: {'_cores': 2, '_nodes': 9223372036854775800, '_job_count': 100}
Ready jobs: 9
Selecting jobs to run using greedy solver.
Selected jobs: 0
Resources after job selection: {'_cores': 2, '_nodes': 9223372036854775800, '_job_count': 100}
Waiting for running jobs to complete.
Resources before job selection: {'_cores': 2, '_nodes': 9223372036854775800, '_job_count': 100}
Ready jobs: 9
Selecting jobs to run using greedy solver.
Selected jobs: 0
Resources after job selection: {'_cores': 2, '_nodes': 9223372036854775800, '_job_count': 100}
Waiting for running jobs to complete.
Resources before job selection: {'_cores': 2, '_nodes': 9223372036854775800, '_job_count': 100}
Ready jobs: 9
Selecting jobs to run using greedy solver.
Selected jobs: 0
Resources after job selection: {'_cores': 2, '_nodes': 9223372036854775800, '_job_count': 100}
Waiting for running jobs to complete.
Resources before job selection: {'_cores': 2, '_nodes': 9223372036854775800, '_job_count': 100}
Ready jobs: 9
Selecting jobs to run using greedy solver.
Selected jobs: 0
Resources after job selection: {'_cores': 2, '_nodes': 9223372036854775800, '_job_count': 100}
Waiting for running jobs to complete.
Resources before job selection: {'_cores': 2, '_nodes': 9223372036854775800, '_job_count': 100}
Ready jobs: 9
Selecting jobs to run using greedy solver.
Selected jobs: 0
Resources after job selection: {'_cores': 2, '_nodes': 9223372036854775800, '_job_count': 100}
Waiting for running jobs to complete.
Resources before job selection: {'_cores': 2, '_nodes': 9223372036854775800, '_job_count': 100}
Ready jobs: 9
Selecting jobs to run using greedy solver.
Selected jobs: 0
Resources after job selection: {'_cores': 2, '_nodes': 9223372036854775800, '_job_count': 100}
Waiting for running jobs to complete.
Resources before job selection: {'_cores': 2, '_nodes': 9223372036854775800, '_job_count': 100}
Ready jobs: 9
Selecting jobs to run using greedy solver.
Selected jobs: 0
Resources after job selection: {'_cores': 2, '_nodes': 9223372036854775800, '_job_count': 100}
Waiting for running jobs to complete.
Resources before job selection: {'_cores': 2, '_nodes': 9223372036854775800, '_job_count': 100}
Ready jobs: 9
Selecting jobs to run using greedy solver.
Selected jobs: 0
Resources after job selection: {'_cores': 2, '_nodes': 9223372036854775800, '_job_count': 100}
Waiting for running jobs to complete.
Resources before job selection: {'_cores': 2, '_nodes': 9223372036854775800, '_job_count': 100}
Ready jobs: 9
Selecting jobs to run using greedy solver.
Selected jobs: 0
Resources after job selection: {'_cores': 2, '_nodes': 9223372036854775800, '_job_count': 100}
Waiting for running jobs to complete.
Resources before job selection: {'_cores': 2, '_nodes': 9223372036854775800, '_job_count': 100}
Ready jobs: 9
Selecting jobs to run using greedy solver.
Selected jobs: 0
Resources after job selection: {'_cores': 2, '_nodes': 9223372036854775800, '_job_count': 100}
Waiting for running jobs to complete.
Resources before job selection: {'_cores': 2, '_nodes': 9223372036854775800, '_job_count': 100}
Ready jobs: 9
Selecting jobs to run using greedy solver.
Selected jobs: 0
Resources after job selection: {'_cores': 2, '_nodes': 9223372036854775800, '_job_count': 100}
Waiting for running jobs to complete.
Resources before job selection: {'_cores': 2, '_nodes': 9223372036854775800, '_job_count': 100}
Ready jobs: 9
Selecting jobs to run using greedy solver.
Selected jobs: 0
Resources after job selection: {'_cores': 2, '_nodes': 9223372036854775800, '_job_count': 100}
Waiting for running jobs to complete.
Resources before job selection: {'_cores': 2, '_nodes': 9223372036854775800, '_job_count': 100}
Ready jobs: 9
Selecting jobs to run using greedy solver.
Selected jobs: 0
Resources after job selection: {'_cores': 2, '_nodes': 9223372036854775800, '_job_count': 100}
Waiting for running jobs to complete.
Resources before job selection: {'_cores': 2, '_nodes': 9223372036854775800, '_job_count': 100}
Ready jobs: 9
Selecting jobs to run using greedy solver.
Selected jobs: 0
Resources after job selection: {'_cores': 2, '_nodes': 9223372036854775800, '_job_count': 100}
Waiting for running jobs to complete.
[Wed Jul 16 17:06:49 2025]
Finished jobid: 13 (Rule: calculate_snp_density_female)
1 of 17 steps (6%) done
: False 15
Resources before job selection: {'_cores': 6, '_nodes': 9223372036854775801, '_job_count': 100}
Ready jobs: 9
Selected jobs: 1
Resources after job selection: {'_cores': 2, '_nodes': 9223372036854775800, '_job_count': 100}
Execute 1 jobs...
[Wed Jul 16 17:06:49 2025]
localrule calculate_snp_density_male:
    input: /home/toriowo/Snakemake_projects/sexfindr-snakemake/snp-based-analyses/results/individual_bcf/DanubeCsikii/Male/AN41.bcf
    output: /home/toriowo/Snakemake_projects/sexfindr-snakemake/snp-based-analyses/results/snpdensity/DanubeCsikii/Male_AN41_10k.snpden
    jobid: 4
    reason: Missing output files: /home/toriowo/Snakemake_projects/sexfindr-snakemake/snp-based-analyses/results/snpdensity/DanubeCsikii/Male_AN41_10k.snpden
    wildcards: species=DanubeCsikii, sample=AN41
    threads: 4
    resources: tmpdir=/tmp/1974473.1.medium.q
Shell command: 
        module load vcftools/0.1.16
        vcftools --bcf /home/toriowo/Snakemake_projects/sexfindr-snakemake/snp-based-analyses/results/individual_bcf/DanubeCsikii/Male/AN41.bcf --SNPdensity 10000 --out /home/toriowo/Snakemake_projects/sexfindr-snakemake/snp-based-analyses/results/snpdensity/DanubeCsikii/Male_AN41_10k
        
Waiting for running jobs to complete.
[Wed Jul 16 17:06:49 2025]
Finished jobid: 11 (Rule: calculate_snp_density_female)
2 of 17 steps (12%) done
: False 14
[Wed Jul 16 17:06:49 2025]
Finished jobid: 7 (Rule: calculate_snp_density_male)
3 of 17 steps (18%) done
: False 13
[Wed Jul 16 17:06:49 2025]
Finished jobid: 16 (Rule: calculate_snp_density_female)
4 of 17 steps (24%) done
: False 12
[Wed Jul 16 17:06:49 2025]
Finished jobid: 9 (Rule: calculate_snp_density_female)
5 of 17 steps (29%) done
: False 11
[Wed Jul 16 17:06:49 2025]
Finished jobid: 2 (Rule: calculate_snp_density_male)
6 of 17 steps (35%) done
: False 10
[Wed Jul 16 17:06:49 2025]
Finished jobid: 6 (Rule: calculate_snp_density_male)
7 of 17 steps (41%) done
: False 9
Resources before job selection: {'_cores': 26, '_nodes': 9223372036854775806, '_job_count': 100}
Ready jobs: 8
Select jobs to execute...
Selected jobs: 6
Resources after job selection: {'_cores': 2, '_nodes': 9223372036854775800, '_job_count': 99}
Execute 6 jobs...
[Wed Jul 16 17:06:49 2025]
localrule calculate_snp_density_female:
    input: /home/toriowo/Snakemake_projects/sexfindr-snakemake/snp-based-analyses/results/individual_bcf/DanubeCsikii/Female/AN37.bcf
    output: /home/toriowo/Snakemake_projects/sexfindr-snakemake/snp-based-analyses/results/snpdensity/DanubeCsikii/Female_AN37_10k.snpden
    jobid: 15
    reason: Missing output files: /home/toriowo/Snakemake_projects/sexfindr-snakemake/snp-based-analyses/results/snpdensity/DanubeCsikii/Female_AN37_10k.snpden
    wildcards: species=DanubeCsikii, sample=AN37
    threads: 4
    resources: tmpdir=/tmp/1974473.1.medium.q
Shell command: 
        module load vcftools/0.1.16
        vcftools --bcf /home/toriowo/Snakemake_projects/sexfindr-snakemake/snp-based-analyses/results/individual_bcf/DanubeCsikii/Female/AN37.bcf --SNPdensity 10000 --out /home/toriowo/Snakemake_projects/sexfindr-snakemake/snp-based-analyses/results/snpdensity/DanubeCsikii/Female_AN37_10k
        
[Wed Jul 16 17:06:49 2025]
localrule calculate_snp_density_female:
    input: /home/toriowo/Snakemake_projects/sexfindr-snakemake/snp-based-analyses/results/individual_bcf/DanubeCsikii/Female/AN46.bcf
    output: /home/toriowo/Snakemake_projects/sexfindr-snakemake/snp-based-analyses/results/snpdensity/DanubeCsikii/Female_AN46_10k.snpden
    jobid: 12
    reason: Missing output files: /home/toriowo/Snakemake_projects/sexfindr-snakemake/snp-based-analyses/results/snpdensity/DanubeCsikii/Female_AN46_10k.snpden
    wildcards: species=DanubeCsikii, sample=AN46
    threads: 4
    resources: tmpdir=/tmp/1974473.1.medium.q
Shell command: 
        module load vcftools/0.1.16
        vcftools --bcf /home/toriowo/Snakemake_projects/sexfindr-snakemake/snp-based-analyses/results/individual_bcf/DanubeCsikii/Female/AN46.bcf --SNPdensity 10000 --out /home/toriowo/Snakemake_projects/sexfindr-snakemake/snp-based-analyses/results/snpdensity/DanubeCsikii/Female_AN46_10k
        
[Wed Jul 16 17:06:49 2025]
localrule calculate_snp_density_male:
    input: /home/toriowo/Snakemake_projects/sexfindr-snakemake/snp-based-analyses/results/individual_bcf/DanubeCsikii/Male/Danube_ZFMK-TIS-66619.bcf
    output: /home/toriowo/Snakemake_projects/sexfindr-snakemake/snp-based-analyses/results/snpdensity/DanubeCsikii/Male_Danube_ZFMK-TIS-66619_10k.snpden
    jobid: 1
    reason: Missing output files: /home/toriowo/Snakemake_projects/sexfindr-snakemake/snp-based-analyses/results/snpdensity/DanubeCsikii/Male_Danube_ZFMK-TIS-66619_10k.snpden
    wildcards: species=DanubeCsikii, sample=Danube_ZFMK-TIS-66619
    threads: 4
    resources: tmpdir=/tmp/1974473.1.medium.q
Shell command: 
        module load vcftools/0.1.16
        vcftools --bcf /home/toriowo/Snakemake_projects/sexfindr-snakemake/snp-based-analyses/results/individual_bcf/DanubeCsikii/Male/Danube_ZFMK-TIS-66619.bcf --SNPdensity 10000 --out /home/toriowo/Snakemake_projects/sexfindr-snakemake/snp-based-analyses/results/snpdensity/DanubeCsikii/Male_Danube_ZFMK-TIS-66619_10k
        
[Wed Jul 16 17:06:49 2025]
localrule calculate_snp_density_male:
    input: /home/toriowo/Snakemake_projects/sexfindr-snakemake/snp-based-analyses/results/individual_bcf/DanubeCsikii/Male/Danube_ZFMK-TIS-66628.bcf
    output: /home/toriowo/Snakemake_projects/sexfindr-snakemake/snp-based-analyses/results/snpdensity/DanubeCsikii/Male_Danube_ZFMK-TIS-66628_10k.snpden
    jobid: 8
    reason: Missing output files: /home/toriowo/Snakemake_projects/sexfindr-snakemake/snp-based-analyses/results/snpdensity/DanubeCsikii/Male_Danube_ZFMK-TIS-66628_10k.snpden
    wildcards: species=DanubeCsikii, sample=Danube_ZFMK-TIS-66628
    threads: 4
    resources: tmpdir=/tmp/1974473.1.medium.q
Shell command: 
        module load vcftools/0.1.16
        vcftools --bcf /home/toriowo/Snakemake_projects/sexfindr-snakemake/snp-based-analyses/results/individual_bcf/DanubeCsikii/Male/Danube_ZFMK-TIS-66628.bcf --SNPdensity 10000 --out /home/toriowo/Snakemake_projects/sexfindr-snakemake/snp-based-analyses/results/snpdensity/DanubeCsikii/Male_Danube_ZFMK-TIS-66628_10k
        
[Wed Jul 16 17:06:49 2025]
localrule calculate_snp_density_male:
    input: /home/toriowo/Snakemake_projects/sexfindr-snakemake/snp-based-analyses/results/individual_bcf/DanubeCsikii/Male/Jagst_ZFMK-TIS-80585.bcf
    output: /home/toriowo/Snakemake_projects/sexfindr-snakemake/snp-based-analyses/results/snpdensity/DanubeCsikii/Male_Jagst_ZFMK-TIS-80585_10k.snpden
    jobid: 3
    reason: Missing output files: /home/toriowo/Snakemake_projects/sexfindr-snakemake/snp-based-analyses/results/snpdensity/DanubeCsikii/Male_Jagst_ZFMK-TIS-80585_10k.snpden
    wildcards: species=DanubeCsikii, sample=Jagst_ZFMK-TIS-80585
    threads: 4
    resources: tmpdir=/tmp/1974473.1.medium.q
Shell command: 
        module load vcftools/0.1.16
        vcftools --bcf /home/toriowo/Snakemake_projects/sexfindr-snakemake/snp-based-analyses/results/individual_bcf/DanubeCsikii/Male/Jagst_ZFMK-TIS-80585.bcf --SNPdensity 10000 --out /home/toriowo/Snakemake_projects/sexfindr-snakemake/snp-based-analyses/results/snpdensity/DanubeCsikii/Male_Jagst_ZFMK-TIS-80585_10k
        
[Wed Jul 16 17:06:49 2025]
localrule calculate_snp_density_female:
    input: /home/toriowo/Snakemake_projects/sexfindr-snakemake/snp-based-analyses/results/individual_bcf/DanubeCsikii/Female/Danube_ZFMK-TIS-66626.bcf
    output: /home/toriowo/Snakemake_projects/sexfindr-snakemake/snp-based-analyses/results/snpdensity/DanubeCsikii/Female_Danube_ZFMK-TIS-66626_10k.snpden
    jobid: 10
    reason: Missing output files: /home/toriowo/Snakemake_projects/sexfindr-snakemake/snp-based-analyses/results/snpdensity/DanubeCsikii/Female_Danube_ZFMK-TIS-66626_10k.snpden
    wildcards: species=DanubeCsikii, sample=Danube_ZFMK-TIS-66626
    threads: 4
    resources: tmpdir=/tmp/1974473.1.medium.q
Shell command: 
        module load vcftools/0.1.16
        vcftools --bcf /home/toriowo/Snakemake_projects/sexfindr-snakemake/snp-based-analyses/results/individual_bcf/DanubeCsikii/Female/Danube_ZFMK-TIS-66626.bcf --SNPdensity 10000 --out /home/toriowo/Snakemake_projects/sexfindr-snakemake/snp-based-analyses/results/snpdensity/DanubeCsikii/Female_Danube_ZFMK-TIS-66626_10k
        
Waiting for running jobs to complete.
Resources before job selection: {'_cores': 2, '_nodes': 9223372036854775800, '_job_count': 99}
Ready jobs: 2
Select jobs to execute...
Selecting jobs to run using greedy solver.
Selected jobs: 0
Resources after job selection: {'_cores': 2, '_nodes': 9223372036854775800, '_job_count': 93}
Waiting for running jobs to complete.
Resources before job selection: {'_cores': 2, '_nodes': 9223372036854775800, '_job_count': 93}
Ready jobs: 2
Selecting jobs to run using greedy solver.
Selected jobs: 0
Resources after job selection: {'_cores': 2, '_nodes': 9223372036854775800, '_job_count': 93}
Waiting for running jobs to complete.
Resources before job selection: {'_cores': 2, '_nodes': 9223372036854775800, '_job_count': 93}
Ready jobs: 2
Selecting jobs to run using greedy solver.
Selected jobs: 0
Resources after job selection: {'_cores': 2, '_nodes': 9223372036854775800, '_job_count': 93}
Waiting for running jobs to complete.
Resources before job selection: {'_cores': 2, '_nodes': 9223372036854775800, '_job_count': 93}
Ready jobs: 2
Selecting jobs to run using greedy solver.
Selected jobs: 0
Resources after job selection: {'_cores': 2, '_nodes': 9223372036854775800, '_job_count': 93}
Waiting for running jobs to complete.
Resources before job selection: {'_cores': 2, '_nodes': 9223372036854775800, '_job_count': 93}
Ready jobs: 2
Selecting jobs to run using greedy solver.
Selected jobs: 0
Resources after job selection: {'_cores': 2, '_nodes': 9223372036854775800, '_job_count': 93}
Waiting for running jobs to complete.
Resources before job selection: {'_cores': 2, '_nodes': 9223372036854775800, '_job_count': 93}
Ready jobs: 2
Selecting jobs to run using greedy solver.
Selected jobs: 0
Resources after job selection: {'_cores': 2, '_nodes': 9223372036854775800, '_job_count': 93}
Waiting for running jobs to complete.
Resources before job selection: {'_cores': 2, '_nodes': 9223372036854775800, '_job_count': 93}
Ready jobs: 2
Selecting jobs to run using greedy solver.
Selected jobs: 0
Resources after job selection: {'_cores': 2, '_nodes': 9223372036854775800, '_job_count': 94}
Waiting for running jobs to complete.
Resources before job selection: {'_cores': 2, '_nodes': 9223372036854775800, '_job_count': 94}
Ready jobs: 2
Selecting jobs to run using greedy solver.
Selected jobs: 0
Resources after job selection: {'_cores': 2, '_nodes': 9223372036854775800, '_job_count': 100}
Waiting for running jobs to complete.
Resources before job selection: {'_cores': 2, '_nodes': 9223372036854775800, '_job_count': 100}
Ready jobs: 2
Selecting jobs to run using greedy solver.
Selected jobs: 0
Resources after job selection: {'_cores': 2, '_nodes': 9223372036854775800, '_job_count': 100}
Waiting for running jobs to complete.
Resources before job selection: {'_cores': 2, '_nodes': 9223372036854775800, '_job_count': 100}
Ready jobs: 2
Selecting jobs to run using greedy solver.
Selected jobs: 0
Resources after job selection: {'_cores': 2, '_nodes': 9223372036854775800, '_job_count': 100}
Waiting for running jobs to complete.
Resources before job selection: {'_cores': 2, '_nodes': 9223372036854775800, '_job_count': 100}
Ready jobs: 2
Selecting jobs to run using greedy solver.
Selected jobs: 0
Resources after job selection: {'_cores': 2, '_nodes': 9223372036854775800, '_job_count': 100}
Waiting for running jobs to complete.
Resources before job selection: {'_cores': 2, '_nodes': 9223372036854775800, '_job_count': 100}
Ready jobs: 2
Selecting jobs to run using greedy solver.
Selected jobs: 0
Resources after job selection: {'_cores': 2, '_nodes': 9223372036854775800, '_job_count': 100}
Waiting for running jobs to complete.
Resources before job selection: {'_cores': 2, '_nodes': 9223372036854775800, '_job_count': 100}
Ready jobs: 2
Selecting jobs to run using greedy solver.
Selected jobs: 0
Resources after job selection: {'_cores': 2, '_nodes': 9223372036854775800, '_job_count': 100}
Waiting for running jobs to complete.
Resources before job selection: {'_cores': 2, '_nodes': 9223372036854775800, '_job_count': 100}
Ready jobs: 2
Selecting jobs to run using greedy solver.
Selected jobs: 0
Resources after job selection: {'_cores': 2, '_nodes': 9223372036854775800, '_job_count': 100}
Waiting for running jobs to complete.
Resources before job selection: {'_cores': 2, '_nodes': 9223372036854775800, '_job_count': 100}
Ready jobs: 2
Selecting jobs to run using greedy solver.
Selected jobs: 0
Resources after job selection: {'_cores': 2, '_nodes': 9223372036854775800, '_job_count': 100}
Waiting for running jobs to complete.
Resources before job selection: {'_cores': 2, '_nodes': 9223372036854775800, '_job_count': 100}
Ready jobs: 2
Selecting jobs to run using greedy solver.
Selected jobs: 0
Resources after job selection: {'_cores': 2, '_nodes': 9223372036854775800, '_job_count': 100}
Waiting for running jobs to complete.
Resources before job selection: {'_cores': 2, '_nodes': 9223372036854775800, '_job_count': 100}
Ready jobs: 2
Selecting jobs to run using greedy solver.
Selected jobs: 0
Resources after job selection: {'_cores': 2, '_nodes': 9223372036854775800, '_job_count': 100}
Waiting for running jobs to complete.
Resources before job selection: {'_cores': 2, '_nodes': 9223372036854775800, '_job_count': 100}
Ready jobs: 2
Selecting jobs to run using greedy solver.
Selected jobs: 0
Resources after job selection: {'_cores': 2, '_nodes': 9223372036854775800, '_job_count': 100}
Waiting for running jobs to complete.
Resources before job selection: {'_cores': 2, '_nodes': 9223372036854775800, '_job_count': 100}
Ready jobs: 2
Selecting jobs to run using greedy solver.
Selected jobs: 0
Resources after job selection: {'_cores': 2, '_nodes': 9223372036854775800, '_job_count': 100}
Waiting for running jobs to complete.
Resources before job selection: {'_cores': 2, '_nodes': 9223372036854775800, '_job_count': 100}
Ready jobs: 2
Selecting jobs to run using greedy solver.
Selected jobs: 0
Resources after job selection: {'_cores': 2, '_nodes': 9223372036854775800, '_job_count': 100}
Waiting for running jobs to complete.
Resources before job selection: {'_cores': 2, '_nodes': 9223372036854775800, '_job_count': 100}
Ready jobs: 2
Selecting jobs to run using greedy solver.
Selected jobs: 0
Resources after job selection: {'_cores': 2, '_nodes': 9223372036854775800, '_job_count': 100}
Waiting for running jobs to complete.
Resources before job selection: {'_cores': 2, '_nodes': 9223372036854775800, '_job_count': 100}
Ready jobs: 2
Selecting jobs to run using greedy solver.
Selected jobs: 0
Resources after job selection: {'_cores': 2, '_nodes': 9223372036854775800, '_job_count': 100}
Waiting for running jobs to complete.
Resources before job selection: {'_cores': 2, '_nodes': 9223372036854775800, '_job_count': 100}
Ready jobs: 2
Selecting jobs to run using greedy solver.
Selected jobs: 0
Resources after job selection: {'_cores': 2, '_nodes': 9223372036854775800, '_job_count': 100}
Waiting for running jobs to complete.
Resources before job selection: {'_cores': 2, '_nodes': 9223372036854775800, '_job_count': 100}
Ready jobs: 2
Selecting jobs to run using greedy solver.
Selected jobs: 0
Resources after job selection: {'_cores': 2, '_nodes': 9223372036854775800, '_job_count': 100}
Waiting for running jobs to complete.
Resources before job selection: {'_cores': 2, '_nodes': 9223372036854775800, '_job_count': 100}
Ready jobs: 2
Selecting jobs to run using greedy solver.
Selected jobs: 0
Resources after job selection: {'_cores': 2, '_nodes': 9223372036854775800, '_job_count': 100}
Waiting for running jobs to complete.
Resources before job selection: {'_cores': 2, '_nodes': 9223372036854775800, '_job_count': 100}
Ready jobs: 2
Selecting jobs to run using greedy solver.
Selected jobs: 0
Resources after job selection: {'_cores': 2, '_nodes': 9223372036854775800, '_job_count': 100}
Waiting for running jobs to complete.
Resources before job selection: {'_cores': 2, '_nodes': 9223372036854775800, '_job_count': 100}
Ready jobs: 2
Selecting jobs to run using greedy solver.
Selected jobs: 0
Resources after job selection: {'_cores': 2, '_nodes': 9223372036854775800, '_job_count': 100}
Waiting for running jobs to complete.
Resources before job selection: {'_cores': 2, '_nodes': 9223372036854775800, '_job_count': 100}
Ready jobs: 2
Selecting jobs to run using greedy solver.
Selected jobs: 0
Resources after job selection: {'_cores': 2, '_nodes': 9223372036854775800, '_job_count': 100}
Waiting for running jobs to complete.
Resources before job selection: {'_cores': 2, '_nodes': 9223372036854775800, '_job_count': 100}
Ready jobs: 2
Selecting jobs to run using greedy solver.
Selected jobs: 0
Resources after job selection: {'_cores': 2, '_nodes': 9223372036854775800, '_job_count': 100}
Waiting for running jobs to complete.
Resources before job selection: {'_cores': 2, '_nodes': 9223372036854775800, '_job_count': 100}
Ready jobs: 2
Selecting jobs to run using greedy solver.
Selected jobs: 0
Resources after job selection: {'_cores': 2, '_nodes': 9223372036854775800, '_job_count': 100}
Waiting for running jobs to complete.
Resources before job selection: {'_cores': 2, '_nodes': 9223372036854775800, '_job_count': 100}
Ready jobs: 2
Selecting jobs to run using greedy solver.
Selected jobs: 0
Resources after job selection: {'_cores': 2, '_nodes': 9223372036854775800, '_job_count': 100}
Waiting for running jobs to complete.
Resources before job selection: {'_cores': 2, '_nodes': 9223372036854775800, '_job_count': 100}
Ready jobs: 2
Selecting jobs to run using greedy solver.
Selected jobs: 0
Resources after job selection: {'_cores': 2, '_nodes': 9223372036854775800, '_job_count': 100}
Waiting for running jobs to complete.
Resources before job selection: {'_cores': 2, '_nodes': 9223372036854775800, '_job_count': 100}
Ready jobs: 2
Selecting jobs to run using greedy solver.
Selected jobs: 0
Resources after job selection: {'_cores': 2, '_nodes': 9223372036854775800, '_job_count': 100}
Waiting for running jobs to complete.
Resources before job selection: {'_cores': 2, '_nodes': 9223372036854775800, '_job_count': 100}
Ready jobs: 2
Selecting jobs to run using greedy solver.
Selected jobs: 0
Resources after job selection: {'_cores': 2, '_nodes': 9223372036854775800, '_job_count': 100}
Waiting for running jobs to complete.
Resources before job selection: {'_cores': 2, '_nodes': 9223372036854775800, '_job_count': 100}
Ready jobs: 2
Selecting jobs to run using greedy solver.
Selected jobs: 0
Resources after job selection: {'_cores': 2, '_nodes': 9223372036854775800, '_job_count': 100}
Waiting for running jobs to complete.
Resources before job selection: {'_cores': 2, '_nodes': 9223372036854775800, '_job_count': 100}
Ready jobs: 2
Selecting jobs to run using greedy solver.
Selected jobs: 0
Resources after job selection: {'_cores': 2, '_nodes': 9223372036854775800, '_job_count': 100}
Waiting for running jobs to complete.
Resources before job selection: {'_cores': 2, '_nodes': 9223372036854775800, '_job_count': 100}
Ready jobs: 2
Selecting jobs to run using greedy solver.
Selected jobs: 0
Resources after job selection: {'_cores': 2, '_nodes': 9223372036854775800, '_job_count': 100}
Waiting for running jobs to complete.
Resources before job selection: {'_cores': 2, '_nodes': 9223372036854775800, '_job_count': 100}
Ready jobs: 2
Selecting jobs to run using greedy solver.
Selected jobs: 0
Resources after job selection: {'_cores': 2, '_nodes': 9223372036854775800, '_job_count': 100}
Waiting for running jobs to complete.
Resources before job selection: {'_cores': 2, '_nodes': 9223372036854775800, '_job_count': 100}
Ready jobs: 2
Selecting jobs to run using greedy solver.
Selected jobs: 0
Resources after job selection: {'_cores': 2, '_nodes': 9223372036854775800, '_job_count': 100}
Waiting for running jobs to complete.
Resources before job selection: {'_cores': 2, '_nodes': 9223372036854775800, '_job_count': 100}
Ready jobs: 2
Selecting jobs to run using greedy solver.
Selected jobs: 0
Resources after job selection: {'_cores': 2, '_nodes': 9223372036854775800, '_job_count': 100}
Waiting for running jobs to complete.
Resources before job selection: {'_cores': 2, '_nodes': 9223372036854775800, '_job_count': 100}
Ready jobs: 2
Selecting jobs to run using greedy solver.
Selected jobs: 0
Resources after job selection: {'_cores': 2, '_nodes': 9223372036854775800, '_job_count': 100}
Waiting for running jobs to complete.
Resources before job selection: {'_cores': 2, '_nodes': 9223372036854775800, '_job_count': 100}
Ready jobs: 2
Selecting jobs to run using greedy solver.
Selected jobs: 0
Resources after job selection: {'_cores': 2, '_nodes': 9223372036854775800, '_job_count': 100}
Waiting for running jobs to complete.
Resources before job selection: {'_cores': 2, '_nodes': 9223372036854775800, '_job_count': 100}
Ready jobs: 2
Selecting jobs to run using greedy solver.
Selected jobs: 0
Resources after job selection: {'_cores': 2, '_nodes': 9223372036854775800, '_job_count': 100}
Waiting for running jobs to complete.
Resources before job selection: {'_cores': 2, '_nodes': 9223372036854775800, '_job_count': 100}
Ready jobs: 2
Selecting jobs to run using greedy solver.
Selected jobs: 0
Resources after job selection: {'_cores': 2, '_nodes': 9223372036854775800, '_job_count': 100}
Waiting for running jobs to complete.
Resources before job selection: {'_cores': 2, '_nodes': 9223372036854775800, '_job_count': 100}
Ready jobs: 2
Selecting jobs to run using greedy solver.
Selected jobs: 0
Resources after job selection: {'_cores': 2, '_nodes': 9223372036854775800, '_job_count': 100}
Waiting for running jobs to complete.
Resources before job selection: {'_cores': 2, '_nodes': 9223372036854775800, '_job_count': 100}
Ready jobs: 2
Selecting jobs to run using greedy solver.
Selected jobs: 0
Resources after job selection: {'_cores': 2, '_nodes': 9223372036854775800, '_job_count': 100}
Waiting for running jobs to complete.
Resources before job selection: {'_cores': 2, '_nodes': 9223372036854775800, '_job_count': 100}
Ready jobs: 2
Selecting jobs to run using greedy solver.
Selected jobs: 0
Resources after job selection: {'_cores': 2, '_nodes': 9223372036854775800, '_job_count': 100}
Waiting for running jobs to complete.
Resources before job selection: {'_cores': 2, '_nodes': 9223372036854775800, '_job_count': 100}
Ready jobs: 2
Selecting jobs to run using greedy solver.
Selected jobs: 0
Resources after job selection: {'_cores': 2, '_nodes': 9223372036854775800, '_job_count': 100}
Waiting for running jobs to complete.
Resources before job selection: {'_cores': 2, '_nodes': 9223372036854775800, '_job_count': 100}
Ready jobs: 2
Selecting jobs to run using greedy solver.
Selected jobs: 0
Resources after job selection: {'_cores': 2, '_nodes': 9223372036854775800, '_job_count': 100}
Waiting for running jobs to complete.
Resources before job selection: {'_cores': 2, '_nodes': 9223372036854775800, '_job_count': 100}
Ready jobs: 2
Selecting jobs to run using greedy solver.
Selected jobs: 0
Resources after job selection: {'_cores': 2, '_nodes': 9223372036854775800, '_job_count': 100}
Waiting for running jobs to complete.
Resources before job selection: {'_cores': 2, '_nodes': 9223372036854775800, '_job_count': 100}
Ready jobs: 2
Selecting jobs to run using greedy solver.
Selected jobs: 0
Resources after job selection: {'_cores': 2, '_nodes': 9223372036854775800, '_job_count': 100}
Waiting for running jobs to complete.
Resources before job selection: {'_cores': 2, '_nodes': 9223372036854775800, '_job_count': 100}
Ready jobs: 2
Selecting jobs to run using greedy solver.
Selected jobs: 0
Resources after job selection: {'_cores': 2, '_nodes': 9223372036854775800, '_job_count': 100}
Waiting for running jobs to complete.
Resources before job selection: {'_cores': 2, '_nodes': 9223372036854775800, '_job_count': 100}
Ready jobs: 2
Selecting jobs to run using greedy solver.
Selected jobs: 0
Resources after job selection: {'_cores': 2, '_nodes': 9223372036854775800, '_job_count': 100}
Waiting for running jobs to complete.
Resources before job selection: {'_cores': 2, '_nodes': 9223372036854775800, '_job_count': 100}
Ready jobs: 2
Selecting jobs to run using greedy solver.
Selected jobs: 0
Resources after job selection: {'_cores': 2, '_nodes': 9223372036854775800, '_job_count': 100}
Waiting for running jobs to complete.
Resources before job selection: {'_cores': 2, '_nodes': 9223372036854775800, '_job_count': 100}
Ready jobs: 2
Selecting jobs to run using greedy solver.
Selected jobs: 0
Resources after job selection: {'_cores': 2, '_nodes': 9223372036854775800, '_job_count': 100}
Waiting for running jobs to complete.
Resources before job selection: {'_cores': 2, '_nodes': 9223372036854775800, '_job_count': 100}
Ready jobs: 2
Selecting jobs to run using greedy solver.
Selected jobs: 0
Resources after job selection: {'_cores': 2, '_nodes': 9223372036854775800, '_job_count': 100}
Waiting for running jobs to complete.
Resources before job selection: {'_cores': 2, '_nodes': 9223372036854775800, '_job_count': 100}
Ready jobs: 2
Selecting jobs to run using greedy solver.
Selected jobs: 0
Resources after job selection: {'_cores': 2, '_nodes': 9223372036854775800, '_job_count': 100}
Waiting for running jobs to complete.
Resources before job selection: {'_cores': 2, '_nodes': 9223372036854775800, '_job_count': 100}
Ready jobs: 2
Selecting jobs to run using greedy solver.
Selected jobs: 0
Resources after job selection: {'_cores': 2, '_nodes': 9223372036854775800, '_job_count': 100}
Waiting for running jobs to complete.
Resources before job selection: {'_cores': 2, '_nodes': 9223372036854775800, '_job_count': 100}
Ready jobs: 2
Selecting jobs to run using greedy solver.
Selected jobs: 0
Resources after job selection: {'_cores': 2, '_nodes': 9223372036854775800, '_job_count': 100}
Waiting for running jobs to complete.
Resources before job selection: {'_cores': 2, '_nodes': 9223372036854775800, '_job_count': 100}
Ready jobs: 2
Selecting jobs to run using greedy solver.
Selected jobs: 0
Resources after job selection: {'_cores': 2, '_nodes': 9223372036854775800, '_job_count': 100}
Waiting for running jobs to complete.
Resources before job selection: {'_cores': 2, '_nodes': 9223372036854775800, '_job_count': 100}
Ready jobs: 2
Selecting jobs to run using greedy solver.
Selected jobs: 0
Resources after job selection: {'_cores': 2, '_nodes': 9223372036854775800, '_job_count': 100}
Waiting for running jobs to complete.
Resources before job selection: {'_cores': 2, '_nodes': 9223372036854775800, '_job_count': 100}
Ready jobs: 2
Selecting jobs to run using greedy solver.
Selected jobs: 0
Resources after job selection: {'_cores': 2, '_nodes': 9223372036854775800, '_job_count': 100}
Waiting for running jobs to complete.
Resources before job selection: {'_cores': 2, '_nodes': 9223372036854775800, '_job_count': 100}
Ready jobs: 2
Selecting jobs to run using greedy solver.
Selected jobs: 0
Resources after job selection: {'_cores': 2, '_nodes': 9223372036854775800, '_job_count': 100}
Waiting for running jobs to complete.
Resources before job selection: {'_cores': 2, '_nodes': 9223372036854775800, '_job_count': 100}
Ready jobs: 2
Selecting jobs to run using greedy solver.
Selected jobs: 0
Resources after job selection: {'_cores': 2, '_nodes': 9223372036854775800, '_job_count': 100}
Waiting for running jobs to complete.
Resources before job selection: {'_cores': 2, '_nodes': 9223372036854775800, '_job_count': 100}
Ready jobs: 2
Selecting jobs to run using greedy solver.
Selected jobs: 0
Resources after job selection: {'_cores': 2, '_nodes': 9223372036854775800, '_job_count': 100}
Waiting for running jobs to complete.
Resources before job selection: {'_cores': 2, '_nodes': 9223372036854775800, '_job_count': 100}
Ready jobs: 2
Selecting jobs to run using greedy solver.
Selected jobs: 0
Resources after job selection: {'_cores': 2, '_nodes': 9223372036854775800, '_job_count': 100}
Waiting for running jobs to complete.
Resources before job selection: {'_cores': 2, '_nodes': 9223372036854775800, '_job_count': 100}
Ready jobs: 2
Selecting jobs to run using greedy solver.
Selected jobs: 0
Resources after job selection: {'_cores': 2, '_nodes': 9223372036854775800, '_job_count': 100}
Waiting for running jobs to complete.
Resources before job selection: {'_cores': 2, '_nodes': 9223372036854775800, '_job_count': 100}
Ready jobs: 2
Selecting jobs to run using greedy solver.
Selected jobs: 0
Resources after job selection: {'_cores': 2, '_nodes': 9223372036854775800, '_job_count': 100}
Waiting for running jobs to complete.
Resources before job selection: {'_cores': 2, '_nodes': 9223372036854775800, '_job_count': 100}
Ready jobs: 2
Selecting jobs to run using greedy solver.
Selected jobs: 0
Resources after job selection: {'_cores': 2, '_nodes': 9223372036854775800, '_job_count': 100}
Waiting for running jobs to complete.
Resources before job selection: {'_cores': 2, '_nodes': 9223372036854775800, '_job_count': 100}
Ready jobs: 2
Selecting jobs to run using greedy solver.
Selected jobs: 0
Resources after job selection: {'_cores': 2, '_nodes': 9223372036854775800, '_job_count': 100}
Waiting for running jobs to complete.
[Wed Jul 16 17:07:32 2025]
Finished jobid: 4 (Rule: calculate_snp_density_male)
8 of 17 steps (47%) done
: False 8
Resources before job selection: {'_cores': 6, '_nodes': 9223372036854775801, '_job_count': 100}
Ready jobs: 2
Selected jobs: 1
Resources after job selection: {'_cores': 2, '_nodes': 9223372036854775800, '_job_count': 100}
Execute 1 jobs...
[Wed Jul 16 17:07:32 2025]
localrule calculate_snp_density_male:
    input: /home/toriowo/Snakemake_projects/sexfindr-snakemake/snp-based-analyses/results/individual_bcf/DanubeCsikii/Male/AN39.bcf
    output: /home/toriowo/Snakemake_projects/sexfindr-snakemake/snp-based-analyses/results/snpdensity/DanubeCsikii/Male_AN39_10k.snpden
    jobid: 5
    reason: Missing output files: /home/toriowo/Snakemake_projects/sexfindr-snakemake/snp-based-analyses/results/snpdensity/DanubeCsikii/Male_AN39_10k.snpden
    wildcards: species=DanubeCsikii, sample=AN39
    threads: 4
    resources: tmpdir=/tmp/1974473.1.medium.q
Shell command: 
        module load vcftools/0.1.16
        vcftools --bcf /home/toriowo/Snakemake_projects/sexfindr-snakemake/snp-based-analyses/results/individual_bcf/DanubeCsikii/Male/AN39.bcf --SNPdensity 10000 --out /home/toriowo/Snakemake_projects/sexfindr-snakemake/snp-based-analyses/results/snpdensity/DanubeCsikii/Male_AN39_10k
        
Waiting for running jobs to complete.
Resources before job selection: {'_cores': 2, '_nodes': 9223372036854775800, '_job_count': 100}
Ready jobs: 1
Select jobs to execute...
Selecting jobs to run using greedy solver.
Selected jobs: 0
Resources after job selection: {'_cores': 2, '_nodes': 9223372036854775800, '_job_count': 99}
Waiting for running jobs to complete.
Resources before job selection: {'_cores': 2, '_nodes': 9223372036854775800, '_job_count': 99}
Ready jobs: 1
Selecting jobs to run using greedy solver.
Selected jobs: 0
Resources after job selection: {'_cores': 2, '_nodes': 9223372036854775800, '_job_count': 99}
Waiting for running jobs to complete.
Resources before job selection: {'_cores': 2, '_nodes': 9223372036854775800, '_job_count': 99}
Ready jobs: 1
Selecting jobs to run using greedy solver.
Selected jobs: 0
Resources after job selection: {'_cores': 2, '_nodes': 9223372036854775800, '_job_count': 99}
Waiting for running jobs to complete.
[Wed Jul 16 17:07:32 2025]
Finished jobid: 3 (Rule: calculate_snp_density_male)
9 of 17 steps (53%) done
: False 7
Resources before job selection: {'_cores': 6, '_nodes': 9223372036854775801, '_job_count': 99}
Ready jobs: 1
Selecting jobs to run using greedy solver.
Selected jobs: 1
Resources after job selection: {'_cores': 2, '_nodes': 9223372036854775800, '_job_count': 99}
Execute 1 jobs...
[Wed Jul 16 17:07:32 2025]
localrule calculate_snp_density_female:
    input: /home/toriowo/Snakemake_projects/sexfindr-snakemake/snp-based-analyses/results/individual_bcf/DanubeCsikii/Female/Danube_ZFMK-TIS-66620.bcf
    output: /home/toriowo/Snakemake_projects/sexfindr-snakemake/snp-based-analyses/results/snpdensity/DanubeCsikii/Female_Danube_ZFMK-TIS-66620_10k.snpden
    jobid: 14
    reason: Missing output files: /home/toriowo/Snakemake_projects/sexfindr-snakemake/snp-based-analyses/results/snpdensity/DanubeCsikii/Female_Danube_ZFMK-TIS-66620_10k.snpden
    wildcards: species=DanubeCsikii, sample=Danube_ZFMK-TIS-66620
    threads: 4
    resources: tmpdir=/tmp/1974473.1.medium.q
Shell command: 
        module load vcftools/0.1.16
        vcftools --bcf /home/toriowo/Snakemake_projects/sexfindr-snakemake/snp-based-analyses/results/individual_bcf/DanubeCsikii/Female/Danube_ZFMK-TIS-66620.bcf --SNPdensity 10000 --out /home/toriowo/Snakemake_projects/sexfindr-snakemake/snp-based-analyses/results/snpdensity/DanubeCsikii/Female_Danube_ZFMK-TIS-66620_10k
        
Waiting for running jobs to complete.
[Wed Jul 16 17:07:33 2025]
Finished jobid: 15 (Rule: calculate_snp_density_female)
10 of 17 steps (59%) done
: False 6
[Wed Jul 16 17:07:33 2025]
Finished jobid: 12 (Rule: calculate_snp_density_female)
11 of 17 steps (65%) done
: False 5
[Wed Jul 16 17:07:33 2025]
Finished jobid: 1 (Rule: calculate_snp_density_male)
12 of 17 steps (71%) done
: False 4
[Wed Jul 16 17:07:33 2025]
Finished jobid: 10 (Rule: calculate_snp_density_female)
13 of 17 steps (76%) done
: False 3
[Wed Jul 16 17:07:33 2025]
Finished jobid: 8 (Rule: calculate_snp_density_male)
14 of 17 steps (82%) done
: False 2
[Wed Jul 16 17:08:16 2025]
Finished jobid: 5 (Rule: calculate_snp_density_male)
15 of 17 steps (88%) done
: False 1
[Wed Jul 16 17:08:17 2025]
Finished jobid: 14 (Rule: calculate_snp_density_female)
16 of 17 steps (94%) done
: True 0
Resources before job selection: {'_cores': 30, '_nodes': 9223372036854775807, '_job_count': 99}
Ready jobs: 1
Select jobs to execute...
Selecting jobs to run using greedy solver.
Selected jobs: 1
Resources after job selection: {'_cores': 29, '_nodes': 9223372036854775806, '_job_count': 100}
Execute 1 jobs...
[Wed Jul 16 17:08:17 2025]
localrule all:
    input: /home/toriowo/Snakemake_projects/sexfindr-snakemake/snp-based-analyses/results/snpdensity/DanubeCsikii/Male_Danube_ZFMK-TIS-66619_10k.snpden, /home/toriowo/Snakemake_projects/sexfindr-snakemake/snp-based-analyses/results/snpdensity/DanubeCsikii/Male_Danube_ZFMK-TIS-66622_10k.snpden, /home/toriowo/Snakemake_projects/sexfindr-snakemake/snp-based-analyses/results/snpdensity/DanubeCsikii/Male_Jagst_ZFMK-TIS-80585_10k.snpden, /home/toriowo/Snakemake_projects/sexfindr-snakemake/snp-based-analyses/results/snpdensity/DanubeCsikii/Male_AN41_10k.snpden, /home/toriowo/Snakemake_projects/sexfindr-snakemake/snp-based-analyses/results/snpdensity/DanubeCsikii/Male_AN39_10k.snpden, /home/toriowo/Snakemake_projects/sexfindr-snakemake/snp-based-analyses/results/snpdensity/DanubeCsikii/Male_Danube_ZFMK-TIS-66629_10k.snpden, /home/toriowo/Snakemake_projects/sexfindr-snakemake/snp-based-analyses/results/snpdensity/DanubeCsikii/Male_AN42_10k.snpden, /home/toriowo/Snakemake_projects/sexfindr-snakemake/snp-based-analyses/results/snpdensity/DanubeCsikii/Male_Danube_ZFMK-TIS-66628_10k.snpden, /home/toriowo/Snakemake_projects/sexfindr-snakemake/snp-based-analyses/results/snpdensity/DanubeCsikii/Female_Danube_ZFMK-TIS-66623_10k.snpden, /home/toriowo/Snakemake_projects/sexfindr-snakemake/snp-based-analyses/results/snpdensity/DanubeCsikii/Female_Danube_ZFMK-TIS-66626_10k.snpden, /home/toriowo/Snakemake_projects/sexfindr-snakemake/snp-based-analyses/results/snpdensity/DanubeCsikii/Female_Danube_ZFMK-TIS-66624_10k.snpden, /home/toriowo/Snakemake_projects/sexfindr-snakemake/snp-based-analyses/results/snpdensity/DanubeCsikii/Female_AN46_10k.snpden, /home/toriowo/Snakemake_projects/sexfindr-snakemake/snp-based-analyses/results/snpdensity/DanubeCsikii/Female_AN45_10k.snpden, /home/toriowo/Snakemake_projects/sexfindr-snakemake/snp-based-analyses/results/snpdensity/DanubeCsikii/Female_Danube_ZFMK-TIS-66620_10k.snpden, /home/toriowo/Snakemake_projects/sexfindr-snakemake/snp-based-analyses/results/snpdensity/DanubeCsikii/Female_AN37_10k.snpden, /home/toriowo/Snakemake_projects/sexfindr-snakemake/snp-based-analyses/results/snpdensity/DanubeCsikii/Female_Jagst_ZFMK-TIS-80581_10k.snpden
    jobid: 0
    reason: Input files updated by another job: /home/toriowo/Snakemake_projects/sexfindr-snakemake/snp-based-analyses/results/snpdensity/DanubeCsikii/Male_Danube_ZFMK-TIS-66628_10k.snpden, /home/toriowo/Snakemake_projects/sexfindr-snakemake/snp-based-analyses/results/snpdensity/DanubeCsikii/Male_AN42_10k.snpden, /home/toriowo/Snakemake_projects/sexfindr-snakemake/snp-based-analyses/results/snpdensity/DanubeCsikii/Female_AN37_10k.snpden, /home/toriowo/Snakemake_projects/sexfindr-snakemake/snp-based-analyses/results/snpdensity/DanubeCsikii/Female_Danube_ZFMK-TIS-66620_10k.snpden, /home/toriowo/Snakemake_projects/sexfindr-snakemake/snp-based-analyses/results/snpdensity/DanubeCsikii/Female_AN46_10k.snpden, /home/toriowo/Snakemake_projects/sexfindr-snakemake/snp-based-analyses/results/snpdensity/DanubeCsikii/Male_Jagst_ZFMK-TIS-80585_10k.snpden, /home/toriowo/Snakemake_projects/sexfindr-snakemake/snp-based-analyses/results/snpdensity/DanubeCsikii/Male_Danube_ZFMK-TIS-66629_10k.snpden, /home/toriowo/Snakemake_projects/sexfindr-snakemake/snp-based-analyses/results/snpdensity/DanubeCsikii/Female_Jagst_ZFMK-TIS-80581_10k.snpden, /home/toriowo/Snakemake_projects/sexfindr-snakemake/snp-based-analyses/results/snpdensity/DanubeCsikii/Female_AN45_10k.snpden, /home/toriowo/Snakemake_projects/sexfindr-snakemake/snp-based-analyses/results/snpdensity/DanubeCsikii/Male_AN41_10k.snpden, /home/toriowo/Snakemake_projects/sexfindr-snakemake/snp-based-analyses/results/snpdensity/DanubeCsikii/Female_Danube_ZFMK-TIS-66623_10k.snpden, /home/toriowo/Snakemake_projects/sexfindr-snakemake/snp-based-analyses/results/snpdensity/DanubeCsikii/Female_Danube_ZFMK-TIS-66626_10k.snpden, /home/toriowo/Snakemake_projects/sexfindr-snakemake/snp-based-analyses/results/snpdensity/DanubeCsikii/Female_Danube_ZFMK-TIS-66624_10k.snpden, /home/toriowo/Snakemake_projects/sexfindr-snakemake/snp-based-analyses/results/snpdensity/DanubeCsikii/Male_Danube_ZFMK-TIS-66619_10k.snpden, /home/toriowo/Snakemake_projects/sexfindr-snakemake/snp-based-analyses/results/snpdensity/DanubeCsikii/Male_Danube_ZFMK-TIS-66622_10k.snpden, /home/toriowo/Snakemake_projects/sexfindr-snakemake/snp-based-analyses/results/snpdensity/DanubeCsikii/Male_AN39_10k.snpden
    resources: tmpdir=/tmp/1974473.1.medium.q
Shell command: None
Waiting for running jobs to complete.
[Wed Jul 16 17:08:17 2025]
Finished jobid: 0 (Rule: all)
17 of 17 steps (100%) done
Complete log(s): /home/toriowo/Snakemake_projects/sexfindr-snakemake/snp-based-analyses/.snakemake/log/2025-07-16T170603.671364.snakemake.log
unlocking
removing lock
removing lock
removed all locks
